 *******************************************************************************
 ** FRANK J. SEILER RES. LAB., U.S. AIR FORCE ACADEMY, COLO. SPGS., CO. 80840 **
 *******************************************************************************

                                 AM1 CALCULATION RESULTS


 *******************************************************************************
 *          MOPAC:  VERSION  6.00               CALC'D. Wed Oct 14 13:35:23 2020
 *
 *
 *
 *                 CHARGE ON SYSTEM = -1
 *
 *
 *
 *   T=      - A TIME OF  3600.0 SECONDS REQUESTED
 *  DUMP=N   - RESTART FILE WRITTEN EVERY  3600.0 SECONDS
 *  FORCE    - FORCE CALCULATION SPECIFIED
 *  AM1      - THE AM1 HAMILTONIAN TO BE USED
 ***********************************************************************100BY100
 AM1 FORCE CHARGE=-1
 Title
 

    ATOM   CHEMICAL  BOND LENGTH    BOND ANGLE     TWIST ANGLE
   NUMBER  SYMBOL    (ANGSTROMS)     (DEGREES)      (DEGREES)
    (I)                  NA:I          NB:NA:I      NC:NB:NA:I     NA   NB   NC

      1      C       
      2     Cl         2.03259  *                                  1
      3      H         1.09838  *      94.28591  *                 1    2
      4      H         1.09838  *      94.29345  *  119.97567  *   1    2    3
      5      H         1.09836  *      94.29557  * -120.03200  *   1    2    3
      6     Br         2.35946  *     179.98177  *  -67.07010  *   1    2    3


          CARTESIAN COORDINATES 

    NO.       ATOM         X         Y         Z

     1         C        0.0000    0.0000    0.0000
     2        Cl        2.0326    0.0000    0.0000
     3         H       -0.0821    1.0953    0.0000
     4         H       -0.0822   -0.5472   -0.9488
     5         H       -0.0823   -0.5482    0.9482
     6        Br       -2.3595    0.0003    0.0007
  H: (AM1): M.J.S. DEWAR ET AL, J. AM. CHEM. SOC. 107 3902-3909 (1985)          
  C: (AM1): M.J.S. DEWAR ET AL, J. AM. CHEM. SOC. 107 3902-3909 (1985)          
 Cl: (AM1): M.J.S. DEWAR AND E. G. ZOEBISCH, THEOCHEM, 180, 1 (1988).           
 Br: (AM1): M.J.S. DEWAR AND E. G. ZOEBISCH, THEOCHEM, 180, 1 (1988).           


          RHF CALCULATION, NO. OF DOUBLY OCCUPIED LEVELS = 11


            INTERATOMIC DISTANCES
0
                  C  1      Cl  2       H  3       H  4       H  5      Br  6
 ------------------------------------------------------------------------------
     C    1   0.000000
    Cl    2   2.032592   0.000000
     H    3   1.098376   2.381502   0.000000
     H    4   1.098383   2.381629   1.896887   0.000000
     H    5   1.098360   2.381651   1.897403   1.897020   0.000000
    Br    6   2.359455   4.392047   2.526948   2.527265   2.526700   0.000000


          HEAT OF FORMATION =  -41.430384 KCALS/MOLE


          INTERNAL COORDINATE DERIVATIVES

   NUMBER  ATOM  BOND           ANGLE          DIHEDRAL

     1     C
     2    Cl    -0.032342
     3     H    -0.020704    -0.023871
     4     H    -0.033143    -0.022649    -0.013940
     5     H    -0.024792    -0.006681    -0.035545
     6    Br    -0.029734    -0.017894    -0.000001


          GRADIENT NORM =   0.08353

          MOLECULAR WEIGHT =  130.39



           PRINCIPAL MOMENTS OF INERTIA IN CM(-1)

          A =    4.647264   B =    0.034498   C =    0.034498



           PRINCIPAL MOMENTS OF INERTIA IN UNITS OF 10**(-40)*GRAM-CM**2

          A =    6.023465   B =  811.429167   C =  811.431127


         ORIENTATION OF MOLECULE IN FORCE CALCULATION

    NO.       ATOM         X         Y         Z

     1         6        0.8951   -0.0002   -0.0004
     2        17        2.9277   -0.0002   -0.0004
     3         1        0.8130    1.0951   -0.0004
     4         1        0.8129   -0.5474   -0.9492
     5         1        0.8129   -0.5483    0.9478
     6        35       -1.4643    0.0001    0.0003


    FIRST DERIVATIVES WILL BE USED IN THE CALCULATION OF SECOND DERIVATIVES
 STEP:   1 TIME =     0.00 SECS, INTEGRAL =      0.00 TIME LEFT:   3600.00
 STEP:   2 TIME =     0.00 SECS, INTEGRAL =      0.00 TIME LEFT:   3600.00
 STEP:   3 TIME =     0.00 SECS, INTEGRAL =      0.00 TIME LEFT:   3600.00
 STEP:   4 TIME =     0.00 SECS, INTEGRAL =      0.00 TIME LEFT:   3600.00
 STEP:   5 TIME =     0.02 SECS, INTEGRAL =      0.02 TIME LEFT:   3599.98
 STEP:   6 TIME =     0.00 SECS, INTEGRAL =      0.02 TIME LEFT:   3599.98
 STEP:   7 TIME =     0.00 SECS, INTEGRAL =      0.02 TIME LEFT:   3599.98
 STEP:   8 TIME =     0.00 SECS, INTEGRAL =      0.02 TIME LEFT:   3599.98
 STEP:   9 TIME =     0.00 SECS, INTEGRAL =      0.02 TIME LEFT:   3599.98
 STEP:  10 TIME =     0.00 SECS, INTEGRAL =      0.02 TIME LEFT:   3599.98
 STEP:  11 TIME =     0.00 SECS, INTEGRAL =      0.02 TIME LEFT:   3599.98
 STEP:  12 TIME =     0.00 SECS, INTEGRAL =      0.02 TIME LEFT:   3599.98
 STEP:  13 TIME =     0.00 SECS, INTEGRAL =      0.02 TIME LEFT:   3599.98
 STEP:  14 TIME =     0.00 SECS, INTEGRAL =      0.02 TIME LEFT:   3599.98
 STEP:  15 TIME =     0.00 SECS, INTEGRAL =      0.02 TIME LEFT:   3599.98
 STEP:  16 TIME =     0.00 SECS, INTEGRAL =      0.02 TIME LEFT:   3599.98
 STEP:  17 TIME =     0.00 SECS, INTEGRAL =      0.02 TIME LEFT:   3599.98
 STEP:  18 TIME =     0.00 SECS, INTEGRAL =      0.02 TIME LEFT:   3599.98


           FORCE MATRIX IN MILLIDYNES/ANGSTROM
0
                  C  1      Cl  2       H  3       H  4       H  5      Br  6
 ------------------------------------------------------------------------------
     C    1   6.259809
    Cl    2   0.286981   0.630739
     H    3   2.518359   0.232948   2.811147
     H    4   2.518108   0.232866   0.226462   2.811049
     H    5   2.518483   0.232932   0.226197   0.226407   2.811211
    Br    6   0.303188   0.230610   0.151249   0.151131   0.151285   0.362886


          HEAT OF FORMATION =  -41.430384 KCALS/MOLE


           ZERO POINT ENERGY      22.030 KILOCALORIES PER MOLE


    THE LAST 6 VIBRATIONS ARE THE TRANSLATION AND ROTATION MODES
    THE FIRST THREE OF THESE BEING TRANSLATIONS IN X, Y, AND Z, RESPECTIVELY


           NORMAL COORDINATE ANALYSIS




    ROOT NO.    1           2           3           4           5           6

          -404.10485   198.32382   198.34177   218.64467   973.83533   974.02244
  
         1   0.49621    -0.00012    -0.00011    -0.03112    -0.00006     0.00003
         2   0.00005     0.23764    -0.12795    -0.00005     0.01530     0.02394
         3  -0.00015    -0.12796    -0.23764     0.00105     0.02280    -0.01607
         4  -0.06530    -0.00017    -0.00030    -0.26043     0.00002    -0.00002
         5  -0.00002    -0.05378     0.02896     0.00003    -0.00642    -0.01005
         6   0.00001     0.02896     0.05378    -0.00019    -0.00957     0.00674
         7  -0.05091     0.06437    -0.03490    -0.10697    -0.41526    -0.64838
         8  -0.02955     0.24287    -0.13076     0.00082    -0.01829    -0.02853
         9  -0.00013    -0.14275    -0.26418     0.00116    -0.02486     0.01760
        10  -0.05049    -0.00223     0.07309    -0.10717     0.74233    -0.05270
        11   0.01493     0.26345    -0.13011    -0.00052    -0.01817    -0.02608
        12   0.02550    -0.14265    -0.24325     0.00035    -0.02737     0.01772
        13  -0.05123    -0.06241    -0.03861    -0.10672    -0.32775     0.70215
        14   0.01500     0.25433    -0.14871    -0.00045    -0.01608    -0.02762
        15  -0.02584    -0.12414    -0.25323     0.00184    -0.02603     0.01987
        16  -0.04369     0.00010     0.00015     0.12427     0.00001    -0.00001
        17   0.00000    -0.02146     0.01155     0.00000     0.00121     0.00190
        18   0.00002     0.01155     0.02146    -0.00011     0.00180    -0.00127




    ROOT NO.    7           8           9          10          11          12

          1091.99172  1323.16303  1323.46136  3167.28224  3169.71151  3169.96472
  
         1  -0.00088     0.00002     0.00000     0.00715     0.00007     0.00000
         2   0.00002     0.06256     0.06530    -0.00040     0.05544    -0.06723
         3   0.00003     0.06566    -0.06222    -0.00057     0.06592     0.05654
         4  -0.02597     0.00000     0.00000     0.00090     0.00001     0.00000
         5   0.00000    -0.00086    -0.00089     0.00000     0.00006    -0.00008
         6  -0.00001    -0.00090     0.00085     0.00000     0.00008     0.00007
         7   0.50940     0.03683     0.03859    -0.03484     0.03549    -0.04338
         8   0.03454     0.03916     0.04076     0.52140    -0.45932     0.56244
         9  -0.00016    -0.52191     0.49510    -0.00015     0.02565     0.02204
        10   0.50951    -0.05213     0.01252    -0.03420    -0.05513    -0.00997
        11  -0.01728    -0.11973    -0.61064    -0.25592    -0.35158    -0.09365
        12  -0.02995     0.13265     0.33688    -0.44361    -0.62132    -0.09489
        13   0.50860     0.01489    -0.05110    -0.03486     0.01868     0.05335
        14  -0.01743    -0.60703    -0.14793    -0.26069     0.14786     0.33529
        15   0.02982    -0.33242    -0.14802     0.45056    -0.19278    -0.60332
        16  -0.00761     0.00000     0.00000    -0.00016     0.00000     0.00000
        17   0.00000    -0.00035    -0.00037     0.00000     0.00000     0.00000
        18   0.00000    -0.00037     0.00035     0.00000     0.00000     0.00000




    ROOT NO.   13          14          15          16          17          18

             0.00082     0.00088    -0.00044     9.67152    -2.22422    -1.89190
  
         1   0.14367     0.00000     0.00000     0.00000     0.00004    -0.00001
         2   0.00000    -0.14367     0.00000     0.00013     0.04665     0.06149
         3   0.00000     0.00000     0.14367    -0.00005     0.06146    -0.04667
         4   0.14367     0.00000     0.00000     0.00000     0.00004    -0.00001
         5   0.00000    -0.14367     0.00000    -0.00003     0.15258     0.20113
         6   0.00000     0.00000     0.14367     0.00001     0.20103    -0.15266
         7   0.14367     0.00000     0.00000     0.00009    -0.05704    -0.07526
         8   0.00000    -0.14367     0.00000     0.00013     0.04237     0.05586
         9   0.00000     0.00000     0.14367     0.52059     0.05583    -0.04238
        10   0.14367     0.00000     0.00000    -0.00001     0.09371    -0.01189
        11   0.00000    -0.14367     0.00000     0.45113     0.04237     0.05586
        12   0.00000     0.00000     0.14367    -0.26019     0.05582    -0.04239
        13   0.14367     0.00000     0.00000    -0.00008    -0.03650     0.08709
        14   0.00000    -0.14367     0.00000    -0.45060     0.04236     0.05583
        15   0.00000     0.00000     0.14367    -0.26062     0.05581    -0.04239
        16   0.14367     0.00000     0.00000     0.00000    -0.00002     0.00001
        17   0.00000    -0.14367     0.00000    -0.00001    -0.07631    -0.10060
        18   0.00000     0.00000     0.14367     0.00001    -0.10055     0.07635


           MASS-WEIGHTED COORDINATE ANALYSIS




    ROOT NO.    1           2           3           4           5           6

          -404.10485   198.32382   198.34177   218.64467   973.83533   974.02244
  
         1   0.95077    -0.00035    -0.00034    -0.05618    -0.00023     0.00012
         2   0.00010     0.71849    -0.38686    -0.00009     0.05737     0.08546
         3  -0.00028    -0.38687    -0.71848     0.00190     0.08548    -0.05737
         4  -0.21497    -0.00090    -0.00153    -0.80780     0.00013    -0.00014
         5  -0.00007    -0.27934     0.15041     0.00009    -0.04136    -0.06162
         6   0.00005     0.15041     0.27934    -0.00060    -0.06162     0.04137
         7  -0.02826     0.05638    -0.03056    -0.05595    -0.45097    -0.67057
         8  -0.01640     0.21271    -0.11453     0.00043    -0.01986    -0.02951
         9  -0.00007    -0.12502    -0.23138     0.00061    -0.02699     0.01821
        10  -0.02802    -0.00196     0.06401    -0.05605     0.80616    -0.05450
        11   0.00829     0.23074    -0.11396    -0.00027    -0.01974    -0.02697
        12   0.01416    -0.12494    -0.21305     0.00018    -0.02973     0.01832
        13  -0.02844    -0.05466    -0.03381    -0.05581    -0.35593     0.72617
        14   0.00833     0.22275    -0.13024    -0.00023    -0.01746    -0.02856
        15  -0.01434    -0.10872    -0.22179     0.00096    -0.02826     0.02055
        16  -0.21591     0.00076     0.00119     0.57871     0.00008    -0.00007
        17  -0.00001    -0.16732     0.09009    -0.00002     0.01171     0.01746
        18   0.00011     0.09009     0.16732    -0.00053     0.01745    -0.01172




    ROOT NO.    7           8           9          10          11          12

          1091.99172  1323.16303  1323.46136  3167.28224  3169.71151  3169.96472
  
         1  -0.00339     0.00007     0.00001     0.02745     0.00025    -0.00001
         2   0.00006     0.22928     0.24054    -0.00154     0.20479    -0.24359
         3   0.00010     0.24063    -0.22921    -0.00218     0.24351     0.20484
         4  -0.17120     0.00003    -0.00001     0.00590     0.00005     0.00001
         5   0.00000    -0.00540    -0.00565     0.00000     0.00041    -0.00049
         6  -0.00007    -0.00567     0.00539     0.00000     0.00049     0.00041
         7   0.56611     0.03910     0.04118    -0.03872     0.03797    -0.04553
         8   0.03838     0.04157     0.04350     0.57956    -0.49149     0.59031
         9  -0.00018    -0.55409     0.52831    -0.00017     0.02745     0.02313
        10   0.56624    -0.05535     0.01336    -0.03801    -0.05899    -0.01047
        11  -0.01920    -0.12711    -0.65160    -0.28447    -0.37621    -0.09829
        12  -0.03328     0.14083     0.35948    -0.49310    -0.66484    -0.09960
        13   0.56522     0.01581    -0.05452    -0.03875     0.01998     0.05599
        14  -0.01937    -0.64446    -0.15785    -0.28977     0.15821     0.35191
        15   0.03314    -0.35292    -0.15795     0.50083    -0.20628    -0.63322
        16  -0.07530     0.00000     0.00000    -0.00160    -0.00001     0.00000
        17   0.00000    -0.00331    -0.00347     0.00000     0.00001    -0.00002
        18   0.00004    -0.00347     0.00331     0.00000     0.00002     0.00001




    ROOT NO.   13          14          15          16          17          18

             0.00098     0.00132    -0.00044     9.67152    -2.22422    -1.89190
  
         1   0.30350     0.00000     0.00000     0.00000     0.00007    -0.00002
         2   0.00000    -0.30350     0.00000     0.00049     0.08484     0.11179
         3   0.00000     0.00000     0.30350    -0.00021     0.11179    -0.08484
         4   0.52144     0.00000     0.00000     0.00000     0.00012    -0.00003
         5   0.00000    -0.52144     0.00000    -0.00022     0.47676     0.62816
         6   0.00000     0.00000     0.52144     0.00009     0.62816    -0.47676
         7   0.08792     0.00000     0.00000     0.00010    -0.03005    -0.03963
         8   0.00000    -0.08792     0.00000     0.00015     0.02232     0.02941
         9   0.00000     0.00000     0.08792     0.57729     0.02941    -0.02231
        10   0.08792     0.00000     0.00000    -0.00001     0.04937    -0.00626
        11   0.00000    -0.08792     0.00000     0.50027     0.02232     0.02942
        12   0.00000     0.00000     0.08792    -0.28853     0.02941    -0.02232
        13   0.08792     0.00000     0.00000    -0.00008    -0.01923     0.04586
        14   0.00000    -0.08792     0.00000    -0.49968     0.02232     0.02940
        15   0.00000     0.00000     0.08792    -0.28901     0.02940    -0.02232
        16   0.78282     0.00000     0.00000     0.00000    -0.00012     0.00003
        17   0.00000    -0.78282     0.00000    -0.00012    -0.35799    -0.47167
        18   0.00000     0.00000     0.78282     0.00005    -0.47167     0.35798
1

          DESCRIPTION OF VIBRATIONS


 VIBRATION   1            ATOM PAIR     ENERGY CONTRIBUTION              RADIAL
 FREQ.     -404.10       C 1 -- Cl 2          -21.0% (-92.3%)             100.0%
 T-DIPOLE  11.5104       C 1 -- Br 6          -20.9%                      100.0%
 TRAVEL     0.1102       C 1 --  H 5          -19.4%                        0.3%
 RED. MASS  6.8670       C 1 --  H 4          -19.3%                        0.3%
                         C 1 --  H 3          -19.3%                        0.3%

 VIBRATION   2            ATOM PAIR     ENERGY CONTRIBUTION              RADIAL
 FREQ.      198.32       C 1 -- Cl 2           24.4% (462.7%)               0.0%
 T-DIPOLE   0.6015       C 1 -- Br 6           24.2%                        0.0%
 TRAVEL     0.0495       C 1 --  H 4           22.1%                        0.1%
 RED. MASS 69.4556       C 1 --  H 5           14.9%                       74.1%
                         C 1 --  H 3           14.4%                       79.0%

 VIBRATION   3            ATOM PAIR     ENERGY CONTRIBUTION              RADIAL
 FREQ.      198.34       C 1 -- Cl 2           24.4% (462.5%)               0.0%
 T-DIPOLE   0.6016       C 1 -- Br 6           24.2%                        0.0%
 TRAVEL     0.0495       C 1 --  H 3           19.9%                       24.0%
 RED. MASS 69.4117       C 1 --  H 5           19.4%                       29.3%
                         C 1 --  H 4           12.1%                       99.8%

 VIBRATION   4            ATOM PAIR     ENERGY CONTRIBUTION              RADIAL
 FREQ.      218.64       C 1 -- Cl 2           78.9% ( 93.1%)             100.0%
 T-DIPOLE   2.2710       C 1 --  H 4            5.4%                       81.4%
 TRAVEL     0.0781       C 1 --  H 3            5.4%                       12.6%
 RED. MASS 25.2454       C 1 --  H 5            5.4%                       56.9%

 VIBRATION   5            ATOM PAIR     ENERGY CONTRIBUTION              RADIAL
 FREQ.      973.84       C 1 --  H 4           63.1% ( 84.1%)               0.9%
 T-DIPOLE   0.0806       C 1 --  H 3           20.8%                        0.8%
 TRAVEL     0.2391       C 1 --  H 5           13.6%                        0.8%
 RED. MASS  0.6055       C 1 -- Cl 2            1.3%                        0.0%

 VIBRATION   6            ATOM PAIR     ENERGY CONTRIBUTION              RADIAL
 FREQ.      974.02       C 1 --  H 5           51.5% ( 75.9%)               0.9%
 T-DIPOLE   0.0806       C 1 --  H 3           44.1%                        0.9%
 TRAVEL     0.2391       C 1 --  H 4            1.8%                        0.1%
 RED. MASS  0.6055       C 1 -- Cl 2            1.3%                        0.0%

 VIBRATION   7            ATOM PAIR     ENERGY CONTRIBUTION              RADIAL
 FREQ.     1091.99       C 1 --  H 4           33.3% ( 52.3%)               0.0%
 T-DIPOLE   0.9816       C 1 --  H 3           33.3%                        0.0%
 TRAVEL     0.2087       C 1 --  H 5           33.2%                        0.0%
 RED. MASS  0.7090       C 1 -- Cl 2            0.2%                      100.0%

 VIBRATION   8            ATOM PAIR     ENERGY CONTRIBUTION              RADIAL
 FREQ.     1323.16       C 1 --  H 5           48.0% ( 69.6%)               0.5%
 T-DIPOLE   0.0332       C 1 --  H 3           29.3%                        5.4%
 TRAVEL     0.1583       C 1 -- Cl 2            7.8%                        0.0%
 RED. MASS  1.0163       C 1 -- Br 6            7.8%                        0.0%

 VIBRATION   9            ATOM PAIR     ENERGY CONTRIBUTION              RADIAL
 FREQ.     1323.46       C 1 --  H 4           49.2% ( 70.4%)               0.4%
 T-DIPOLE   0.0329       C 1 --  H 3           27.0%                        6.5%
 TRAVEL     0.1583       C 1 --  H 5            8.2%                       41.9%
 RED. MASS  1.0160       C 1 -- Cl 2            7.8%                        0.0%
1

 VIBRATION  10            ATOM PAIR     ENERGY CONTRIBUTION              RADIAL
 FREQ.     3167.28       C 1 --  H 3           33.8% ( 56.2%)              99.8%
 T-DIPOLE   0.0798       C 1 --  H 5           33.7%                       99.8%
 TRAVEL     0.1450       C 1 --  H 4           32.5%                       99.8%
 RED. MASS  0.5060

 VIBRATION  11            ATOM PAIR     ENERGY CONTRIBUTION              RADIAL
 FREQ.     3169.71       C 1 --  H 4           62.8% ( 82.2%)              99.8%
 T-DIPOLE   0.1938       C 1 --  H 3           26.7%                       91.2%
 TRAVEL     0.1159       C 1 --  H 5            8.2%                       65.6%
 RED. MASS  0.7922       C 1 -- Br 6            1.2%                        0.0%

 VIBRATION  12            ATOM PAIR     ENERGY CONTRIBUTION              RADIAL
 FREQ.     3169.96       C 1 --  H 5           56.6% ( 78.0%)              99.1%
 T-DIPOLE   0.1944       C 1 --  H 3           38.0%                       95.4%
 TRAVEL     0.1158       C 1 --  H 4            3.1%                       32.2%
 RED. MASS  0.7924       C 1 -- Br 6            1.2%                        0.0%



 TOTAL CPU TIME:             0.03 SECONDS

 == MOPAC DONE ==
