

           AN UNOPTIMIZABLE GEOMETRIC PARAMETER HAS
           BEEN MARKED FOR OPTIMIZATION. THIS IS A NON-FATAL ERROR
 *******************************************************************************
 ** [MOPAC] Ver.6 by James J. P. Stewart                                      **
 *******************************************************************************
 ** PDDG modification by W. L. Jorgensen et al.(Yale Univ.)                   **
 ** Additional modification by N. Senda(Tencube) and W. Sasaki(pc-chem.info)  **
 *******************************************************************************

                                 PM3 CALCULATION RESULTS


 *******************************************************************************
 *          MOPAC:  VERSION  6.06               CALC'D. 04-Nov-20               
 *  GEO-OK   - OVERRIDE INTERATOMIC DISTANCE CHECK
 *   T=      - A TIME OF  3600.0 SECONDS REQUESTED
 *  DUMP=N   - RESTART FILE WRITTEN EVERY  3600.0 SECONDS
 *  EF       - USE EF ROUTINE FOR MINIMUM SEARCH
 *  PM3      - THE PM3 HAMILTONIAN TO BE USED
 *  PRECISE  - CRITERIA TO BE INCREASED BY 100 TIMES
 ***********************************************************************080BY100
 EF PM3 PRECISE GEO-OK
 Title
 

    ATOM   CHEMICAL  BOND LENGTH    BOND ANGLE     TWIST ANGLE
   NUMBER  SYMBOL    (ANGSTROMS)     (DEGREES)      (DEGREES)
    (I)                  NA:I          NB:NA:I      NC:NB:NA:I     NA   NB   NC

      1      O       
      2      H         0.97000  *                                  1
      3      H         0.97000  *     109.47100  *                 1    2


          CARTESIAN COORDINATES 

    NO.       ATOM         X         Y         Z

     1         O        0.0000    0.0000    0.0000
     2         H        0.9700    0.0000    0.0000
     3         H       -0.3233    0.9145    0.0000
  H: (PM3): J. J. P. STEWART, J. COMP. CHEM.     10, 209 (1989).                
  O: (PM3): J. J. P. STEWART, J. COMP. CHEM.     10, 209 (1989).                


          RHF CALCULATION, NO. OF DOUBLY OCCUPIED LEVELS =  4


            INTERATOMIC DISTANCES
0
                  O  1       H  2       H  3
 ------------------------------------------
     O    1   0.000000
     H    2   0.970000   0.000000
     H    3   0.970000   1.584001   0.000000
 CYCLE:   1 TIME:   0.02 TIME LEFT:  3600.0 GRAD.:    36.587 HEAT:-52.84541    
 CYCLE:   2 TIME:   0.00 TIME LEFT:  3600.0 GRAD.:    18.340 HEAT:-53.26705    
 CYCLE:   3 TIME:   0.00 TIME LEFT:  3600.0 GRAD.:     2.301 HEAT:-53.41131    
 CYCLE:   4 TIME:   0.00 TIME LEFT:  3600.0 GRAD.:     1.740 HEAT:-53.41489    
 CYCLE:   5 TIME:   0.00 TIME LEFT:  3600.0 GRAD.:     0.826 HEAT:-53.42593    
 CYCLE:   6 TIME:   0.00 TIME LEFT:  3600.0 GRAD.:     0.258 HEAT:-53.42643    
 CYCLE:   7 TIME:   0.00 TIME LEFT:  3600.0 GRAD.:     0.013 HEAT:-53.42645    
 CYCLE:   8 TIME:   0.00 TIME LEFT:  3600.0 GRAD.:     0.000 HEAT:-53.42645    

 -------------------------------------------------------------------------------
 EF PM3 PRECISE GEO-OK
 Title
 


     GEOMETRY OPTIMISED USING EIGENVECTOR FOLLOWING (EF).     
     SCF FIELD WAS ACHIEVED                                   


                                 PM3    CALCULATION
                                                       VERSION  6.06
                                                       04-Nov-20               




          FINAL HEAT OF FORMATION =        -53.42645 KCAL


          TOTAL ENERGY            =       -324.90689 EV
          ELECTRONIC ENERGY       =       -474.29112 EV
          CORE-CORE REPULSION     =        149.38423 EV

          IONIZATION POTENTIAL    =         12.31649
          NO. OF FILLED LEVELS    =          4
          MOLECULAR WEIGHT        =     18.015


          SCF CALCULATIONS  =                9
          COMPUTATION TIME =   0.016 SECONDS





    ATOM   CHEMICAL  BOND LENGTH    BOND ANGLE     TWIST ANGLE
   NUMBER  SYMBOL    (ANGSTROMS)     (DEGREES)      (DEGREES)
    (I)                  NA:I          NB:NA:I      NC:NB:NA:I     NA   NB   NC

      1      O       
      2      H         0.95094  *                                  1
      3      H         0.95094  *     107.69404  *                 1    2


            INTERATOMIC DISTANCES
0
                  O  1       H  2       H  3
 ------------------------------------------
     O    1   0.000000
     H    2   0.950940   0.000000
     H    3   0.950939   1.535662   0.000000


                  EIGENVALUES

 -36.82564 -17.58062 -14.52322 -12.31649   4.06029   5.33154


              NET ATOMIC CHARGES AND DIPOLE CONTRIBUTIONS

         ATOM NO.   TYPE          CHARGE        ATOM  ELECTRON DENSITY
           1          O          -0.3586          6.3586
           2          H           0.1793          0.8207
           3          H           0.1793          0.8207
 DIPOLE           X         Y         Z       TOTAL
 POINT-CHG.     0.570     0.780     0.000     0.966
 HYBRID         0.456     0.624     0.000     0.772
 SUM            1.026     1.404     0.000     1.739


          CARTESIAN COORDINATES 

    NO.       ATOM               X         Y         Z

     1         O                  0.0000    0.0000    0.0000
     2         H                  0.9509    0.0000    0.0000
     3         H                 -0.2890    0.9060    0.0000


          ATOMIC ORBITAL ELECTRON POPULATIONS

   1.76335   1.26175   1.33345   2.00000   0.82072   0.82072



 TOTAL CPU TIME:             0.02 SECONDS

 == MOPAC DONE ==
