 *******************************************************************************
 ** [MOPAC] Ver.6 by James J. P. Stewart                                      **
 *******************************************************************************
 ** PDDG modification by W. L. Jorgensen et al.(Yale Univ.)                   **
 ** Additional modification by N. Senda(Tencube) and W. Sasaki(pc-chem.info)  **
 *******************************************************************************

                                 AM1 CALCULATION RESULTS


 *******************************************************************************
 *          MOPAC:  VERSION  6.06               CALC'D. 04-Nov-20               
 *  LARGE    - EXPANDED OUTPUT TO BE PRINTED
 *  IRC=N    - INTRINSIC REACTION COORDINATE -1 DEFINED
 *
 *
 *
 *                 CHARGE ON SYSTEM = -1
 *
 *
 *
 *   T=      - A TIME OF  3600.0 SECONDS REQUESTED
 *  DUMP=N   - RESTART FILE WRITTEN EVERY  3600.0 SECONDS
 *  AM1      - THE AM1 HAMILTONIAN TO BE USED
 ***********************************************************************080BY100
 IRC=-1 LARGE=50 AM1 CHARGE=-1
 Title
 

    ATOM   CHEMICAL  BOND LENGTH    BOND ANGLE     TWIST ANGLE
   NUMBER  SYMBOL    (ANGSTROMS)     (DEGREES)      (DEGREES)
    (I)                  NA:I          NB:NA:I      NC:NB:NA:I     NA   NB   NC

      1      C       
      2     Cl         2.03260                                     1
      3      H         1.09837         94.28668                    1    2
      4      H         1.09837         94.29194     119.97327      1    2    3
      5      H         1.09830         94.29221    -120.02974      1    2    3
      6     Br         2.52688         68.60692    -179.98295      3    1    2


          CARTESIAN COORDINATES 

    NO.       ATOM         X         Y         Z

     1         C        0.0000    0.0000    0.0000
     2        Cl        2.0326    0.0000    0.0000
     3         H       -0.0821    1.0953    0.0000
     4         H       -0.0822   -0.5472   -0.9488
     5         H       -0.0822   -0.5481    0.9482
     6        Br       -2.3594    0.0003    0.0007
  H: (AM1): M.J.S. DEWAR ET AL, J. AM. CHEM. SOC. 107 3902-3909 (1985)          
  C: (AM1): M.J.S. DEWAR ET AL, J. AM. CHEM. SOC. 107 3902-3909 (1985)          
 Cl: (AM1): M.J.S. DEWAR AND E. G. ZOEBISCH, THEOCHEM, 180, 1 (1988).           
 Br: (AM1): M.J.S. DEWAR AND E. G. ZOEBISCH, THEOCHEM, 180, 1 (1988).           


          RHF CALCULATION, NO. OF DOUBLY OCCUPIED LEVELS = 11


            INTERATOMIC DISTANCES
0
                  C  1      Cl  2       H  3       H  4       H  5      Br  6
 ------------------------------------------------------------------------------
     C    1   0.000000
    Cl    2   2.032600   0.000000
     H    3   1.098373   2.381520   0.000000
     H    4   1.098365   2.381602   1.896847   0.000000
     H    5   1.098296   2.381570   1.897327   1.897000   0.000000
    Br    6   2.359400   4.392000   2.526880   2.527241   2.526686   0.000000
 STEP:   1 TIME =     0.00 SECS, INTEGRAL =      0.00 TIME LEFT:   3600.00
 STEP:   2 TIME =     0.00 SECS, INTEGRAL =      0.00 TIME LEFT:   3600.00
 STEP:   3 TIME =     0.00 SECS, INTEGRAL =      0.00 TIME LEFT:   3600.00
 STEP:   4 TIME =     0.00 SECS, INTEGRAL =      0.00 TIME LEFT:   3600.00
 STEP:   5 TIME =     0.00 SECS, INTEGRAL =      0.00 TIME LEFT:   3600.00
 STEP:   6 TIME =     0.00 SECS, INTEGRAL =      0.00 TIME LEFT:   3600.00
 STEP:   7 TIME =     0.00 SECS, INTEGRAL =      0.00 TIME LEFT:   3600.00
 STEP:   8 TIME =     0.00 SECS, INTEGRAL =      0.00 TIME LEFT:   3600.00
 STEP:   9 TIME =     0.00 SECS, INTEGRAL =      0.00 TIME LEFT:   3600.00
 STEP:  10 TIME =     0.00 SECS, INTEGRAL =      0.00 TIME LEFT:   3600.00
 STEP:  11 TIME =     0.00 SECS, INTEGRAL =      0.00 TIME LEFT:   3600.00
 STEP:  12 TIME =     0.00 SECS, INTEGRAL =      0.00 TIME LEFT:   3600.00
 STEP:  13 TIME =     0.00 SECS, INTEGRAL =      0.00 TIME LEFT:   3600.00
 STEP:  14 TIME =     0.00 SECS, INTEGRAL =      0.00 TIME LEFT:   3600.00
 STEP:  15 TIME =     0.00 SECS, INTEGRAL =      0.00 TIME LEFT:   3600.00
 STEP:  16 TIME =     0.00 SECS, INTEGRAL =      0.00 TIME LEFT:   3600.00
 STEP:  17 TIME =     0.00 SECS, INTEGRAL =      0.00 TIME LEFT:   3600.00
 STEP:  18 TIME =     0.00 SECS, INTEGRAL =      0.00 TIME LEFT:   3600.00

          MOLECULAR WEIGHT =  130.39

 INITIAL VELOCITY IN DRC
      0.49423     -0.00011     -0.00023
     -0.06502      0.00000      0.00005
     -0.05436     -0.02959     -0.00040
     -0.05356      0.01489      0.02536
     -0.05130      0.01475     -0.02586
     -0.04344      0.00002      0.00002


     POINT   POTENTIAL  +  ENERGY LOST   =   TOTAL      ERROR    REF%   MOVEMENT
       1     -41.43038      0.00000        -41.43038   0.00000     1  %  0.0000
       2     -41.43042      0.00000        -41.43042  -0.00004     2  %  0.0007
       3     -41.43049      0.00000        -41.43049  -0.00012     3  %  0.0014
       4     -41.43060      0.00000        -41.43060  -0.00023     4  %  0.0021
       5     -41.43075      0.00000        -41.43075  -0.00037     5  %  0.0028
       6     -41.43093      0.00000        -41.43093  -0.00055     6  %  0.0035
       7     -41.43114      0.00000        -41.43114  -0.00076     7  %  0.0042
       8     -41.43139      0.00000        -41.43139  -0.00101     8  %  0.0049
       9     -41.43167      0.00000        -41.43167  -0.00129     9  %  0.0056
      10     -41.43199      0.00000        -41.43199  -0.00161    10  %  0.0063
      11     -41.43234      0.00000        -41.43234  -0.00196    11  %  0.0070
      12     -41.43272      0.00000        -41.43272  -0.00234    12  %  0.0077
      13     -41.43314      0.00000        -41.43314  -0.00277    13  %  0.0083
      14     -41.43360      0.00000        -41.43360  -0.00322    14  %  0.0090
      15     -41.43409      0.00000        -41.43409  -0.00371    15  %  0.0097
      16     -41.43461      0.00000        -41.43461  -0.00423    16  %  0.0104
      17     -41.43517      0.00000        -41.43517  -0.00479    17  %  0.0111
      18     -41.43577      0.00000        -41.43577  -0.00539    18  %  0.0118
      19     -41.43639      0.00000        -41.43639  -0.00601    19  %  0.0125
      20     -41.43706      0.00000        -41.43706  -0.00668    20  %  0.0132
      21     -41.43775      0.00000        -41.43775  -0.00738    21  %  0.0139
      22     -41.43849      0.00000        -41.43849  -0.00811    22  %  0.0146
      23     -41.43926      0.00000        -41.43926  -0.00888    23  %  0.0153
      24     -41.44006      0.00000        -41.44006  -0.00968    24  %  0.0160
      25     -41.44090      0.00000        -41.44090  -0.01052    25  %  0.0167
      26     -41.44177      0.00000        -41.44177  -0.01139    26  %  0.0174
      27     -41.44268      0.00000        -41.44268  -0.01230    27  %  0.0181
      28     -41.44362      0.00000        -41.44362  -0.01324    28  %  0.0188
      29     -41.44460      0.00000        -41.44460  -0.01422    29  %  0.0196
      30     -41.44562      0.00000        -41.44562  -0.01524    30  %  0.0203
      31     -41.44667      0.00000        -41.44667  -0.01629    31  %  0.0210
      32     -41.44776      0.00000        -41.44776  -0.01738    32  %  0.0217
      33     -41.44888      0.00000        -41.44888  -0.01850    33  %  0.0224
      34     -41.45004      0.00000        -41.45004  -0.01966    34  %  0.0231
      35     -41.45124      0.00000        -41.45124  -0.02086    35  %  0.0238
      36     -41.45247      0.00000        -41.45247  -0.00123    36  %  0.0245
      37     -41.45247      0.00000        -41.45247  -0.00123    37  %  0.0245
      38     -41.45248      0.00000        -41.45247  -0.00123    38  %  0.0246
      39     -41.45248      0.00001        -41.45247  -0.00123    39  %  0.0246
      40     -41.45248      0.00001        -41.45247  -0.00123    40  %  0.0246
      41     -41.45249      0.00001        -41.45247  -0.00123    41  %  0.0246
      42     -41.45249      0.00002        -41.45247  -0.00123    42  %  0.0246
      43     -41.45250      0.00003        -41.45247  -0.00123    43  %  0.0246
      44     -41.45252      0.00005        -41.45247  -0.00123    44  %  0.0246
      45     -41.45254      0.00007        -41.45247  -0.00123    45  %  0.0246
      46     -41.45257      0.00009        -41.45247  -0.00123    46  %  0.0246
      47     -41.45261      0.00013        -41.45247  -0.00123    47  %  0.0246
      48     -41.45266      0.00019        -41.45247  -0.00123    48  %  0.0247
      49     -41.45274      0.00027        -41.45247  -0.00123    49  %  0.0247
      50     -41.45286      0.00039        -41.45247  -0.00123    50  %  0.0248


          FINAL GEOMETRY OBTAINED                                 CHARGE
 IRC=-1 LARGE=50 AM1 CHARGE=-1
 Title
 
   C    0.000000  0    0.000000  0    0.000000  0   0  0  0       0.0407   50AA*
  Cl    2.014989  1    0.000000  0    0.000000  0   1  0  0      -0.5807   50AB*
   H    1.098838  1   95.190730  1    0.000000  0   1  2  0       0.1066   50AC*
   H    1.098823  1   95.194647  1  119.982764  1   1  2  3       0.1065   50AD*
   H    1.098839  1   95.189564  1  239.978616  1   1  2  3       0.1066   50AE*
  Br    2.376339  1  179.980556  1  291.454145  1   1  2  3      -0.7798   50AF*


     POINT   POTENTIAL  +  ENERGY LOST   =   TOTAL      ERROR    REF%   MOVEMENT
      51     -41.45302      0.00055        -41.45247  -0.00123    51  %  0.0249
      52     -41.45324      0.00077        -41.45247  -0.00123    52  %  0.0250
      53     -41.45357      0.00110        -41.45247  -0.00123    53  %  0.0252
      54     -41.45404      0.00157        -41.45247  -0.00123    54  %  0.0255
      55     -41.45471      0.00224        -41.45247  -0.00123    55  %  0.0259
      56     -41.45570      0.00323        -41.45246  -0.00123    56  %  0.0264
      57     -41.45715      0.00469        -41.45246  -0.00122    57  %  0.0271
      58     -41.45934      0.00689        -41.45245  -0.00121    58  %  0.0282
      59     -41.46273      0.01029        -41.45244  -0.00120    59  %  0.0298
      60     -41.46814      0.01572        -41.45241  -0.00117    60  %  0.0322
      61     -41.47707      0.02471        -41.45236  -0.00112    61  %  0.0359
      62     -41.48758      0.03552        -41.45206  -0.00082    62  %  0.0393
      63     -41.49212      0.04161        -41.45051   0.00073    63  %  0.0426
      64     -41.49356      0.04342        -41.45014   0.00110    64  %  0.0422
      65     -41.49394      0.04379        -41.45015   0.00109    65  %  0.0422
      66     -41.49447      0.04433        -41.45015   0.00109    66  %  0.0423
      67     -41.49522      0.04506        -41.45015   0.00109    67  %  0.0425
      68     -41.49625      0.04610        -41.45016   0.00108    68  %  0.0427
      69     -41.49773      0.04758        -41.45016   0.00108    69  %  0.0431
      70     -41.49987      0.04972        -41.45015   0.00108    70  %  0.0438
      71     -41.50299      0.05284        -41.45015   0.00109    71  %  0.0448
      72     -41.50762      0.05749        -41.45013   0.00110    72  %  0.0462
      73     -41.51462      0.06450        -41.45011   0.00113    73  %  0.0483
      74     -41.52547      0.07540        -41.45007   0.00117    74  %  0.0513
      75     -41.53883      0.08887        -41.44997   0.00127    75  %  0.0549
      76     -41.54922      0.09936        -41.44986   0.00138    76  %  0.0574
      77     -41.55680      0.10700        -41.44980   0.00144    77  %  0.0594
      78     -41.56428      0.11452        -41.44976   0.00148    78  %  0.0610
      79     -41.57238      0.12271        -41.44967   0.00157    79  %  0.0632
      80     -41.57893      0.12941        -41.44952   0.00172    80  %  0.0642
      81     -41.58289      0.13343        -41.44946   0.00178    81  %  0.0654
      82     -41.58646      0.13703        -41.44944   0.00180    82  %  0.0661
      83     -41.59163      0.14219        -41.44944   0.00180    83  %  0.0672
      84     -41.59919      0.14976        -41.44942   0.00182    84  %  0.0688
      85     -41.61037      0.16098        -41.44940   0.00184    85  %  0.0711
      86     -41.62725      0.17792        -41.44934   0.00190    86  %  0.0744
      87     -41.64361      0.19445        -41.44916   0.00207    87  %  0.0779
      88     -41.65299      0.20405        -41.44894   0.00230    88  %  0.0791
      89     -41.65757      0.20870        -41.44887   0.00237    89  %  0.0802
      90     -41.66145      0.21259        -41.44885   0.00238    90  %  0.0809
      91     -41.66701      0.21815        -41.44886   0.00238    91  %  0.0819
      92     -41.67506      0.22622        -41.44885   0.00239    92  %  0.0833
      93     -41.68682      0.23799        -41.44883   0.00241    93  %  0.0854
      94     -41.70420      0.25541        -41.44879   0.00245    94  %  0.0884
      95     -41.72582      0.27711        -41.44870   0.00254    95  %  0.0919
      96     -41.74293      0.29434        -41.44859   0.00265    96  %  0.0948
      97     -41.75499      0.30649        -41.44851   0.00273    97  %  0.0965
      98     -41.76436      0.31589        -41.44846   0.00278    98  %  0.0981
      99     -41.77467      0.32625        -41.44842   0.00282    99  %  0.0996
     100     -41.78584      0.33744        -41.44840   0.00284   100  %  0.1014


          FINAL GEOMETRY OBTAINED                                 CHARGE
 IRC=-1 LARGE=50 AM1 CHARGE=-1
 Title
 
   C    0.000000  0    0.000000  0    0.000000  0   0  0  0       0.0208  100AA*
  Cl    1.958953  1    0.000000  0    0.000000  0   1  0  0      -0.5151  100AB*
   H    1.100424  1   97.978062  1    0.000000  0   1  2  0       0.1078  100AC*
   H    1.100404  1   97.975841  1  119.997436  1   1  2  3       0.1077  100AD*
   H    1.100433  1   97.975067  1  239.991115  1   1  2  3       0.1078  100AE*
  Br    2.431963  1  179.984512  1  292.012251  1   1  2  3      -0.8289  100AF*


     POINT   POTENTIAL  +  ENERGY LOST   =   TOTAL      ERROR    REF%   MOVEMENT
     101     -41.80211      0.35375        -41.44835   0.00288   101  %  0.1037
     102     -41.81941      0.37112        -41.44830   0.00294   102  %  0.1064
     103     -41.83582      0.38763        -41.44819   0.00305   103  %  0.1085
     104     -41.84716      0.39904        -41.44812   0.00311   104  %  0.1104
     105     -41.85758      0.40951        -41.44807   0.00316   105  %  0.1117
     106     -41.86825      0.42018        -41.44807   0.00317   106  %  0.1133
     107     -41.88364      0.43560        -41.44804   0.00320   107  %  0.1153
     108     -41.90424      0.45623        -41.44801   0.00323   108  %  0.1182
     109     -41.93355      0.48563        -41.44792   0.00332   109  %  0.1219
     110     -41.95587      0.50811        -41.44776   0.00348   110  %  0.1253
     111     -41.96881      0.52118        -41.44763   0.00361   111  %  0.1266
     112     -41.97691      0.52930        -41.44761   0.00363   112  %  0.1277
     113     -41.98850      0.54091        -41.44759   0.00365   113  %  0.1292
     114     -42.00509      0.55751        -41.44759   0.00365   114  %  0.1313
     115     -42.02902      0.58147        -41.44756   0.00368   115  %  0.1343
     116     -42.06039      0.61288        -41.44751   0.00373   116  %  0.1382
     117     -42.09231      0.64490        -41.44741   0.00383   117  %  0.1421
     118     -42.11588      0.66858        -41.44730   0.00394   118  %  0.1450
     119     -42.13164      0.68445        -41.44720   0.00404   119  %  0.1468
     120     -42.14298      0.69582        -41.44716   0.00407   120  %  0.1482
     121     -42.15696      0.70981        -41.44715   0.00409   121  %  0.1499
     122     -42.17689      0.72976        -41.44713   0.00410   122  %  0.1523
     123     -42.20542      0.75832        -41.44710   0.00413   123  %  0.1556
     124     -42.24276      0.79574        -41.44702   0.00422   124  %  0.1600
     125     -42.27167      0.82488        -41.44679   0.00445   125  %  0.1633
     126     -42.28545      0.83880        -41.44664   0.00459   126  %  0.1649
     127     -42.29345      0.84682        -41.44662   0.00461   127  %  0.1658
     128     -42.30479      0.85817        -41.44662   0.00462   128  %  0.1671
     129     -42.32087      0.87426        -41.44662   0.00462   129  %  0.1690
     130     -42.34372      0.89711        -41.44661   0.00463   130  %  0.1716
     131     -42.37619      0.92959        -41.44660   0.00464   131  %  0.1753
     132     -42.42233      0.97575        -41.44658   0.00466   132  %  0.1806
     133     -42.48774      1.04116        -41.44658   0.00466   133  %  0.1881
     134     -42.57986      1.13343        -41.44643   0.00481   134  %  0.1983
     135     -42.63262      1.18774        -41.44488   0.00636   135  %  0.2064
     136     -42.64297      1.19888        -41.44409   0.00715   136  %  0.2064
     137     -42.64538      1.20128        -41.44410   0.00714   137  %  0.2066
     138     -42.64878      1.20468        -41.44410   0.00714   138  %  0.2069
     139     -42.65358      1.20948        -41.44410   0.00714   139  %  0.2074
     140     -42.66034      1.21624        -41.44410   0.00714   140  %  0.2082
     141     -42.66987      1.22578        -41.44410   0.00714   141  %  0.2092
     142     -42.68330      1.23921        -41.44409   0.00714   142  %  0.2108
     143     -42.70220      1.25811        -41.44409   0.00714   143  %  0.2130
     144     -42.72873      1.28462        -41.44410   0.00714   144  %  0.2161
     145     -42.76579      1.32167        -41.44413   0.00711   145  %  0.2206
     146     -42.81727      1.37308        -41.44418   0.00705   146  %  0.2268
     147     -42.86404      1.41972        -41.44432   0.00692   147  %  0.2326
     148     -42.89154      1.44715        -41.44439   0.00684   148  %  0.2360
     149     -42.91424      1.46983        -41.44441   0.00683   149  %  0.2389
     150     -42.94588      1.50150        -41.44438   0.00686   150  %  0.2427


          FINAL GEOMETRY OBTAINED                                 CHARGE
 IRC=-1 LARGE=50 AM1 CHARGE=-1
 Title
 
   C    0.000000  0    0.000000  0    0.000000  0   0  0  0      -0.0322  150AA*
  Cl    1.862113  1    0.000000  0    0.000000  0   1  0  0      -0.4068  150AB*
   H    1.104636  1  102.505382  1    0.000000  0   1  2  0       0.1108  150AC*
   H    1.104561  1  102.497288  1  119.998412  1   1  2  3       0.1107  150AD*
   H    1.104723  1  102.501893  1  239.991807  1   1  2  3       0.1109  150AE*
  Br    2.540470  1  179.985478  1  295.033358  1   1  2  3      -0.8935  150AF*


     POINT   POTENTIAL  +  ENERGY LOST   =   TOTAL      ERROR    REF%   MOVEMENT
     151     -42.98453      1.54025        -41.44429   0.00695   151  %  0.2483
     152     -43.01183      1.56852        -41.44331   0.00793   152  %  0.2504
     153     -43.01821      1.57509        -41.44312   0.00812   153  %  0.2518
     154     -43.02139      1.57826        -41.44312   0.00812   154  %  0.2523
     155     -43.02585      1.58272        -41.44313   0.00811   155  %  0.2530
     156     -43.03213      1.58900        -41.44313   0.00811   156  %  0.2539
     157     -43.04096      1.59783        -41.44313   0.00811   157  %  0.2551
     158     -43.05336      1.61023        -41.44313   0.00811   158  %  0.2568
     159     -43.07073      1.62759        -41.44314   0.00810   159  %  0.2591
     160     -43.09497      1.65181        -41.44316   0.00808   160  %  0.2623
     161     -43.12861      1.68541        -41.44320   0.00804   161  %  0.2669
     162     -43.16563      1.72234        -41.44328   0.00796   162  %  0.2719
     163     -43.19352      1.75016        -41.44336   0.00788   163  %  0.2757
     164     -43.21581      1.77242        -41.44339   0.00785   164  %  0.2788
     165     -43.24461      1.80121        -41.44340   0.00784   165  %  0.2829
     166     -43.28446      1.84107        -41.44339   0.00784   166  %  0.2881
     167     -43.33830      1.89614        -41.44216   0.00908   167  %  0.2979
     168     -43.34992      1.90954        -41.44038   0.01086   168  %  0.2973
     169     -43.35174      1.91139        -41.44035   0.01089   169  %  0.2976
     170     -43.35409      1.91375        -41.44034   0.01090   170  %  0.2980
     171     -43.35739      1.91704        -41.44034   0.01090   171  %  0.2986
     172     -43.36204      1.92170        -41.44034   0.01090   172  %  0.2993
     173     -43.36859      1.92825        -41.44034   0.01090   173  %  0.3003
     174     -43.37781      1.93747        -41.44034   0.01090   174  %  0.3016
     175     -43.39078      1.95044        -41.44034   0.01089   175  %  0.3035
     176     -43.40897      1.96862        -41.44035   0.01089   176  %  0.3061
     177     -43.43440      1.99403        -41.44036   0.01087   177  %  0.3097
     178     -43.46982      2.02942        -41.44040   0.01084   178  %  0.3148
     179     -43.51344      2.07298        -41.44046   0.01078   179  %  0.3221
     180     -43.55047      2.10992        -41.44054   0.01070   180  %  0.3295
     181     -43.57926      2.13871        -41.44056   0.01068   181  %  0.3352
     182     -43.61912      2.17913        -41.43999   0.01125   182  %  0.3443
     183     -43.63119      2.19233        -41.43886   0.01238   183  %  0.3456
     184     -43.63373      2.19494        -41.43879   0.01244   184  %  0.3463
     185     -43.63595      2.19715        -41.43879   0.01245   185  %  0.3468
     186     -43.63906      2.20026        -41.43879   0.01245   186  %  0.3475
     187     -43.64343      2.20464        -41.43879   0.01244   187  %  0.3485
     188     -43.64961      2.21081        -41.43879   0.01244   188  %  0.3498
     189     -43.65831      2.21952        -41.43879   0.01244   189  %  0.3516
     190     -43.67058      2.23178        -41.43880   0.01244   190  %  0.3542
     191     -43.68783      2.24903        -41.43880   0.01244   191  %  0.3578
     192     -43.71205      2.27325        -41.43881   0.01243   192  %  0.3629
     193     -43.74597      2.30715        -41.43882   0.01242   193  %  0.3701
     194     -43.79330      2.35444        -41.43886   0.01238   194  %  0.3802
     195     -43.84820      2.40929        -41.43890   0.01234   195  %  0.3918
     196     -43.90264      2.46583        -41.43681   0.01443   196  %  0.4059
     197     -43.91272      2.47884        -41.43388   0.01736   197  %  0.4057
     198     -43.91386      2.48002        -41.43384   0.01740   198  %  0.4061
     199     -43.91515      2.48131        -41.43383   0.01740   199  %  0.4064
     200     -43.91696      2.48312        -41.43383   0.01741   200  %  0.4068


          FINAL GEOMETRY OBTAINED                                 CHARGE
 IRC=-1 LARGE=50 AM1 CHARGE=-1
 Title
 
   C    0.000000  0    0.000000  0    0.000000  0   0  0  0      -0.0632  200AA*
  Cl    1.816261  1    0.000000  0    0.000000  0   1  0  0      -0.3547  200AB*
   H    1.107021  1  104.703267  1    0.000000  0   1  2  0       0.1128  200AC*
   H    1.107229  1  104.691318  1  119.997677  1   1  2  3       0.1127  200AD*
   H    1.107081  1  104.699812  1  239.991133  1   1  2  3       0.1128  200AE*
  Br    2.631922  1  179.984513  1  301.681043  1   1  2  3      -0.9205  200AF*


     POINT   POTENTIAL  +  ENERGY LOST   =   TOTAL      ERROR    REF%   MOVEMENT
     201     -43.91951      2.48567        -41.43383   0.01741   201  %  0.4075
     202     -43.92310      2.48927        -41.43383   0.01741   202  %  0.4083
     203     -43.92818      2.49435        -41.43383   0.01741   203  %  0.4095
     204     -43.93534      2.50151        -41.43383   0.01741   204  %  0.4111
     205     -43.94544      2.51161        -41.43383   0.01741   205  %  0.4133
     206     -43.95967      2.52584        -41.43383   0.01741   206  %  0.4165
     207     -43.97968      2.54585        -41.43383   0.01741   207  %  0.4209
     208     -44.00778      2.57394        -41.43384   0.01740   208  %  0.4272
     209     -44.04710      2.61324        -41.43386   0.01738   209  %  0.4360
     210     -44.10185      2.66799        -41.43386   0.01738   210  %  0.4486
     211     -44.17218      2.74567        -41.42651   0.02473   211  %  0.4639
     212     -44.18392      2.76358        -41.42034   0.03090   212  %  0.4672
     213     -44.18447      2.76413        -41.42034   0.03090   213  %  0.4674
     214     -44.18526      2.76492        -41.42034   0.03090   214  %  0.4675
     215     -44.18637      2.76604        -41.42033   0.03090   215  %  0.4678
     216     -44.18794      2.76761        -41.42033   0.03091   216  %  0.4682
     217     -44.19016      2.76983        -41.42033   0.03091   217  %  0.4687
     218     -44.19329      2.77295        -41.42033   0.03091   218  %  0.4695
     219     -44.19770      2.77737        -41.42033   0.03091   219  %  0.4705
     220     -44.20393      2.78360        -41.42033   0.03091   220  %  0.4720
     221     -44.21271      2.79239        -41.42033   0.03091   221  %  0.4740
     222     -44.22510      2.80477        -41.42033   0.03091   222  %  0.4769
     223     -44.24252      2.82219        -41.42033   0.03091   223  %  0.4810
     224     -44.26699      2.84665        -41.42034   0.03090   224  %  0.4868
     225     -44.30124      2.88089        -41.42035   0.03089   225  %  0.4949
     226     -44.34897      2.92860        -41.42037   0.03087   226  %  0.5065
     227     -44.41272      2.99560        -41.41712   0.03412   227  %  0.5212
     228     -44.42292      3.01144        -41.41148   0.03976   228  %  0.5249
     229     -44.42377      3.01235        -41.41142   0.03982   229  %  0.5250
     230     -44.42449      3.01307        -41.41142   0.03981   230  %  0.5251
     231     -44.42550      3.01407        -41.41143   0.03981   231  %  0.5253
     232     -44.42691      3.01548        -41.41143   0.03981   232  %  0.5256
     233     -44.42887      3.01744        -41.41144   0.03980   233  %  0.5260
     234     -44.43162      3.02017        -41.41144   0.03979   234  %  0.5266
     235     -44.43547      3.02402        -41.41145   0.03979   235  %  0.5275
     236     -44.44089      3.02944        -41.41145   0.03979   236  %  0.5288
     237     -44.44854      3.03709        -41.41145   0.03979   237  %  0.5306
     238     -44.45931      3.04786        -41.41145   0.03979   238  %  0.5333
     239     -44.47447      3.06302        -41.41145   0.03979   239  %  0.5370
     240     -44.49576      3.08431        -41.41145   0.03978   240  %  0.5423
     241     -44.52557      3.11411        -41.41147   0.03977   241  %  0.5498
     242     -44.56714      3.15567        -41.41147   0.03977   242  %  0.5601
     243     -44.62250      3.21387        -41.40863   0.04261   243  %  0.5766
     244     -44.63198      3.22840        -41.40358   0.04766   244  %  0.5763
     245     -44.63281      3.22931        -41.40350   0.04774   245  %  0.5766
     246     -44.63348      3.22998        -41.40350   0.04774   246  %  0.5768
     247     -44.63440      3.23090        -41.40350   0.04774   247  %  0.5771
     248     -44.63567      3.23218        -41.40350   0.04774   248  %  0.5775
     249     -44.63746      3.23396        -41.40349   0.04774   249  %  0.5780
     250     -44.63995      3.23645        -41.40349   0.04774   250  %  0.5788


          FINAL GEOMETRY OBTAINED                                 CHARGE
 IRC=-1 LARGE=50 AM1 CHARGE=-1
 Title
 
   C    0.000000  0    0.000000  0    0.000000  0   0  0  0      -0.0758  250AA*
  Cl    1.804662  1    0.000000  0    0.000000  0   1  0  0      -0.3324  250AB*
   H    1.107838  1  105.483855  1    0.000000  0   1  2  0       0.1139  250AC*
   H    1.107981  1  105.471195  1  119.997846  1   1  2  3       0.1138  250AD*
   H    1.107786  1  105.480490  1  239.991358  1   1  2  3       0.1139  250AE*
  Br    2.695796  1  179.982396  1  306.144048  1   1  2  3      -0.9333  250AF*


     POINT   POTENTIAL  +  ENERGY LOST   =   TOTAL      ERROR    REF%   MOVEMENT
     251     -44.64345      3.23995        -41.40349   0.04774   251  %  0.5797
     252     -44.64837      3.24487        -41.40350   0.04774   252  %  0.5810
     253     -44.65531      3.25181        -41.40350   0.04774   253  %  0.5829
     254     -44.66509      3.26159        -41.40350   0.04774   254  %  0.5854
     255     -44.67886      3.27536        -41.40350   0.04774   255  %  0.5890
     256     -44.69819      3.29468        -41.40351   0.04773   256  %  0.5941
     257     -44.72526      3.32174        -41.40352   0.04772   257  %  0.6012
     258     -44.76297      3.35944        -41.40353   0.04771   258  %  0.6114
     259     -44.81367      3.41236        -41.40131   0.04993   259  %  0.6238
     260     -44.82244      3.42616        -41.39629   0.05495   260  %  0.6283
     261     -44.82338      3.42719        -41.39619   0.05505   261  %  0.6283
     262     -44.82401      3.42782        -41.39620   0.05504   262  %  0.6284
     263     -44.82488      3.42868        -41.39620   0.05504   263  %  0.6285
     264     -44.82608      3.42987        -41.39621   0.05503   264  %  0.6287
     265     -44.82772      3.43150        -41.39622   0.05502   265  %  0.6290
     266     -44.82999      3.43377        -41.39623   0.05501   266  %  0.6295
     267     -44.83317      3.43693        -41.39623   0.05500   267  %  0.6303
     268     -44.83762      3.44138        -41.39624   0.05500   268  %  0.6314
     269     -44.84389      3.44765        -41.39624   0.05500   269  %  0.6331
     270     -44.85272      3.45649        -41.39624   0.05500   270  %  0.6355
     271     -44.86515      3.46892        -41.39623   0.05500   271  %  0.6389
     272     -44.88260      3.48636        -41.39624   0.05500   272  %  0.6437
     273     -44.90702      3.51078        -41.39625   0.05499   273  %  0.6505
     274     -44.94106      3.54483        -41.39623   0.05501   274  %  0.6598
     275     -44.98484      3.59292        -41.39191   0.05932   275  %  0.6757
     276     -44.99317      3.60615        -41.38703   0.06421   276  %  0.6745
     277     -44.99369      3.60668        -41.38700   0.06424   277  %  0.6747
     278     -44.99441      3.60741        -41.38700   0.06424   278  %  0.6749
     279     -44.99542      3.60842        -41.38700   0.06424   279  %  0.6752
     280     -44.99685      3.60985        -41.38700   0.06424   280  %  0.6757
     281     -44.99886      3.61186        -41.38700   0.06424   281  %  0.6763
     282     -45.00170      3.61471        -41.38700   0.06424   282  %  0.6771
     283     -45.00572      3.61872        -41.38700   0.06424   283  %  0.6783
     284     -45.01138      3.62438        -41.38700   0.06424   284  %  0.6799
     285     -45.01935      3.63236        -41.38700   0.06424   285  %  0.6822
     286     -45.03058      3.64358        -41.38700   0.06424   286  %  0.6854
     287     -45.04633      3.65933        -41.38700   0.06424   287  %  0.6900
     288     -45.06839      3.68138        -41.38701   0.06423   288  %  0.6964
     289     -45.09913      3.71210        -41.38703   0.06421   289  %  0.7055
     290     -45.14109      3.75497        -41.38613   0.06511   290  %  0.7169
     291     -45.15005      3.76887        -41.38118   0.07006   291  %  0.7227
     292     -45.15170      3.77079        -41.38091   0.07033   292  %  0.7226
     293     -45.15227      3.77135        -41.38092   0.07032   293  %  0.7226
     294     -45.15303      3.77210        -41.38093   0.07031   294  %  0.7226
     295     -45.15405      3.77311        -41.38094   0.07030   295  %  0.7227
     296     -45.15540      3.77444        -41.38095   0.07029   296  %  0.7228
     297     -45.15720      3.77623        -41.38097   0.07027   297  %  0.7232
     298     -45.15964      3.77865        -41.38099   0.07025   298  %  0.7237
     299     -45.16303      3.78203        -41.38100   0.07024   299  %  0.7246
     300     -45.16778      3.78678        -41.38100   0.07024   300  %  0.7259


          FINAL GEOMETRY OBTAINED                                 CHARGE
 IRC=-1 LARGE=50 AM1 CHARGE=-1
 Title
 
   C    0.000000  0    0.000000  0    0.000000  0   0  0  0      -0.0837  300AA*
  Cl    1.798748  1    0.000000  0    0.000000  0   1  0  0      -0.3181  300AB*
   H    1.108190  1  105.945665  1    0.000000  0   1  2  0       0.1146  300AC*
   H    1.108164  1  105.932559  1  119.997626  1   1  2  3       0.1144  300AD*
   H    1.108189  1  105.941975  1  239.990750  1   1  2  3       0.1145  300AE*
  Br    2.746425  1  179.978195  1  307.089754  1   1  2  3      -0.9417  300AF*


     POINT   POTENTIAL  +  ENERGY LOST   =   TOTAL      ERROR    REF%   MOVEMENT
     301     -45.17447      3.79348        -41.38100   0.07024   301  %  0.7279
     302     -45.18388      3.80289        -41.38099   0.07025   302  %  0.7308
     303     -45.19710      3.81611        -41.38099   0.07025   303  %  0.7348
     304     -45.21562      3.83462        -41.38100   0.07024   304  %  0.7404
     305     -45.24145      3.86044        -41.38101   0.07022   305  %  0.7484
     306     -45.27728      3.89623        -41.38104   0.07020   306  %  0.7596
     307     -45.32155      3.94196        -41.37958   0.07165   307  %  0.7727
     308     -45.32902      3.95648        -41.37253   0.07871   308  %  0.7781
     309     -45.33037      3.95810        -41.37227   0.07896   309  %  0.7780
     310     -45.33086      3.95857        -41.37228   0.07896   310  %  0.7780
     311     -45.33149      3.95920        -41.37229   0.07895   311  %  0.7780
     312     -45.33233      3.96003        -41.37230   0.07894   312  %  0.7780
     313     -45.33341      3.96111        -41.37231   0.07893   313  %  0.7781
     314     -45.33482      3.96249        -41.37233   0.07891   314  %  0.7783
     315     -45.33666      3.96431        -41.37235   0.07889   315  %  0.7787
     316     -45.33915      3.96678        -41.37236   0.07887   316  %  0.7793
     317     -45.34260      3.97023        -41.37237   0.07887   317  %  0.7803
     318     -45.34744      3.97507        -41.37237   0.07887   318  %  0.7818
     319     -45.35426      3.98189        -41.37237   0.07887   319  %  0.7840
     320     -45.36384      3.99147        -41.37237   0.07887   320  %  0.7871
     321     -45.37728      4.00491        -41.37237   0.07887   321  %  0.7914
     322     -45.39608      4.02370        -41.37237   0.07887   322  %  0.7976
     323     -45.42212      4.04997        -41.37215   0.07908   323  %  0.8057
     324     -45.43324      4.06383        -41.36941   0.08183   324  %  0.8116
     325     -45.43588      4.06706        -41.36882   0.08242   325  %  0.8115
     326     -45.43643      4.06760        -41.36883   0.08241   326  %  0.8116
     327     -45.43719      4.06835        -41.36884   0.08240   327  %  0.8117
     328     -45.43823      4.06938        -41.36884   0.08239   328  %  0.8119
     329     -45.43964      4.07079        -41.36885   0.08239   329  %  0.8122
     330     -45.44159      4.07273        -41.36886   0.08238   330  %  0.8127
     331     -45.44431      4.07544        -41.36887   0.08237   331  %  0.8136
     332     -45.44813      4.07927        -41.36887   0.08237   332  %  0.8148
     333     -45.45352      4.08465        -41.36886   0.08237   333  %  0.8166
     334     -45.46109      4.09223        -41.36886   0.08238   334  %  0.8191
     335     -45.47173      4.10287        -41.36886   0.08238   335  %  0.8227
     336     -45.48664      4.11777        -41.36887   0.08237   336  %  0.8277
     337     -45.50743      4.13855        -41.36888   0.08236   337  %  0.8348
     338     -45.53626      4.16739        -41.36887   0.08237   338  %  0.8446
     339     -45.57018      4.20840        -41.36178   0.08946   339  %  0.8614
     340     -45.57920      4.22511        -41.35410   0.09714   340  %  0.8596
     341     -45.57947      4.22539        -41.35407   0.09716   341  %  0.8597
     342     -45.57984      4.22577        -41.35407   0.09717   342  %  0.8599
     343     -45.58037      4.22630        -41.35407   0.09717   343  %  0.8601
     344     -45.58112      4.22705        -41.35407   0.09717   344  %  0.8603
     345     -45.58217      4.22810        -41.35407   0.09717   345  %  0.8607
     346     -45.58365      4.22958        -41.35407   0.09717   346  %  0.8613
     347     -45.58575      4.23168        -41.35407   0.09717   347  %  0.8620
     348     -45.58870      4.23463        -41.35407   0.09717   348  %  0.8631
     349     -45.59287      4.23880        -41.35407   0.09717   349  %  0.8646
     350     -45.59874      4.24467        -41.35407   0.09717   350  %  0.8667


          FINAL GEOMETRY OBTAINED                                 CHARGE
 IRC=-1 LARGE=50 AM1 CHARGE=-1
 Title
 
   C    0.000000  0    0.000000  0    0.000000  0   0  0  0      -0.0898  350AA*
  Cl    1.794590  1    0.000000  0    0.000000  0   1  0  0      -0.3067  350AB*
   H    1.108541  1  106.295376  1    0.000000  0   1  2  0       0.1151  350AC*
   H    1.108513  1  106.281584  1  119.998422  1   1  2  3       0.1149  350AD*
   H    1.108534  1  106.290754  1  239.990915  1   1  2  3       0.1150  350AE*
  Br    2.793183  1  179.973774  1  307.728708  1   1  2  3      -0.9486  350AF*


     POINT   POTENTIAL  +  ENERGY LOST   =   TOTAL      ERROR    REF%   MOVEMENT
     351     -45.60699      4.25292        -41.35407   0.09717   351  %  0.8696
     352     -45.61856      4.26449        -41.35407   0.09716   352  %  0.8738
     353     -45.63474      4.28066        -41.35408   0.09716   353  %  0.8796
     354     -45.65723      4.30313        -41.35410   0.09714   354  %  0.8879
     355     -45.68790      4.33436        -41.35354   0.09770   355  %  0.8985
     356     -45.69459      4.34733        -41.34727   0.10397   356  %  0.9047
     357     -45.69684      4.35014        -41.34670   0.10454   357  %  0.9044
     358     -45.69729      4.35057        -41.34672   0.10452   358  %  0.9043
     359     -45.69787      4.35115        -41.34673   0.10451   359  %  0.9043
     360     -45.69862      4.35188        -41.34674   0.10450   360  %  0.9043
     361     -45.69955      4.35279        -41.34676   0.10448   361  %  0.9044
     362     -45.70071      4.35393        -41.34678   0.10446   362  %  0.9045
     363     -45.70220      4.35539        -41.34681   0.10443   363  %  0.9048
     364     -45.70414      4.35732        -41.34683   0.10441   364  %  0.9054
     365     -45.70682      4.35999        -41.34683   0.10440   365  %  0.9063
     366     -45.71058      4.36375        -41.34683   0.10440   366  %  0.9076
     367     -45.71587      4.36903        -41.34683   0.10441   367  %  0.9096
     368     -45.72329      4.37646        -41.34683   0.10441   368  %  0.9124
     369     -45.73371      4.38688        -41.34683   0.10441   369  %  0.9163
     370     -45.74825      4.40143        -41.34683   0.10441   370  %  0.9220
     371     -45.76809      4.42192        -41.34617   0.10507   371  %  0.9289
     372     -45.77326      4.42992        -41.34334   0.10789   372  %  0.9328
     373     -45.77438      4.43123        -41.34315   0.10809   373  %  0.9328
     374     -45.77483      4.43167        -41.34316   0.10808   374  %  0.9329
     375     -45.77544      4.43227        -41.34316   0.10807   375  %  0.9329
     376     -45.77625      4.43308        -41.34317   0.10807   376  %  0.9331
     377     -45.77735      4.43417        -41.34318   0.10806   377  %  0.9334
     378     -45.77886      4.43566        -41.34319   0.10805   378  %  0.9338
     379     -45.78094      4.43775        -41.34320   0.10804   379  %  0.9346
     380     -45.78388      4.44068        -41.34320   0.10804   380  %  0.9357
     381     -45.78800      4.44481        -41.34320   0.10804   381  %  0.9373
     382     -45.79381      4.45062        -41.34320   0.10804   382  %  0.9396
     383     -45.80196      4.45877        -41.34320   0.10804   383  %  0.9428
     384     -45.81338      4.47018        -41.34320   0.10804   384  %  0.9473
     385     -45.82930      4.48609        -41.34321   0.10803   385  %  0.9536
     386     -45.85134      4.50813        -41.34321   0.10803   386  %  0.9626
     387     -45.87851      4.53938        -41.33913   0.11211   387  %  0.9730
     388     -45.88432      4.55339        -41.33093   0.12031   388  %  0.9772
     389     -45.88474      4.55389        -41.33085   0.12039   389  %  0.9771
     390     -45.88501      4.55416        -41.33085   0.12039   390  %  0.9772
     391     -45.88537      4.55452        -41.33086   0.12038   391  %  0.9772
     392     -45.88586      4.55499        -41.33086   0.12038   392  %  0.9773
     393     -45.88650      4.55563        -41.33087   0.12037   393  %  0.9774
     394     -45.88735      4.55647        -41.33088   0.12036   394  %  0.9776
     395     -45.88851      4.55761        -41.33089   0.12035   395  %  0.9779
     396     -45.89008      4.55918        -41.33090   0.12034   396  %  0.9785
     397     -45.89229      4.56138        -41.33091   0.12033   397  %  0.9793
     398     -45.89538      4.56448        -41.33090   0.12033   398  %  0.9806
     399     -45.89974      4.56884        -41.33090   0.12034   399  %  0.9824
     400     -45.90587      4.57497        -41.33090   0.12034   400  %  0.9850


          FINAL GEOMETRY OBTAINED                                 CHARGE
 IRC=-1 LARGE=50 AM1 CHARGE=-1
 Title
 
   C    0.000000  0    0.000000  0    0.000000  0   0  0  0      -0.0942  400AA*
  Cl    1.791851  1    0.000000  0    0.000000  0   1  0  0      -0.2983  400AB*
   H    1.108753  1  106.539879  1    0.000000  0   1  2  0       0.1154  400AC*
   H    1.108720  1  106.525570  1  119.997685  1   1  2  3       0.1153  400AD*
   H    1.108744  1  106.535750  1  239.990445  1   1  2  3       0.1154  400AE*
  Br    2.831582  1  179.970190  1  308.940096  1   1  2  3      -0.9536  400AF*


     POINT   POTENTIAL  +  ENERGY LOST   =   TOTAL      ERROR    REF%   MOVEMENT
     401     -45.91446      4.58356        -41.33090   0.12034   401  %  0.9886
     402     -45.92646      4.59555        -41.33091   0.12033   402  %  0.9937
     403     -45.94304      4.61233        -41.33071   0.12052   403  %  1.0004
     404     -45.94987      4.62237        -41.32750   0.12374   404  %  1.0058
     405     -45.95218      4.62542        -41.32676   0.12448   405  %  1.0055
     406     -45.95253      4.62575        -41.32678   0.12445   406  %  1.0055
     407     -45.95301      4.62622        -41.32679   0.12445   407  %  1.0056
     408     -45.95364      4.62684        -41.32680   0.12444   408  %  1.0057
     409     -45.95448      4.62767        -41.32681   0.12443   409  %  1.0059
     410     -45.95561      4.62879        -41.32682   0.12442   410  %  1.0063
     411     -45.95716      4.63033        -41.32683   0.12441   411  %  1.0069
     412     -45.95932      4.63249        -41.32683   0.12441   412  %  1.0078
     413     -45.96236      4.63553        -41.32683   0.12441   413  %  1.0091
     414     -45.96665      4.63982        -41.32683   0.12441   414  %  1.0109
     415     -45.97266      4.64584        -41.32683   0.12441   415  %  1.0135
     416     -45.98110      4.65427        -41.32683   0.12441   416  %  1.0172
     417     -45.99287      4.66603        -41.32683   0.12441   417  %  1.0225
     418     -46.00904      4.68250        -41.32654   0.12470   418  %  1.0292
     419     -46.01419      4.69120        -41.32299   0.12825   419  %  1.0340
     420     -46.01605      4.69359        -41.32245   0.12879   420  %  1.0338
     421     -46.01639      4.69392        -41.32247   0.12877   421  %  1.0338
     422     -46.01685      4.69438        -41.32248   0.12876   422  %  1.0339
     423     -46.01745      4.69496        -41.32249   0.12875   423  %  1.0339
     424     -46.01822      4.69572        -41.32250   0.12874   424  %  1.0341
     425     -46.01923      4.69671        -41.32252   0.12872   425  %  1.0344
     426     -46.02060      4.69807        -41.32253   0.12871   426  %  1.0349
     427     -46.02250      4.69996        -41.32253   0.12871   427  %  1.0357
     428     -46.02516      4.70263        -41.32253   0.12871   428  %  1.0369
     429     -46.02891      4.70638        -41.32253   0.12871   429  %  1.0386
     430     -46.03418      4.71165        -41.32253   0.12871   430  %  1.0410
     431     -46.04157      4.71904        -41.32253   0.12871   431  %  1.0444
     432     -46.05189      4.72936        -41.32253   0.12871   432  %  1.0492
     433     -46.06607      4.74383        -41.32224   0.12900   433  %  1.0553
     434     -46.07068      4.75160        -41.31908   0.13216   434  %  1.0598
     435     -46.07235      4.75376        -41.31860   0.13264   435  %  1.0596
     436     -46.07268      4.75407        -41.31861   0.13262   436  %  1.0596
     437     -46.07312      4.75450        -41.31862   0.13262   437  %  1.0596
     438     -46.07369      4.75506        -41.31863   0.13261   438  %  1.0597
     439     -46.07444      4.75579        -41.31864   0.13260   439  %  1.0599
     440     -46.07542      4.75677        -41.31866   0.13258   440  %  1.0603
     441     -46.07677      4.75810        -41.31867   0.13257   441  %  1.0608
     442     -46.07864      4.75997        -41.31867   0.13257   442  %  1.0616
     443     -46.08127      4.76260        -41.31867   0.13257   443  %  1.0628
     444     -46.08497      4.76631        -41.31867   0.13257   444  %  1.0646
     445     -46.09017      4.77151        -41.31867   0.13257   445  %  1.0670
     446     -46.09746      4.77879        -41.31867   0.13257   446  %  1.0705
     447     -46.10763      4.78896        -41.31867   0.13257   447  %  1.0755
     448     -46.12158      4.80320        -41.31839   0.13285   448  %  1.0818
     449     -46.12586      4.81118        -41.31468   0.13656   449  %  1.0865
     450     -46.12773      4.81365        -41.31408   0.13716   450  %  1.0863


          FINAL GEOMETRY OBTAINED                                 CHARGE
 IRC=-1 LARGE=50 AM1 CHARGE=-1
 Title
 
   C    0.000000  0    0.000000  0    0.000000  0   0  0  0      -0.0971  450AA*
  Cl    1.789987  1    0.000000  0    0.000000  0   1  0  0      -0.2925  450AB*
   H    1.108552  1  106.717211  1    0.000000  0   1  2  0       0.1156  450AC*
   H    1.107937  1  106.706612  1  119.997961  1   1  2  3       0.1154  450AD*
   H    1.108329  1  106.714715  1  239.993562  1   1  2  3       0.1156  450AE*
  Br    2.863672  1  179.964221  1  310.767752  1   1  2  3      -0.9570  450AF*


     POINT   POTENTIAL  +  ENERGY LOST   =   TOTAL      ERROR    REF%   MOVEMENT
     451     -46.12804      4.81394        -41.31410   0.13714   451  %  1.0863
     452     -46.12844      4.81434        -41.31411   0.13713   452  %  1.0863
     453     -46.12896      4.81484        -41.31412   0.13712   453  %  1.0864
     454     -46.12962      4.81549        -41.31413   0.13711   454  %  1.0865
     455     -46.13047      4.81632        -41.31415   0.13709   455  %  1.0868
     456     -46.13161      4.81745        -41.31416   0.13708   456  %  1.0872
     457     -46.13318      4.81901        -41.31417   0.13707   457  %  1.0879
     458     -46.13538      4.82121        -41.31417   0.13707   458  %  1.0889
     459     -46.13847      4.82431        -41.31416   0.13707   459  %  1.0905
     460     -46.14282      4.82866        -41.31416   0.13708   460  %  1.0926
     461     -46.14893      4.83476        -41.31416   0.13708   461  %  1.0956
     462     -46.15745      4.84329        -41.31416   0.13708   462  %  1.1000
     463     -46.16919      4.85525        -41.31394   0.13730   463  %  1.1055
     464     -46.17339      4.86249        -41.31091   0.14033   464  %  1.1100
     465     -46.17518      4.86489        -41.31030   0.14094   465  %  1.1098
     466     -46.17547      4.86515        -41.31031   0.14092   466  %  1.1098
     467     -46.17585      4.86553        -41.31032   0.14092   467  %  1.1098
     468     -46.17634      4.86602        -41.31033   0.14091   468  %  1.1099
     469     -46.17699      4.86665        -41.31034   0.14090   469  %  1.1101
     470     -46.17784      4.86748        -41.31035   0.14089   470  %  1.1104
     471     -46.17900      4.86864        -41.31036   0.14088   471  %  1.1109
     472     -46.18062      4.87025        -41.31036   0.14088   472  %  1.1117
     473     -46.18289      4.87253        -41.31036   0.14088   473  %  1.1128
     474     -46.18609      4.87573        -41.31036   0.14088   474  %  1.1145
     475     -46.19059      4.88023        -41.31036   0.14088   475  %  1.1168
     476     -46.19689      4.88653        -41.31036   0.14088   476  %  1.1201
     477     -46.20568      4.89532        -41.31036   0.14088   477  %  1.1247
     478     -46.21777      4.90761        -41.31017   0.14107   478  %  1.1307
     479     -46.22175      4.91560        -41.30615   0.14509   479  %  1.1358
     480     -46.22406      4.91881        -41.30525   0.14599   480  %  1.1354
     481     -46.22432      4.91904        -41.30527   0.14596   481  %  1.1354
     482     -46.22466      4.91938        -41.30528   0.14596   482  %  1.1355
     483     -46.22510      4.91981        -41.30529   0.14595   483  %  1.1355
     484     -46.22565      4.92035        -41.30530   0.14594   484  %  1.1356
     485     -46.22636      4.92104        -41.30532   0.14592   485  %  1.1358
     486     -46.22729      4.92196        -41.30533   0.14591   486  %  1.1362
     487     -46.22856      4.92323        -41.30534   0.14590   487  %  1.1368
     488     -46.23035      4.92501        -41.30534   0.14590   488  %  1.1377
     489     -46.23286      4.92752        -41.30534   0.14590   489  %  1.1391
     490     -46.23639      4.93105        -41.30533   0.14590   490  %  1.1410
     491     -46.24134      4.93600        -41.30533   0.14590   491  %  1.1436
     492     -46.24826      4.94293        -41.30533   0.14591   492  %  1.1475
     493     -46.25784      4.95262        -41.30523   0.14601   493  %  1.1524
     494     -46.26260      4.96035        -41.30224   0.14900   494  %  1.1577
     495     -46.26500      4.96392        -41.30109   0.15015   495  %  1.1572
     496     -46.26521      4.96411        -41.30110   0.15014   496  %  1.1573
     497     -46.26551      4.96440        -41.30111   0.15013   497  %  1.1573
     498     -46.26590      4.96479        -41.30111   0.15013   498  %  1.1574
     499     -46.26643      4.96531        -41.30112   0.15012   499  %  1.1576
     500     -46.26714      4.96601        -41.30113   0.15011   500  %  1.1579


          FINAL GEOMETRY OBTAINED                                 CHARGE
 IRC=-1 LARGE=50 AM1 CHARGE=-1
 Title
 
   C    0.000000  0    0.000000  0    0.000000  0   0  0  0      -0.0994  500AA*
  Cl    1.788765  1    0.000000  0    0.000000  0   1  0  0      -0.2881  500AB*
   H    1.108943  1  106.835389  1    0.000000  0   1  2  0       0.1158  500AC*
   H    1.108863  1  106.821834  1  119.997676  1   1  2  3       0.1156  500AD*
   H    1.108915  1  106.831787  1  239.991424  1   1  2  3       0.1158  500AE*
  Br    2.886610  1  179.962688  1  310.977640  1   1  2  3      -0.9596  500AF*


     POINT   POTENTIAL  +  ENERGY LOST   =   TOTAL      ERROR    REF%   MOVEMENT
     501     -46.26812      4.96699        -41.30113   0.15011   501  %  1.1584
     502     -46.26950      4.96837        -41.30113   0.15011   502  %  1.1592
     503     -46.27144      4.97031        -41.30113   0.15011   503  %  1.1602
     504     -46.27416      4.97304        -41.30113   0.15011   504  %  1.1617
     505     -46.27800      4.97687        -41.30113   0.15011   505  %  1.1639
     506     -46.28337      4.98224        -41.30113   0.15011   506  %  1.1669
     507     -46.29086      4.98973        -41.30113   0.15011   507  %  1.1712
     508     -46.30125      5.00016        -41.30109   0.15015   508  %  1.1770
     509     -46.30857      5.01335        -41.29522   0.15602   509  %  1.1862
     510     -46.31412      5.02368        -41.29044   0.16080   510  %  1.1848
     511     -46.31423      5.02379        -41.29044   0.16080   511  %  1.1849
     512     -46.31439      5.02395        -41.29044   0.16080   512  %  1.1849
     513     -46.31461      5.02417        -41.29044   0.16080   513  %  1.1850
     514     -46.31493      5.02449        -41.29044   0.16080   514  %  1.1852
     515     -46.31537      5.02493        -41.29044   0.16080   515  %  1.1854
     516     -46.31599      5.02555        -41.29044   0.16080   516  %  1.1858
     517     -46.31687      5.02642        -41.29044   0.16079   517  %  1.1862
     518     -46.31810      5.02766        -41.29044   0.16079   518  %  1.1870
     519     -46.31984      5.02939        -41.29044   0.16080   519  %  1.1880
     520     -46.32228      5.03184        -41.29044   0.16080   520  %  1.1894
     521     -46.32572      5.03527        -41.29044   0.16080   521  %  1.1914
     522     -46.33053      5.04009        -41.29044   0.16080   522  %  1.1943
     523     -46.33725      5.04681        -41.29045   0.16079   523  %  1.1984
     524     -46.34658      5.05615        -41.29043   0.16081   524  %  1.2038
     525     -46.35509      5.07012        -41.28496   0.16628   525  %  1.2140
     526     -46.36056      5.08251        -41.27805   0.17319   526  %  1.2122
     527     -46.36069      5.08268        -41.27801   0.17323   527  %  1.2124
     528     -46.36082      5.08281        -41.27801   0.17323   528  %  1.2125
     529     -46.36100      5.08299        -41.27801   0.17323   529  %  1.2126
     530     -46.36124      5.08324        -41.27800   0.17323   530  %  1.2128
     531     -46.36158      5.08358        -41.27800   0.17324   531  %  1.2130
     532     -46.36205      5.08405        -41.27800   0.17324   532  %  1.2134
     533     -46.36270      5.08470        -41.27800   0.17324   533  %  1.2138
     534     -46.36361      5.08561        -41.27800   0.17324   534  %  1.2144
     535     -46.36490      5.08690        -41.27800   0.17324   535  %  1.2152
     536     -46.36672      5.08872        -41.27800   0.17324   536  %  1.2164
     537     -46.36928      5.09128        -41.27800   0.17324   537  %  1.2180
     538     -46.37287      5.09487        -41.27800   0.17324   538  %  1.2202
     539     -46.37790      5.09989        -41.27800   0.17324   539  %  1.2234
     540     -46.38489      5.10689        -41.27800   0.17324   540  %  1.2279
     541     -46.39398      5.11686        -41.27711   0.17413   541  %  1.2332
     542     -46.39534      5.12319        -41.27214   0.17909   542  %  1.2368
     543     -46.39623      5.12436        -41.27187   0.17937   543  %  1.2366
     544     -46.39648      5.12460        -41.27188   0.17936   544  %  1.2366
     545     -46.39678      5.12489        -41.27189   0.17935   545  %  1.2366
     546     -46.39715      5.12525        -41.27190   0.17934   546  %  1.2366
     547     -46.39758      5.12567        -41.27192   0.17932   547  %  1.2366
     548     -46.39808      5.12615        -41.27193   0.17930   548  %  1.2367
     549     -46.39869      5.12674        -41.27195   0.17929   549  %  1.2369
     550     -46.39949      5.12752        -41.27196   0.17927   550  %  1.2373


          FINAL GEOMETRY OBTAINED                                 CHARGE
 IRC=-1 LARGE=50 AM1 CHARGE=-1
 Title
 
   C    0.000000  0    0.000000  0    0.000000  0   0  0  0      -0.1017  550AA*
  Cl    1.787590  1    0.000000  0    0.000000  0   1  0  0      -0.2837  550AB*
   H    1.109051  1  106.953024  1    0.000000  0   1  2  0       0.1160  550AC*
   H    1.108990  1  106.938940  1  119.997634  1   1  2  3       0.1158  550AD*
   H    1.109024  1  106.949227  1  239.991094  1   1  2  3       0.1159  550AE*
  Br    2.911556  1  179.958502  1  312.092095  1   1  2  3      -0.9622  550AF*


     POINT   POTENTIAL  +  ENERGY LOST   =   TOTAL      ERROR    REF%   MOVEMENT
     551     -46.40058      5.12861        -41.27197   0.17927   551  %  1.2380
     552     -46.40212      5.13015        -41.27197   0.17927   552  %  1.2389
     553     -46.40428      5.13231        -41.27197   0.17927   553  %  1.2403
     554     -46.40731      5.13534        -41.27196   0.17927   554  %  1.2423
     555     -46.41155      5.13959        -41.27196   0.17927   555  %  1.2451
     556     -46.41747      5.14551        -41.27196   0.17927   556  %  1.2490
     557     -46.42554      5.15376        -41.27178   0.17945   557  %  1.2550
     558     -46.42750      5.16002        -41.26748   0.18375   558  %  1.2557
     559     -46.42989      5.16362        -41.26626   0.18497   559  %  1.2570
     560     -46.43007      5.16379        -41.26628   0.18496   560  %  1.2571
     561     -46.43030      5.16402        -41.26628   0.18496   561  %  1.2573
     562     -46.43060      5.16432        -41.26628   0.18496   562  %  1.2575
     563     -46.43095      5.16467        -41.26628   0.18496   563  %  1.2578
     564     -46.43138      5.16510        -41.26628   0.18496   564  %  1.2582
     565     -46.43193      5.16565        -41.26629   0.18495   565  %  1.2587
     566     -46.43268      5.16638        -41.26629   0.18495   566  %  1.2592
     567     -46.43371      5.16741        -41.26629   0.18495   567  %  1.2600
     568     -46.43516      5.16887        -41.26629   0.18494   568  %  1.2610
     569     -46.43721      5.17091        -41.26630   0.18494   569  %  1.2624
     570     -46.44008      5.17378        -41.26630   0.18494   570  %  1.2644
     571     -46.44410      5.17781        -41.26630   0.18494   571  %  1.2671
     572     -46.44970      5.18342        -41.26629   0.18495   572  %  1.2712
     573     -46.45655      5.19161        -41.26494   0.18630   573  %  1.2755
     574     -46.45812      5.19764        -41.26048   0.19076   574  %  1.2786
     575     -46.45860      5.19827        -41.26033   0.19091   575  %  1.2785
     576     -46.45879      5.19846        -41.26033   0.19091   576  %  1.2785
     577     -46.45903      5.19869        -41.26034   0.19090   577  %  1.2784
     578     -46.45932      5.19897        -41.26035   0.19089   578  %  1.2785
     579     -46.45967      5.19931        -41.26036   0.19088   579  %  1.2785
     580     -46.46009      5.19972        -41.26037   0.19087   580  %  1.2786
     581     -46.46063      5.20025        -41.26038   0.19086   581  %  1.2789
     582     -46.46136      5.20097        -41.26039   0.19085   582  %  1.2793
     583     -46.46237      5.20198        -41.26039   0.19085   583  %  1.2800
     584     -46.46379      5.20340        -41.26039   0.19085   584  %  1.2810
     585     -46.46579      5.20540        -41.26039   0.19085   585  %  1.2824
     586     -46.46859      5.20820        -41.26039   0.19085   586  %  1.2844
     587     -46.47251      5.21212        -41.26039   0.19085   587  %  1.2873
     588     -46.47794      5.21762        -41.26031   0.19093   588  %  1.2910
     589     -46.48048      5.22316        -41.25733   0.19391   589  %  1.2960
     590     -46.48289      5.22721        -41.25568   0.19556   590  %  1.2952
     591     -46.48300      5.22731        -41.25569   0.19555   591  %  1.2953
     592     -46.48316      5.22747        -41.25569   0.19555   592  %  1.2953
     593     -46.48338      5.22769        -41.25569   0.19554   593  %  1.2954
     594     -46.48368      5.22798        -41.25570   0.19554   594  %  1.2956
     595     -46.48408      5.22838        -41.25570   0.19554   595  %  1.2958
     596     -46.48465      5.22894        -41.25570   0.19553   596  %  1.2962
     597     -46.48544      5.22973        -41.25570   0.19553   597  %  1.2968
     598     -46.48655      5.23085        -41.25570   0.19554   598  %  1.2976
     599     -46.48811      5.23241        -41.25570   0.19554   599  %  1.2987
     600     -46.49031      5.23461        -41.25570   0.19554   600  %  1.3004


          FINAL GEOMETRY OBTAINED                                 CHARGE
 IRC=-1 LARGE=50 AM1 CHARGE=-1
 Title
 
   C    0.000000  0    0.000000  0    0.000000  0   0  0  0      -0.1035  600AA*
  Cl    1.786739  1    0.000000  0    0.000000  0   1  0  0      -0.2802  600AB*
   H    1.109175  1  107.039438  1    0.000000  0   1  2  0       0.1161  600AC*
   H    1.109142  1  107.024923  1  119.997667  1   1  2  3       0.1159  600AD*
   H    1.109167  1  107.035448  1  239.990961  1   1  2  3       0.1160  600AE*
  Br    2.931269  1  179.955494  1  312.490414  1   1  2  3      -0.9643  600AF*


     POINT   POTENTIAL  +  ENERGY LOST   =   TOTAL      ERROR    REF%   MOVEMENT
     601     -46.49340      5.23770        -41.25570   0.19554   601  %  1.3027
     602     -46.49770      5.24200        -41.25570   0.19554   602  %  1.3059
     603     -46.50368      5.24800        -41.25568   0.19556   603  %  1.3103
     604     -46.50794      5.25727        -41.25067   0.20057   604  %  1.3190
     605     -46.51258      5.26894        -41.24363   0.20761   605  %  1.3170
     606     -46.51269      5.26911        -41.24358   0.20766   606  %  1.3171
     607     -46.51279      5.26921        -41.24358   0.20766   607  %  1.3172
     608     -46.51291      5.26933        -41.24358   0.20766   608  %  1.3173
     609     -46.51307      5.26949        -41.24358   0.20766   609  %  1.3175
     610     -46.51329      5.26971        -41.24358   0.20766   610  %  1.3177
     611     -46.51357      5.27000        -41.24357   0.20766   611  %  1.3180
     612     -46.51396      5.27039        -41.24357   0.20766   612  %  1.3183
     613     -46.51450      5.27093        -41.24358   0.20766   613  %  1.3188
     614     -46.51526      5.27169        -41.24358   0.20766   614  %  1.3194
     615     -46.51633      5.27275        -41.24358   0.20766   615  %  1.3202
     616     -46.51784      5.27426        -41.24358   0.20766   616  %  1.3214
     617     -46.51995      5.27638        -41.24358   0.20766   617  %  1.3231
     618     -46.52292      5.27934        -41.24358   0.20766   618  %  1.3254
     619     -46.52706      5.28348        -41.24358   0.20766   619  %  1.3287
     620     -46.53281      5.28924        -41.24357   0.20767   620  %  1.3333
     621     -46.53891      5.29756        -41.24135   0.20989   621  %  1.3412
     622     -46.54022      5.30693        -41.23329   0.21795   622  %  1.3394
     623     -46.54083      5.30776        -41.23307   0.21817   623  %  1.3397
     624     -46.54103      5.30796        -41.23307   0.21817   624  %  1.3398
     625     -46.54128      5.30821        -41.23307   0.21817   625  %  1.3399
     626     -46.54157      5.30850        -41.23307   0.21817   626  %  1.3401
     627     -46.54191      5.30884        -41.23307   0.21817   627  %  1.3404
     628     -46.54226      5.30919        -41.23307   0.21817   628  %  1.3407
     629     -46.54264      5.30956        -41.23308   0.21816   629  %  1.3411
     630     -46.54305      5.30996        -41.23309   0.21815   630  %  1.3415
     631     -46.54357      5.31047        -41.23310   0.21814   631  %  1.3420
     632     -46.54427      5.31116        -41.23310   0.21814   632  %  1.3427
     633     -46.54525      5.31214        -41.23310   0.21813   633  %  1.3435
     634     -46.54663      5.31352        -41.23311   0.21813   634  %  1.3447
     635     -46.54857      5.31546        -41.23311   0.21813   635  %  1.3463
     636     -46.55129      5.31819        -41.23311   0.21813   636  %  1.3485
     637     -46.55508      5.32198        -41.23310   0.21814   637  %  1.3518
     638     -46.55975      5.32753        -41.23221   0.21902   638  %  1.3554
     639     -46.56036      5.33253        -41.22783   0.22340   639  %  1.3585
     640     -46.56104      5.33344        -41.22760   0.22364   640  %  1.3583
     641     -46.56123      5.33362        -41.22761   0.22363   641  %  1.3582
     642     -46.56146      5.33384        -41.22762   0.22362   642  %  1.3582
     643     -46.56172      5.33410        -41.22763   0.22361   643  %  1.3582
     644     -46.56202      5.33438        -41.22764   0.22360   644  %  1.3582
     645     -46.56234      5.33469        -41.22766   0.22358   645  %  1.3582
     646     -46.56273      5.33506        -41.22767   0.22357   646  %  1.3584
     647     -46.56323      5.33555        -41.22768   0.22356   647  %  1.3588
     648     -46.56391      5.33623        -41.22768   0.22356   648  %  1.3593
     649     -46.56488      5.33720        -41.22768   0.22356   649  %  1.3601
     650     -46.56623      5.33855        -41.22768   0.22356   650  %  1.3613


          FINAL GEOMETRY OBTAINED                                 CHARGE
 IRC=-1 LARGE=50 AM1 CHARGE=-1
 Title
 
   C    0.000000  0    0.000000  0    0.000000  0   0  0  0      -0.1049  650AA*
  Cl    1.785978  1    0.000000  0    0.000000  0   1  0  0      -0.2772  650AB*
   H    1.109236  1  107.117274  1    0.000000  0   1  2  0       0.1162  650AC*
   H    1.109202  1  107.102586  1  119.997679  1   1  2  3       0.1159  650AD*
   H    1.109227  1  107.113238  1  239.991015  1   1  2  3       0.1161  650AE*
  Br    2.950181  1  179.952271  1  312.892888  1   1  2  3      -0.9660  650AF*


     POINT   POTENTIAL  +  ENERGY LOST   =   TOTAL      ERROR    REF%   MOVEMENT
     651     -46.56812      5.34045        -41.22768   0.22356   651  %  1.3629
     652     -46.57078      5.34310        -41.22767   0.22356   652  %  1.3653
     653     -46.57445      5.34684        -41.22761   0.22363   653  %  1.3683
     654     -46.57583      5.35115        -41.22468   0.22656   654  %  1.3729
     655     -46.57815      5.35536        -41.22279   0.22845   655  %  1.3720
     656     -46.57822      5.35543        -41.22280   0.22844   656  %  1.3721
     657     -46.57833      5.35554        -41.22280   0.22844   657  %  1.3721
     658     -46.57848      5.35569        -41.22280   0.22844   658  %  1.3722
     659     -46.57869      5.35589        -41.22280   0.22844   659  %  1.3723
     660     -46.57897      5.35617        -41.22280   0.22844   660  %  1.3725
     661     -46.57936      5.35656        -41.22280   0.22844   661  %  1.3729
     662     -46.57991      5.35711        -41.22280   0.22844   662  %  1.3733
     663     -46.58069      5.35789        -41.22280   0.22844   663  %  1.3740
     664     -46.58179      5.35898        -41.22280   0.22844   664  %  1.3750
     665     -46.58332      5.36052        -41.22280   0.22844   665  %  1.3764
     666     -46.58548      5.36268        -41.22280   0.22844   666  %  1.3783
     667     -46.58849      5.36569        -41.22280   0.22844   667  %  1.3811
     668     -46.59268      5.36989        -41.22280   0.22844   668  %  1.3848
     669     -46.59730      5.37595        -41.22135   0.22988   669  %  1.3914
     670     -46.59751      5.38334        -41.21418   0.23706   670  %  1.3898
     671     -46.59834      5.38447        -41.21387   0.23736   671  %  1.3902
     672     -46.59856      5.38468        -41.21388   0.23736   672  %  1.3903
     673     -46.59882      5.38495        -41.21387   0.23736   673  %  1.3904
     674     -46.59913      5.38526        -41.21387   0.23737   674  %  1.3907
     675     -46.59946      5.38559        -41.21387   0.23736   675  %  1.3909
     676     -46.59980      5.38592        -41.21388   0.23736   676  %  1.3912
     677     -46.60014      5.38625        -41.21389   0.23735   677  %  1.3916
     678     -46.60048      5.38658        -41.21390   0.23734   678  %  1.3920
     679     -46.60090      5.38699        -41.21391   0.23733   679  %  1.3925
     680     -46.60147      5.38756        -41.21391   0.23732   680  %  1.3931
     681     -46.60227      5.38836        -41.21392   0.23732   681  %  1.3939
     682     -46.60340      5.38948        -41.21392   0.23732   682  %  1.3949
     683     -46.60498      5.39106        -41.21392   0.23732   683  %  1.3964
     684     -46.60719      5.39328        -41.21392   0.23732   684  %  1.3985
     685     -46.61021      5.39639        -41.21382   0.23742   685  %  1.4018
     686     -46.61115      5.39967        -41.21149   0.23975   686  %  1.4024
     687     -46.61274      5.40250        -41.21023   0.24101   687  %  1.4037
     688     -46.61281      5.40257        -41.21024   0.24100   688  %  1.4038
     689     -46.61292      5.40268        -41.21024   0.24100   689  %  1.4039
     690     -46.61306      5.40283        -41.21024   0.24100   690  %  1.4041
     691     -46.61325      5.40302        -41.21024   0.24100   691  %  1.4043
     692     -46.61351      5.40328        -41.21024   0.24100   692  %  1.4046
     693     -46.61387      5.40364        -41.21023   0.24100   693  %  1.4050
     694     -46.61438      5.40414        -41.21023   0.24100   694  %  1.4055
     695     -46.61509      5.40485        -41.21023   0.24100   695  %  1.4062
     696     -46.61609      5.40585        -41.21023   0.24100   696  %  1.4072
     697     -46.61750      5.40726        -41.21023   0.24100   697  %  1.4086
     698     -46.61947      5.40924        -41.21023   0.24100   698  %  1.4105


 IRC CALCULATION COMPLETE 



 TOTAL CPU TIME:             0.30 SECONDS

 == MOPAC DONE ==
