 *******************************************************************************
 ** [MOPAC] Ver.6 by James J. P. Stewart                                      **
 *******************************************************************************
 ** PDDG modification by W. L. Jorgensen et al.(Yale Univ.)                   **
 ** Additional modification by N. Senda(Tencube) and W. Sasaki(pc-chem.info)  **
 *******************************************************************************

                                 AM1 CALCULATION RESULTS


 *******************************************************************************
 *          MOPAC:  VERSION  6.06               CALC'D. 04-Nov-20               
 *  LARGE    - EXPANDED OUTPUT TO BE PRINTED
 *  IRC=N    - INTRINSIC REACTION COORDINATE  1 DEFINED
 *
 *
 *
 *                 CHARGE ON SYSTEM = -1
 *
 *
 *
 *   T=      - A TIME OF  3600.0 SECONDS REQUESTED
 *  DUMP=N   - RESTART FILE WRITTEN EVERY  3600.0 SECONDS
 *  AM1      - THE AM1 HAMILTONIAN TO BE USED
 ***********************************************************************080BY100
 IRC=1 LARGE=50 AM1 CHARGE=-1
 Title
 

    ATOM   CHEMICAL  BOND LENGTH    BOND ANGLE     TWIST ANGLE
   NUMBER  SYMBOL    (ANGSTROMS)     (DEGREES)      (DEGREES)
    (I)                  NA:I          NB:NA:I      NC:NB:NA:I     NA   NB   NC

      1      C       
      2     Cl         2.03260                                     1
      3      H         1.09837         94.28668                    1    2
      4      H         1.09837         94.29194     119.97327      1    2    3
      5      H         1.09830         94.29221    -120.02974      1    2    3
      6     Br         2.52688         68.60692    -179.98295      3    1    2


          CARTESIAN COORDINATES 

    NO.       ATOM         X         Y         Z

     1         C        0.0000    0.0000    0.0000
     2        Cl        2.0326    0.0000    0.0000
     3         H       -0.0821    1.0953    0.0000
     4         H       -0.0822   -0.5472   -0.9488
     5         H       -0.0822   -0.5481    0.9482
     6        Br       -2.3594    0.0003    0.0007
  H: (AM1): M.J.S. DEWAR ET AL, J. AM. CHEM. SOC. 107 3902-3909 (1985)          
  C: (AM1): M.J.S. DEWAR ET AL, J. AM. CHEM. SOC. 107 3902-3909 (1985)          
 Cl: (AM1): M.J.S. DEWAR AND E. G. ZOEBISCH, THEOCHEM, 180, 1 (1988).           
 Br: (AM1): M.J.S. DEWAR AND E. G. ZOEBISCH, THEOCHEM, 180, 1 (1988).           


          RHF CALCULATION, NO. OF DOUBLY OCCUPIED LEVELS = 11


            INTERATOMIC DISTANCES
0
                  C  1      Cl  2       H  3       H  4       H  5      Br  6
 ------------------------------------------------------------------------------
     C    1   0.000000
    Cl    2   2.032600   0.000000
     H    3   1.098373   2.381520   0.000000
     H    4   1.098365   2.381602   1.896847   0.000000
     H    5   1.098296   2.381570   1.897327   1.897000   0.000000
    Br    6   2.359400   4.392000   2.526880   2.527241   2.526686   0.000000
 STEP:   1 TIME =     0.00 SECS, INTEGRAL =      0.00 TIME LEFT:   3600.00
 STEP:   2 TIME =     0.00 SECS, INTEGRAL =      0.00 TIME LEFT:   3600.00
 STEP:   3 TIME =     0.00 SECS, INTEGRAL =      0.00 TIME LEFT:   3600.00
 STEP:   4 TIME =     0.00 SECS, INTEGRAL =      0.00 TIME LEFT:   3600.00
 STEP:   5 TIME =     0.00 SECS, INTEGRAL =      0.00 TIME LEFT:   3600.00
 STEP:   6 TIME =     0.00 SECS, INTEGRAL =      0.00 TIME LEFT:   3600.00
 STEP:   7 TIME =     0.00 SECS, INTEGRAL =      0.00 TIME LEFT:   3600.00
 STEP:   8 TIME =     0.00 SECS, INTEGRAL =      0.00 TIME LEFT:   3600.00
 STEP:   9 TIME =     0.00 SECS, INTEGRAL =      0.00 TIME LEFT:   3600.00
 STEP:  10 TIME =     0.00 SECS, INTEGRAL =      0.00 TIME LEFT:   3600.00
 STEP:  11 TIME =     0.00 SECS, INTEGRAL =      0.00 TIME LEFT:   3600.00
 STEP:  12 TIME =     0.00 SECS, INTEGRAL =      0.00 TIME LEFT:   3600.00
 STEP:  13 TIME =     0.00 SECS, INTEGRAL =      0.00 TIME LEFT:   3600.00
 STEP:  14 TIME =     0.00 SECS, INTEGRAL =      0.00 TIME LEFT:   3600.00
 STEP:  15 TIME =     0.00 SECS, INTEGRAL =      0.00 TIME LEFT:   3600.00
 STEP:  16 TIME =     0.00 SECS, INTEGRAL =      0.00 TIME LEFT:   3600.00
 STEP:  17 TIME =     0.00 SECS, INTEGRAL =      0.00 TIME LEFT:   3600.00
 STEP:  18 TIME =     0.02 SECS, INTEGRAL =      0.02 TIME LEFT:   3599.98

          MOLECULAR WEIGHT =  130.39

 INITIAL VELOCITY IN DRC
      0.49423     -0.00011     -0.00023
     -0.06502      0.00000      0.00005
     -0.05436     -0.02959     -0.00040
     -0.05356      0.01489      0.02536
     -0.05130      0.01475     -0.02586
     -0.04344      0.00002      0.00002


     POINT   POTENTIAL  +  ENERGY LOST   =   TOTAL      ERROR    REF%   MOVEMENT
       1     -41.43038      0.00000        -41.43038   0.00000     1  %  0.0000
       2     -41.43038      0.00000        -41.43038   0.00000     2  %  0.0007
       3     -41.43042      0.00000        -41.43042  -0.00004     3  %  0.0015
       4     -41.43052      0.00000        -41.43052  -0.00014     4  %  0.0024
       5     -41.43064      0.00000        -41.43064  -0.00026     5  %  0.0031
       6     -41.43079      0.00000        -41.43079  -0.00042     6  %  0.0038
       7     -41.43098      0.00000        -41.43098  -0.00061     7  %  0.0045
       8     -41.43121      0.00000        -41.43121  -0.00083     8  %  0.0052
       9     -41.43147      0.00000        -41.43147  -0.00109     9  %  0.0059
      10     -41.43176      0.00000        -41.43176  -0.00139    10  %  0.0065
      11     -41.43210      0.00000        -41.43210  -0.00172    11  %  0.0072
      12     -41.43246      0.00000        -41.43246  -0.00208    12  %  0.0079
      13     -41.43287      0.00000        -41.43287  -0.00249    13  %  0.0086
      14     -41.43331      0.00000        -41.43331  -0.00293    14  %  0.0093
      15     -41.43378      0.00000        -41.43378  -0.00340    15  %  0.0100
      16     -41.43429      0.00000        -41.43429  -0.00391    16  %  0.0107
      17     -41.43484      0.00000        -41.43484  -0.00446    17  %  0.0114
      18     -41.43543      0.00000        -41.43543  -0.00505    18  %  0.0121
      19     -41.43605      0.00000        -41.43605  -0.00567    19  %  0.0128
      20     -41.43671      0.00000        -41.43671  -0.00633    20  %  0.0135
      21     -41.43740      0.00000        -41.43740  -0.00702    21  %  0.0142
      22     -41.43814      0.00000        -41.43814  -0.00776    22  %  0.0149
      23     -41.43891      0.00000        -41.43891  -0.00853    23  %  0.0156
      24     -41.43972      0.00000        -41.43972  -0.00934    24  %  0.0163
      25     -41.44056      0.00000        -41.44056  -0.01018    25  %  0.0170
      26     -41.44145      0.00000        -41.44145  -0.01107    26  %  0.0177
      27     -41.44237      0.00000        -41.44237  -0.01199    27  %  0.0184
      28     -41.44334      0.00000        -41.44334  -0.01296    28  %  0.0191
      29     -41.44434      0.00000        -41.44434  -0.01396    29  %  0.0198
      30     -41.44538      0.00000        -41.44538  -0.01500    30  %  0.0205
      31     -41.44646      0.00000        -41.44646  -0.01608    31  %  0.0212
      32     -41.44758      0.00000        -41.44758  -0.01721    32  %  0.0219
      33     -41.44875      0.00000        -41.44875  -0.01837    33  %  0.0226
      34     -41.44995      0.00000        -41.44995  -0.01957    34  %  0.0233
      35     -41.45119      0.00000        -41.45119  -0.00124    35  %  0.0240
      36     -41.45120      0.00000        -41.45119  -0.00124    36  %  0.0240
      37     -41.45120      0.00000        -41.45119  -0.00124    37  %  0.0240
      38     -41.45120      0.00001        -41.45119  -0.00124    38  %  0.0240
      39     -41.45120      0.00001        -41.45119  -0.00124    39  %  0.0240
      40     -41.45121      0.00001        -41.45119  -0.00124    40  %  0.0240
      41     -41.45122      0.00002        -41.45119  -0.00124    41  %  0.0240
      42     -41.45123      0.00003        -41.45119  -0.00124    42  %  0.0240
      43     -41.45124      0.00005        -41.45119  -0.00124    43  %  0.0240
      44     -41.45126      0.00007        -41.45119  -0.00124    44  %  0.0240
      45     -41.45129      0.00010        -41.45119  -0.00124    45  %  0.0240
      46     -41.45133      0.00014        -41.45119  -0.00124    46  %  0.0241
      47     -41.45139      0.00020        -41.45119  -0.00124    47  %  0.0241
      48     -41.45147      0.00028        -41.45119  -0.00124    48  %  0.0241
      49     -41.45159      0.00039        -41.45119  -0.00124    49  %  0.0242
      50     -41.45175      0.00056        -41.45119  -0.00124    50  %  0.0242


          FINAL GEOMETRY OBTAINED                                 CHARGE
 IRC=1 LARGE=50 AM1 CHARGE=-1
 Title
 
   C    0.000000  0    0.000000  0    0.000000  0   0  0  0       0.0475   50AA*
  Cl    2.049970  1    0.000000  0    0.000000  0   1  0  0      -0.6189   50AB*
   H    1.098114  1   93.400939  1    0.000000  0   1  2  0       0.1062   50AC*
   H    1.098102  1   93.406717  1  119.983787  1   1  2  3       0.1061   50AD*
   H    1.098115  1   93.408316  1  239.979032  1   1  2  3       0.1062   50AE*
  Br    2.342709  1  179.981242  1  291.530863  1   1  2  3      -0.7472   50AF*


     POINT   POTENTIAL  +  ENERGY LOST   =   TOTAL      ERROR    REF%   MOVEMENT
      51     -41.45198      0.00079        -41.45119  -0.00124    51  %  0.0243
      52     -41.45232      0.00113        -41.45119  -0.00124    52  %  0.0245
      53     -41.45280      0.00161        -41.45119  -0.00124    53  %  0.0247
      54     -41.45350      0.00231        -41.45119  -0.00124    54  %  0.0251
      55     -41.45452      0.00333        -41.45119  -0.00124    55  %  0.0256
      56     -41.45604      0.00486        -41.45119  -0.00124    56  %  0.0263
      57     -41.45836      0.00717        -41.45118  -0.00123    57  %  0.0275
      58     -41.46198      0.01081        -41.45117  -0.00122    58  %  0.0291
      59     -41.46788      0.01674        -41.45115  -0.00120    59  %  0.0317
      60     -41.47810      0.02701        -41.45110  -0.00115    60  %  0.0357
      61     -41.49140      0.04067        -41.45073  -0.00078    61  %  0.0408
      62     -41.49698      0.04782        -41.44917   0.00078    62  %  0.0418
      63     -41.49856      0.04973        -41.44884   0.00111    63  %  0.0424
      64     -41.49905      0.05020        -41.44885   0.00110    64  %  0.0426
      65     -41.49972      0.05087        -41.44885   0.00110    65  %  0.0429
      66     -41.50066      0.05180        -41.44885   0.00109    66  %  0.0432
      67     -41.50198      0.05312        -41.44886   0.00109    67  %  0.0437
      68     -41.50389      0.05503        -41.44886   0.00109    68  %  0.0443
      69     -41.50665      0.05780        -41.44886   0.00109    69  %  0.0452
      70     -41.51074      0.06189        -41.44885   0.00110    70  %  0.0464
      71     -41.51689      0.06805        -41.44884   0.00111    71  %  0.0481
      72     -41.52638      0.07757        -41.44881   0.00114    72  %  0.0507
      73     -41.54010      0.09136        -41.44874   0.00121    73  %  0.0541
      74     -41.55307      0.10447        -41.44860   0.00135    74  %  0.0572
      75     -41.56161      0.11310        -41.44851   0.00144    75  %  0.0592
      76     -41.56866      0.12018        -41.44848   0.00147    76  %  0.0608
      77     -41.57788      0.12942        -41.44847   0.00148    77  %  0.0628
      78     -41.59195      0.14352        -41.44843   0.00152    78  %  0.0657
      79     -41.61004      0.16174        -41.44831   0.00164    79  %  0.0693
      80     -41.62285      0.17474        -41.44811   0.00184    80  %  0.0716
      81     -41.62969      0.18166        -41.44803   0.00192    81  %  0.0730
      82     -41.63527      0.18726        -41.44801   0.00194    82  %  0.0739
      83     -41.64341      0.19540        -41.44801   0.00194    83  %  0.0754
      84     -41.65546      0.20748        -41.44798   0.00197    84  %  0.0775
      85     -41.67359      0.22566        -41.44794   0.00201    85  %  0.0806
      86     -41.69363      0.24582        -41.44781   0.00214    86  %  0.0838
      87     -41.70718      0.25947        -41.44771   0.00224    87  %  0.0859
      88     -41.71722      0.26956        -41.44767   0.00228    88  %  0.0875
      89     -41.72865      0.28100        -41.44765   0.00230    89  %  0.0892
      90     -41.74555      0.29792        -41.44763   0.00232    90  %  0.0917
      91     -41.77103      0.32347        -41.44756   0.00239    91  %  0.0953
      92     -41.79445      0.34706        -41.44739   0.00256    92  %  0.0985
      93     -41.80806      0.36075        -41.44731   0.00264    93  %  0.1004
      94     -41.81885      0.37157        -41.44728   0.00267    94  %  0.1018
      95     -41.83365      0.38638        -41.44727   0.00268    95  %  0.1037
      96     -41.85551      0.40828        -41.44723   0.00272    96  %  0.1065
      97     -41.88183      0.43470        -41.44713   0.00282    97  %  0.1097
      98     -41.90123      0.45421        -41.44702   0.00293    98  %  0.1121
      99     -41.91490      0.46792        -41.44698   0.00297    99  %  0.1137
     100     -41.92940      0.48244        -41.44696   0.00299   100  %  0.1154


          FINAL GEOMETRY OBTAINED                                 CHARGE
 IRC=1 LARGE=50 AM1 CHARGE=-1
 Title
 
   C    0.000000  0    0.000000  0    0.000000  0   0  0  0       0.0492  100AA*
  Cl    2.114790  1    0.000000  0    0.000000  0   1  0  0      -0.6898  100AB*
   H    1.097473  1   90.083319  1    0.000000  0   1  2  0       0.1062  100AC*
   H    1.097455  1   90.089088  1  119.996672  1   1  2  3       0.1061  100AD*
   H    1.097468  1   90.081108  1  239.990298  1   1  2  3       0.1062  100AE*
  Br    2.281860  1  179.985791  1  291.109145  1   1  2  3      -0.6779  100AF*


     POINT   POTENTIAL  +  ENERGY LOST   =   TOTAL      ERROR    REF%   MOVEMENT
     101     -41.95059      0.50365        -41.44694   0.00301   101  %  0.1178
     102     -41.98201      0.53514        -41.44687   0.00308   102  %  0.1213
     103     -42.01069      0.56397        -41.44672   0.00323   103  %  0.1245
     104     -42.02780      0.58116        -41.44664   0.00331   104  %  0.1263
     105     -42.04177      0.59516        -41.44661   0.00334   105  %  0.1278
     106     -42.06123      0.61463        -41.44660   0.00335   106  %  0.1298
     107     -42.08972      0.64316        -41.44656   0.00339   107  %  0.1327
     108     -42.12188      0.67543        -41.44645   0.00350   108  %  0.1359
     109     -42.14455      0.69820        -41.44635   0.00360   109  %  0.1382
     110     -42.16122      0.71490        -41.44631   0.00364   110  %  0.1398
     111     -42.18002      0.73373        -41.44629   0.00366   111  %  0.1416
     112     -42.20737      0.76110        -41.44627   0.00368   112  %  0.1442
     113     -42.24758      0.80138        -41.44620   0.00375   113  %  0.1479
     114     -42.28229      0.83625        -41.44604   0.00391   114  %  0.1510
     115     -42.30257      0.85660        -41.44597   0.00398   115  %  0.1528
     116     -42.31975      0.87381        -41.44594   0.00401   116  %  0.1543
     117     -42.34455      0.89862        -41.44593   0.00402   117  %  0.1565
     118     -42.38067      0.93479        -41.44588   0.00407   118  %  0.1596
     119     -42.41829      0.97253        -41.44577   0.00418   119  %  0.1628
     120     -42.44381      0.99812        -41.44569   0.00426   120  %  0.1649
     121     -42.46405      1.01840        -41.44565   0.00430   121  %  0.1666
     122     -42.48823      1.04260        -41.44563   0.00432   122  %  0.1685
     123     -42.52325      1.07765        -41.44560   0.00435   123  %  0.1713
     124     -42.57010      1.12458        -41.44552   0.00443   124  %  0.1750
     125     -42.60693      1.16155        -41.44539   0.00456   125  %  0.1779
     126     -42.63023      1.18491        -41.44533   0.00462   126  %  0.1797
     127     -42.65234      1.20704        -41.44531   0.00464   127  %  0.1813
     128     -42.68418      1.23888        -41.44529   0.00466   128  %  0.1837
     129     -42.73038      1.28514        -41.44524   0.00471   129  %  0.1871
     130     -42.77565      1.33053        -41.44511   0.00484   130  %  0.1904
     131     -42.80499      1.35996        -41.44504   0.00491   131  %  0.1926
     132     -42.82904      1.38404        -41.44500   0.00495   132  %  0.1943
     133     -42.85936      1.41437        -41.44499   0.00496   133  %  0.1964
     134     -42.90313      1.45818        -41.44495   0.00500   134  %  0.1995
     135     -42.95732      1.51246        -41.44486   0.00509   135  %  0.2032
     136     -42.99837      1.55362        -41.44475   0.00520   136  %  0.2060
     137     -43.02630      1.58160        -41.44470   0.00525   137  %  0.2079
     138     -43.05440      1.60972        -41.44468   0.00527   138  %  0.2097
     139     -43.09477      1.65011        -41.44466   0.00529   139  %  0.2124
     140     -43.15316      1.70856        -41.44460   0.00535   140  %  0.2162
     141     -43.20675      1.76229        -41.44446   0.00549   141  %  0.2196
     142     -43.24012      1.79573        -41.44439   0.00556   142  %  0.2218
     143     -43.26830      1.82394        -41.44436   0.00559   143  %  0.2235
     144     -43.30705      1.86270        -41.44435   0.00560   144  %  0.2260
     145     -43.36286      1.91856        -41.44430   0.00565   145  %  0.2294
     146     -43.42159      1.97740        -41.44419   0.00576   146  %  0.2330
     147     -43.46205      2.01794        -41.44411   0.00584   147  %  0.2355
     148     -43.49392      2.04984        -41.44408   0.00587   148  %  0.2374
     149     -43.53229      2.08823        -41.44406   0.00589   149  %  0.2397
     150     -43.58735      2.14333        -41.44403   0.00592   150  %  0.2429


          FINAL GEOMETRY OBTAINED                                 CHARGE
 IRC=1 LARGE=50 AM1 CHARGE=-1
 Title
 
   C    0.000000  0    0.000000  0    0.000000  0   0  0  0       0.0279  150AA*
  Cl    2.206975  1    0.000000  0    0.000000  0   1  0  0      -0.7748  150AB*
   H    1.098129  1   85.438144  1    0.000000  0   1  2  0       0.1079  150AC*
   H    1.098111  1   85.447487  1  119.996379  1   1  2  3       0.1078  150AD*
   H    1.098124  1   85.436785  1  239.989818  1   1  2  3       0.1079  150AE*
  Br    2.197714  1  179.987943  1  291.586359  1   1  2  3      -0.5766  150AF*


     POINT   POTENTIAL  +  ENERGY LOST   =   TOTAL      ERROR    REF%   MOVEMENT
     151     -43.65843      2.21449        -41.44394   0.00601   151  %  0.2471
     152     -43.71328      2.26945        -41.44382   0.00612   152  %  0.2502
     153     -43.74998      2.30621        -41.44377   0.00618   153  %  0.2523
     154     -43.78671      2.34295        -41.44375   0.00620   154  %  0.2544
     155     -43.83923      2.39549        -41.44374   0.00621   155  %  0.2573
     156     -43.91470      2.47102        -41.44368   0.00627   156  %  0.2615
     157     -43.98607      2.54252        -41.44356   0.00639   157  %  0.2655
     158     -44.03247      2.58898        -41.44349   0.00646   158  %  0.2680
     159     -44.07220      2.62874        -41.44346   0.00649   159  %  0.2701
     160     -44.12516      2.68171        -41.44345   0.00650   160  %  0.2730
     161     -44.20099      2.75759        -41.44341   0.00654   161  %  0.2770
     162     -44.28736      2.84405        -41.44331   0.00664   162  %  0.2816
     163     -44.35001      2.90679        -41.44322   0.00673   163  %  0.2848
     164     -44.39785      2.95467        -41.44318   0.00677   164  %  0.2873
     165     -44.45280      3.00963        -41.44316   0.00679   165  %  0.2901
     166     -44.53124      3.08810        -41.44314   0.00681   166  %  0.2941
     167     -44.64359      3.20051        -41.44308   0.00687   167  %  0.2998
     168     -44.74289      3.29993        -41.44295   0.00700   168  %  0.3048
     169     -44.80670      3.36381        -41.44289   0.00706   169  %  0.3079
     170     -44.86628      3.42341        -41.44288   0.00707   170  %  0.3108
     171     -44.95107      3.50820        -41.44287   0.00708   171  %  0.3150
     172     -45.07193      3.62908        -41.44285   0.00710   172  %  0.3208
     173     -45.23502      3.79224        -41.44278   0.00717   173  %  0.3286
     174     -45.37459      3.93188        -41.44270   0.00725   174  %  0.3351
     175     -45.49086      4.04818        -41.44268   0.00727   175  %  0.3406
     176     -45.65563      4.21294        -41.44268   0.00727   176  %  0.3482
     177     -45.88843      4.44573        -41.44269   0.00726   177  %  0.3589
     178     -46.21510      4.77272        -41.44238   0.00757   178  %  0.3737
     179     -46.34396      4.90129        -41.44267   0.00728   179  %  0.3794
     180     -46.39698      4.95424        -41.44274   0.00721   180  %  0.3818
     181     -46.44189      4.99914        -41.44275   0.00720   181  %  0.3838
     182     -46.50508      5.06232        -41.44277   0.00718   182  %  0.3866
     183     -46.59375      5.15093        -41.44282   0.00713   183  %  0.3905
     184     -46.67835      5.23542        -41.44293   0.00702   184  %  0.3943
     185     -46.73608      5.29309        -41.44300   0.00695   185  %  0.3969
     186     -46.78415      5.34112        -41.44303   0.00692   186  %  0.3990
     187     -46.84468      5.40163        -41.44305   0.00690   187  %  0.4017
     188     -46.92938      5.48627        -41.44310   0.00684   188  %  0.4055
     189     -47.00832      5.56509        -41.44323   0.00672   189  %  0.4090
     190     -47.05762      5.61431        -41.44331   0.00664   190  %  0.4112
     191     -47.09749      5.65415        -41.44333   0.00662   191  %  0.4130
     192     -47.15117      5.70782        -41.44335   0.00660   192  %  0.4154
     193     -47.22617      5.78276        -41.44341   0.00654   193  %  0.4188
     194     -47.29392      5.85040        -41.44353   0.00642   194  %  0.4218
     195     -47.33704      5.89344        -41.44360   0.00635   195  %  0.4238
     196     -47.37281      5.92919        -41.44363   0.00632   196  %  0.4254
     197     -47.42150      5.97786        -41.44364   0.00631   197  %  0.4276
     198     -47.48943      6.04573        -41.44370   0.00625   198  %  0.4307
     199     -47.54933      6.10550        -41.44382   0.00613   199  %  0.4335
     200     -47.58741      6.14352        -41.44389   0.00606   200  %  0.4352


          FINAL GEOMETRY OBTAINED                                 CHARGE
 IRC=1 LARGE=50 AM1 CHARGE=-1
 Title
 
   C    0.000000  0    0.000000  0    0.000000  0   0  0  0      -0.0556  200AA*
  Cl    2.368912  1    0.000000  0    0.000000  0   1  0  0      -0.8784  200AB*
   H    1.102334  1   78.360743  1    0.000000  0   1  2  0       0.1145  200AC*
   H    1.102313  1   78.377331  1  119.995667  1   1  2  3       0.1145  200AD*
   H    1.102329  1   78.360804  1  239.988306  1   1  2  3       0.1145  200AE*
  Br    2.059316  1  179.989642  1  292.293985  1   1  2  3      -0.4096  200AF*


     POINT   POTENTIAL  +  ENERGY LOST   =   TOTAL      ERROR    REF%   MOVEMENT
     201     -47.62055      6.17664        -41.44391   0.00604   201  %  0.4367
     202     -47.66695      6.22302        -41.44393   0.00602   202  %  0.4389
     203     -47.73156      6.28756        -41.44400   0.00595   203  %  0.4419
     204     -47.78583      6.34171        -41.44412   0.00583   204  %  0.4444
     205     -47.81979      6.37561        -41.44418   0.00577   205  %  0.4460
     206     -47.85038      6.40618        -41.44420   0.00575   206  %  0.4475
     207     -47.89317      6.44895        -41.44422   0.00573   207  %  0.4495
     208     -47.95268      6.50839        -41.44429   0.00566   208  %  0.4524
     209     -48.00311      6.55870        -41.44441   0.00554   209  %  0.4548
     210     -48.03486      6.59039        -41.44447   0.00548   210  %  0.4563
     211     -48.06351      6.61902        -41.44449   0.00546   211  %  0.4577
     212     -48.10354      6.65903        -41.44451   0.00544   212  %  0.4597
     213     -48.15915      6.71457        -41.44458   0.00537   213  %  0.4624
     214     -48.20622      6.76152        -41.44470   0.00525   214  %  0.4647
     215     -48.23588      6.79112        -41.44476   0.00519   215  %  0.4662
     216     -48.26264      6.81786        -41.44478   0.00517   216  %  0.4676
     217     -48.30002      6.85522        -41.44480   0.00515   217  %  0.4695
     218     -48.35188      6.90702        -41.44486   0.00509   218  %  0.4721
     219     -48.39589      6.95090        -41.44498   0.00497   219  %  0.4744
     220     -48.42379      6.97874        -41.44504   0.00491   220  %  0.4758
     221     -48.44908      7.00401        -41.44507   0.00488   221  %  0.4771
     222     -48.48437      7.03928        -41.44508   0.00487   222  %  0.4790
     223     -48.53327      7.08812        -41.44515   0.00480   223  %  0.4816
     224     -48.57481      7.12954        -41.44527   0.00468   224  %  0.4838
     225     -48.60117      7.15584        -41.44533   0.00462   225  %  0.4852
     226     -48.62501      7.17965        -41.44535   0.00460   226  %  0.4865
     227     -48.65824      7.21287        -41.44537   0.00458   227  %  0.4884
     228     -48.70425      7.25881        -41.44543   0.00452   228  %  0.4909
     229     -48.74349      7.29794        -41.44555   0.00440   229  %  0.4931
     230     -48.76850      7.32289        -41.44561   0.00434   230  %  0.4946
     231     -48.79130      7.34567        -41.44563   0.00432   231  %  0.4959
     232     -48.82306      7.37741        -41.44565   0.00430   232  %  0.4977
     233     -48.86698      7.42126        -41.44572   0.00423   233  %  0.5003
     234     -48.90437      7.45853        -41.44583   0.00412   234  %  0.5025
     235     -48.92821      7.48231        -41.44589   0.00406   235  %  0.5039
     236     -48.94985      7.50393        -41.44592   0.00403   236  %  0.5052
     237     -48.97996      7.53403        -41.44593   0.00402   237  %  0.5070
     238     -49.02157      7.57557        -41.44600   0.00395   238  %  0.5096
     239     -49.05719      7.61107        -41.44611   0.00384   239  %  0.5118
     240     -49.08004      7.63387        -41.44617   0.00378   240  %  0.5132
     241     -49.10084      7.65465        -41.44620   0.00375   241  %  0.5145
     242     -49.12978      7.68356        -41.44621   0.00374   242  %  0.5164
     243     -49.16971      7.72343        -41.44628   0.00367   243  %  0.5190
     244     -49.20372      7.75733        -41.44639   0.00356   244  %  0.5212
     245     -49.22564      7.77919        -41.44645   0.00350   245  %  0.5227
     246     -49.24565      7.79918        -41.44647   0.00348   246  %  0.5240
     247     -49.27347      7.82698        -41.44649   0.00346   247  %  0.5259
     248     -49.31183      7.86528        -41.44656   0.00339   248  %  0.5285
     249     -49.34472      7.89805        -41.44667   0.00328   249  %  0.5308
     250     -49.36597      7.91924        -41.44673   0.00322   250  %  0.5323


          FINAL GEOMETRY OBTAINED                                 CHARGE
 IRC=1 LARGE=50 AM1 CHARGE=-1
 Title
 
   C    0.000000  0    0.000000  0    0.000000  0   0  0  0      -0.1131  250AA*
  Cl    2.464482  1    0.000000  0    0.000000  0   1  0  0      -0.9158  250AB*
   H    1.105208  1   75.356609  1    0.000000  0   1  2  0       0.1193  250AC*
   H    1.105185  1   75.377907  1  119.995154  1   1  2  3       0.1192  250AD*
   H    1.105203  1   75.357604  1  239.987044  1   1  2  3       0.1193  250AE*
  Br    1.991315  1  179.989919  1  293.697098  1   1  2  3      -0.3289  250AF*


     POINT   POTENTIAL  +  ENERGY LOST   =   TOTAL      ERROR    REF%   MOVEMENT
     251     -49.38540      7.93865        -41.44675   0.00320   251  %  0.5337
     252     -49.41240      7.96563        -41.44677   0.00318   252  %  0.5356
     253     -49.44961      8.00278        -41.44683   0.00312   253  %  0.5383
     254     -49.48151      8.03456        -41.44695   0.00300   254  %  0.5406
     255     -49.50220      8.05519        -41.44700   0.00295   255  %  0.5421
     256     -49.52122      8.07420        -41.44703   0.00292   256  %  0.5435
     257     -49.54765      8.10061        -41.44704   0.00291   257  %  0.5455
     258     -49.58405      8.13695        -41.44711   0.00284   258  %  0.5483
     259     -49.61528      8.16806        -41.44722   0.00273   259  %  0.5506
     260     -49.63563      8.18835        -41.44728   0.00267   260  %  0.5522
     261     -49.65446      8.20716        -41.44730   0.00265   261  %  0.5537
     262     -49.68060      8.23328        -41.44732   0.00263   262  %  0.5557
     263     -49.71662      8.26924        -41.44738   0.00257   263  %  0.5585
     264     -49.74752      8.30002        -41.44749   0.00246   264  %  0.5610
     265     -49.76776      8.32021        -41.44755   0.00240   265  %  0.5626
     266     -49.78662      8.33905        -41.44757   0.00238   266  %  0.5641
     267     -49.81280      8.36522        -41.44759   0.00236   267  %  0.5662
     268     -49.84889      8.40124        -41.44765   0.00230   268  %  0.5692
     269     -49.87987      8.43211        -41.44776   0.00219   269  %  0.5717
     270     -49.90028      8.45246        -41.44782   0.00213   270  %  0.5734
     271     -49.91942      8.47158        -41.44784   0.00211   271  %  0.5750
     272     -49.94600      8.49815        -41.44786   0.00209   272  %  0.5772
     273     -49.98265      8.53473        -41.44792   0.00203   273  %  0.5802
     274     -50.01412      8.56609        -41.44803   0.00192   274  %  0.5828
     275     -50.03493      8.58684        -41.44808   0.00186   275  %  0.5845
     276     -50.05457      8.60646        -41.44811   0.00184   276  %  0.5862
     277     -50.08186      8.63373        -41.44813   0.00182   277  %  0.5884
     278     -50.11951      8.67132        -41.44819   0.00176   278  %  0.5916
     279     -50.15182      8.70352        -41.44830   0.00165   279  %  0.5942
     280     -50.17322      8.72487        -41.44835   0.00160   280  %  0.5960
     281     -50.19351      8.74514        -41.44837   0.00158   281  %  0.5977
     282     -50.22171      8.77332        -41.44839   0.00156   282  %  0.6000
     283     -50.26065      8.81219        -41.44846   0.00149   283  %  0.6033
     284     -50.29410      8.84553        -41.44857   0.00138   284  %  0.6060
     285     -50.31616      8.86754        -41.44862   0.00133   285  %  0.6078
     286     -50.33713      8.88849        -41.44864   0.00131   286  %  0.6095
     287     -50.36630      8.91764        -41.44866   0.00129   287  %  0.6119
     288     -50.40658      8.95785        -41.44873   0.00122   288  %  0.6153
     289     -50.44032      8.99153        -41.44879   0.00116   289  %  0.6176
     290     -50.47034      9.02172        -41.44862   0.00133   290  %  0.6211
     291     -50.48642      9.03825        -41.44817   0.00178   291  %  0.6210
     292     -50.49175      9.04362        -41.44812   0.00183   292  %  0.6218
     293     -50.49751      9.04940        -41.44812   0.00183   293  %  0.6224
     294     -50.50562      9.05749        -41.44812   0.00182   294  %  0.6231
     295     -50.51700      9.06887        -41.44813   0.00182   295  %  0.6240
     296     -50.53296      9.08482        -41.44814   0.00181   296  %  0.6253
     297     -50.55525      9.10708        -41.44816   0.00179   297  %  0.6271
     298     -50.58621      9.13802        -41.44819   0.00176   298  %  0.6295
     299     -50.62375      9.17549        -41.44826   0.00169   299  %  0.6328
     300     -50.65529      9.20711        -41.44818   0.00177   300  %  0.6344


          FINAL GEOMETRY OBTAINED                                 CHARGE
 IRC=1 LARGE=50 AM1 CHARGE=-1
 Title
 
   C    0.000000  0    0.000000  0    0.000000  0   0  0  0      -0.1523  300AA*
  Cl    2.561716  1    0.000000  0    0.000000  0   1  0  0      -0.9392  300AB*
   H    1.107222  1   73.574076  1    0.000000  0   1  2  0       0.1228  300AC*
   H    1.107198  1   73.600718  1  119.994702  1   1  2  3       0.1227  300AD*
   H    1.107218  1   73.576508  1  239.985479  1   1  2  3       0.1228  300AE*
  Br    1.954599  1  179.988812  1  297.683528  1   1  2  3      -0.2769  300AF*


     POINT   POTENTIAL  +  ENERGY LOST   =   TOTAL      ERROR    REF%   MOVEMENT
     301     -50.67950      9.23217        -41.44733   0.00262   301  %  0.6384
     302     -50.68565      9.23861        -41.44704   0.00291   302  %  0.6379
     303     -50.68809      9.24104        -41.44705   0.00290   303  %  0.6380
     304     -50.69153      9.24448        -41.44705   0.00290   304  %  0.6382
     305     -50.69637      9.24932        -41.44705   0.00290   305  %  0.6384
     306     -50.70319      9.25614        -41.44705   0.00290   306  %  0.6389
     307     -50.71277      9.26572        -41.44705   0.00290   307  %  0.6396
     308     -50.72622      9.27916        -41.44706   0.00289   308  %  0.6407
     309     -50.74502      9.29796        -41.44707   0.00288   309  %  0.6421
     310     -50.77121      9.32412        -41.44710   0.00285   310  %  0.6442
     311     -50.80718      9.36003        -41.44715   0.00280   311  %  0.6471
     312     -50.84158      9.39434        -41.44724   0.00271   312  %  0.6498
     313     -50.86565      9.41835        -41.44731   0.00264   313  %  0.6520
     314     -50.88670      9.43936        -41.44734   0.00261   314  %  0.6546
     315     -50.91412      9.46677        -41.44735   0.00260   315  %  0.6578
     316     -50.95192      9.50457        -41.44735   0.00260   316  %  0.6629
     317     -51.00123      9.55766        -41.44357   0.00638   317  %  0.6647
     318     -51.00944      9.56811        -41.44133   0.00862   318  %  0.6688
     319     -51.01031      9.56897        -41.44133   0.00862   319  %  0.6689
     320     -51.01155      9.57021        -41.44134   0.00861   320  %  0.6692
     321     -51.01329      9.57195        -41.44134   0.00861   321  %  0.6695
     322     -51.01573      9.57440        -41.44134   0.00861   322  %  0.6700
     323     -51.01917      9.57783        -41.44134   0.00861   323  %  0.6705
     324     -51.02402      9.58267        -41.44134   0.00861   324  %  0.6712
     325     -51.03083      9.58948        -41.44135   0.00860   325  %  0.6721
     326     -51.04039      9.59904        -41.44135   0.00860   326  %  0.6733
     327     -51.05380      9.61244        -41.44136   0.00859   327  %  0.6750
     328     -51.07252      9.63115        -41.44137   0.00857   328  %  0.6774
     329     -51.09852      9.65712        -41.44141   0.00854   329  %  0.6807
     330     -51.13071      9.68925        -41.44147   0.00848   330  %  0.6848
     331     -51.15902      9.71747        -41.44154   0.00841   331  %  0.6887
     332     -51.18160      9.74019        -41.44141   0.00854   332  %  0.6908
     333     -51.19530      9.75462        -41.44068   0.00927   333  %  0.6945
     334     -51.19907      9.75859        -41.44048   0.00947   334  %  0.6942
     335     -51.20089      9.76040        -41.44049   0.00946   335  %  0.6944
     336     -51.20345      9.76296        -41.44049   0.00946   336  %  0.6946
     337     -51.20705      9.76656        -41.44049   0.00946   337  %  0.6950
     338     -51.21212      9.77163        -41.44049   0.00946   338  %  0.6956
     339     -51.21925      9.77876        -41.44049   0.00946   339  %  0.6966
     340     -51.22926      9.78877        -41.44050   0.00945   340  %  0.6979
     341     -51.24326      9.80276        -41.44051   0.00944   341  %  0.6998
     342     -51.26276      9.82224        -41.44052   0.00943   342  %  0.7024
     343     -51.28976      9.84920        -41.44056   0.00939   343  %  0.7062
     344     -51.32008      9.87945        -41.44063   0.00932   344  %  0.7103
     345     -51.34456      9.90390        -41.44065   0.00930   345  %  0.7144
     346     -51.37638      9.93885        -41.43752   0.01243   346  %  0.7153
     347     -51.38245      9.94677        -41.43568   0.01427   347  %  0.7188
     348     -51.38314      9.94746        -41.43569   0.01426   348  %  0.7190
     349     -51.38412      9.94843        -41.43569   0.01426   349  %  0.7192
     350     -51.38550      9.94981        -41.43569   0.01426   350  %  0.7195


          FINAL GEOMETRY OBTAINED                                 CHARGE
 IRC=1 LARGE=50 AM1 CHARGE=-1
 Title
 
   C    0.000000  0    0.000000  0    0.000000  0   0  0  0      -0.1640  350AA*
  Cl    2.623108  1    0.000000  0    0.000000  0   1  0  0      -0.9488  350AB*
   H    1.107554  1   72.998785  1    0.000000  0   1  2  0       0.1241  350AC*
   H    1.107526  1   73.029943  1  119.994387  1   1  2  3       0.1240  350AD*
   H    1.107545  1   73.002659  1  239.984160  1   1  2  3       0.1241  350AE*
  Br    1.950790  1  179.986847  1  301.530221  1   1  2  3      -0.2595  350AF*


     POINT   POTENTIAL  +  ENERGY LOST   =   TOTAL      ERROR    REF%   MOVEMENT
     351     -51.38744      9.95175        -41.43569   0.01426   351  %  0.7199
     352     -51.39016      9.95447        -41.43569   0.01426   352  %  0.7204
     353     -51.39400      9.95831        -41.43569   0.01426   353  %  0.7210
     354     -51.39940      9.96370        -41.43569   0.01426   354  %  0.7219
     355     -51.40698      9.97128        -41.43570   0.01425   355  %  0.7230
     356     -51.41760      9.98190        -41.43570   0.01425   356  %  0.7246
     357     -51.43243      9.99671        -41.43572   0.01423   357  %  0.7268
     358     -51.45300     10.01726        -41.43574   0.01421   358  %  0.7299
     359     -51.48134     10.04555        -41.43579   0.01416   359  %  0.7342
     360     -51.50923     10.07336        -41.43588   0.01407   360  %  0.7389
     361     -51.52983     10.09423        -41.43560   0.01435   361  %  0.7409
     362     -51.53834     10.10401        -41.43432   0.01563   362  %  0.7447
     363     -51.54025     10.10609        -41.43416   0.01579   363  %  0.7444
     364     -51.54123     10.10706        -41.43417   0.01578   364  %  0.7444
     365     -51.54260     10.10843        -41.43417   0.01578   365  %  0.7444
     366     -51.54452     10.11034        -41.43418   0.01577   366  %  0.7446
     367     -51.54720     10.11302        -41.43418   0.01577   367  %  0.7449
     368     -51.55097     10.11679        -41.43418   0.01577   368  %  0.7454
     369     -51.55627     10.12209        -41.43418   0.01577   369  %  0.7462
     370     -51.56371     10.12952        -41.43418   0.01577   370  %  0.7474
     371     -51.57411     10.13992        -41.43419   0.01576   371  %  0.7491
     372     -51.58861     10.15441        -41.43420   0.01575   372  %  0.7515
     373     -51.60868     10.17445        -41.43423   0.01572   373  %  0.7549
     374     -51.63514     10.20088        -41.43426   0.01569   374  %  0.7591
     375     -51.66521     10.23236        -41.43286   0.01709   375  %  0.7674
     376     -51.67154     10.24243        -41.42911   0.02084   376  %  0.7641
     377     -51.67237     10.24337        -41.42900   0.02095   377  %  0.7646
     378     -51.67289     10.24389        -41.42900   0.02095   378  %  0.7648
     379     -51.67361     10.24460        -41.42901   0.02094   379  %  0.7651
     380     -51.67458     10.24557        -41.42901   0.02094   380  %  0.7655
     381     -51.67592     10.24690        -41.42901   0.02094   381  %  0.7660
     382     -51.67776     10.24874        -41.42902   0.02093   382  %  0.7665
     383     -51.68033     10.25130        -41.42902   0.02093   383  %  0.7671
     384     -51.68393     10.25490        -41.42903   0.02092   384  %  0.7678
     385     -51.68899     10.25996        -41.42903   0.02092   385  %  0.7688
     386     -51.69608     10.26705        -41.42904   0.02091   386  %  0.7701
     387     -51.70600     10.27696        -41.42904   0.02091   387  %  0.7719
     388     -51.71980     10.29074        -41.42906   0.02089   388  %  0.7744
     389     -51.73886     10.30978        -41.42908   0.02087   389  %  0.7779
     390     -51.76478     10.33581        -41.42897   0.02098   390  %  0.7838
     391     -51.77799     10.35449        -41.42350   0.02645   391  %  0.7815
     392     -51.78209     10.36001        -41.42208   0.02787   392  %  0.7842
     393     -51.78250     10.36040        -41.42210   0.02785   393  %  0.7844
     394     -51.78305     10.36095        -41.42210   0.02785   394  %  0.7847
     395     -51.78379     10.36168        -41.42211   0.02784   395  %  0.7851
     396     -51.78475     10.36263        -41.42211   0.02784   396  %  0.7856
     397     -51.78601     10.36388        -41.42212   0.02783   397  %  0.7862
     398     -51.78769     10.36556        -41.42214   0.02781   398  %  0.7868
     399     -51.79001     10.36786        -41.42215   0.02780   399  %  0.7875
     400     -51.79324     10.37109        -41.42215   0.02780   400  %  0.7883


          FINAL GEOMETRY OBTAINED                                 CHARGE
 IRC=1 LARGE=50 AM1 CHARGE=-1
 Title
 
   C    0.000000  0    0.000000  0    0.000000  0   0  0  0      -0.1707  400AA*
  Cl    2.666817  1    0.000000  0    0.000000  0   1  0  0      -0.9550  400AB*
   H    1.107689  1   72.680567  1    0.000000  0   1  2  0       0.1249  400AC*
   H    1.107661  1   72.715856  1  119.994162  1   1  2  3       0.1248  400AD*
   H    1.107682  1   72.685849  1  239.982958  1   1  2  3       0.1248  400AE*
  Br    1.950089  1  179.984836  1  304.238866  1   1  2  3      -0.2488  400AF*


     POINT   POTENTIAL  +  ENERGY LOST   =   TOTAL      ERROR    REF%   MOVEMENT
     401     -51.79778     10.37563        -41.42216   0.02779   401  %  0.7892
     402     -51.80415     10.38199        -41.42216   0.02779   402  %  0.7905
     403     -51.81304     10.39087        -41.42217   0.02778   403  %  0.7923
     404     -51.82541     10.40323        -41.42218   0.02777   404  %  0.7948
     405     -51.84248     10.42028        -41.42221   0.02774   405  %  0.7981
     406     -51.86568     10.44363        -41.42205   0.02790   406  %  0.8040
     407     -51.87548     10.45885        -41.41663   0.03332   407  %  0.8014
     408     -51.87901     10.46361        -41.41540   0.03455   408  %  0.8038
     409     -51.87939     10.46396        -41.41542   0.03453   409  %  0.8040
     410     -51.87990     10.46447        -41.41543   0.03452   410  %  0.8043
     411     -51.88056     10.46513        -41.41543   0.03452   411  %  0.8048
     412     -51.88141     10.46597        -41.41544   0.03451   412  %  0.8053
     413     -51.88250     10.46705        -41.41545   0.03450   413  %  0.8058
     414     -51.88394     10.46848        -41.41546   0.03449   414  %  0.8065
     415     -51.88591     10.47044        -41.41548   0.03447   415  %  0.8071
     416     -51.88865     10.47317        -41.41548   0.03447   416  %  0.8078
     417     -51.89250     10.47701        -41.41549   0.03446   417  %  0.8087
     418     -51.89789     10.48240        -41.41549   0.03446   418  %  0.8099
     419     -51.90543     10.48993        -41.41550   0.03445   419  %  0.8115
     420     -51.91591     10.50040        -41.41551   0.03444   420  %  0.8138
     421     -51.93040     10.51488        -41.41552   0.03443   421  %  0.8169
     422     -51.94998     10.53476        -41.41522   0.03473   422  %  0.8228
     423     -51.95605     10.54519        -41.41086   0.03909   423  %  0.8199
     424     -51.95817     10.54794        -41.41023   0.03972   424  %  0.8215
     425     -51.95854     10.54829        -41.41025   0.03970   425  %  0.8217
     426     -51.95903     10.54878        -41.41025   0.03970   426  %  0.8220
     427     -51.95965     10.54940        -41.41025   0.03970   427  %  0.8225
     428     -51.96045     10.55019        -41.41026   0.03969   428  %  0.8230
     429     -51.96148     10.55121        -41.41027   0.03968   429  %  0.8235
     430     -51.96285     10.55257        -41.41029   0.03966   430  %  0.8241
     431     -51.96473     10.55443        -41.41030   0.03965   431  %  0.8247
     432     -51.96735     10.55705        -41.41030   0.03965   432  %  0.8254
     433     -51.97103     10.56073        -41.41030   0.03965   433  %  0.8263
     434     -51.97619     10.56588        -41.41031   0.03964   434  %  0.8276
     435     -51.98339     10.57308        -41.41031   0.03964   435  %  0.8293
     436     -51.99340     10.58307        -41.41032   0.03962   436  %  0.8316
     437     -52.00718     10.59686        -41.41032   0.03963   437  %  0.8354
     438     -52.02356     10.61661        -41.40695   0.04300   438  %  0.8360
     439     -52.02818     10.62561        -41.40257   0.04738   439  %  0.8410
     440     -52.02845     10.62592        -41.40253   0.04742   440  %  0.8410
     441     -52.02874     10.62620        -41.40253   0.04742   441  %  0.8409
     442     -52.02913     10.62660        -41.40253   0.04742   442  %  0.8409
     443     -52.02968     10.62715        -41.40253   0.04742   443  %  0.8410
     444     -52.03046     10.62792        -41.40253   0.04742   444  %  0.8411
     445     -52.03154     10.62900        -41.40254   0.04741   445  %  0.8412
     446     -52.03305     10.63052        -41.40254   0.04741   446  %  0.8416
     447     -52.03519     10.63265        -41.40254   0.04741   447  %  0.8421
     448     -52.03819     10.63565        -41.40254   0.04741   448  %  0.8428
     449     -52.04239     10.63985        -41.40254   0.04741   449  %  0.8439
     450     -52.04827     10.64573        -41.40254   0.04741   450  %  0.8454


          FINAL GEOMETRY OBTAINED                                 CHARGE
 IRC=1 LARGE=50 AM1 CHARGE=-1
 Title
 
   C    0.000000  0    0.000000  0    0.000000  0   0  0  0      -0.1757  450AA*
  Cl    2.702024  1    0.000000  0    0.000000  0   1  0  0      -0.9596  450AB*
   H    1.107815  1   72.455253  1    0.000000  0   1  2  0       0.1254  450AC*
   H    1.107787  1   72.494657  1  119.993944  1   1  2  3       0.1253  450AD*
   H    1.107808  1   72.461960  1  239.981757  1   1  2  3       0.1254  450AE*
  Br    1.949654  1  179.982755  1  306.336462  1   1  2  3      -0.2407  450AF*


     POINT   POTENTIAL  +  ENERGY LOST   =   TOTAL      ERROR    REF%   MOVEMENT
     451     -52.05645     10.65390        -41.40255   0.04740   451  %  0.8475
     452     -52.06776     10.66519        -41.40257   0.04738   452  %  0.8505
     453     -52.08322     10.68063        -41.40259   0.04736   453  %  0.8549
     454     -52.10212     10.70201        -41.40011   0.04984   454  %  0.8571
     455     -52.10543     10.71355        -41.39188   0.05807   455  %  0.8642
     456     -52.10610     10.71441        -41.39169   0.05826   456  %  0.8638
     457     -52.10636     10.71467        -41.39170   0.05825   457  %  0.8636
     458     -52.10670     10.71500        -41.39170   0.05825   458  %  0.8634
     459     -52.10713     10.71543        -41.39170   0.05825   459  %  0.8632
     460     -52.10765     10.71595        -41.39171   0.05824   460  %  0.8630
     461     -52.10828     10.71657        -41.39172   0.05823   461  %  0.8627
     462     -52.10905     10.71732        -41.39173   0.05822   462  %  0.8625
     463     -52.11003     10.71828        -41.39175   0.05820   463  %  0.8625
     464     -52.11135     10.71959        -41.39176   0.05819   464  %  0.8626
     465     -52.11317     10.72141        -41.39176   0.05819   465  %  0.8630
     466     -52.11573     10.72397        -41.39176   0.05819   466  %  0.8637
     467     -52.11932     10.72756        -41.39176   0.05819   467  %  0.8647
     468     -52.12434     10.73258        -41.39176   0.05819   468  %  0.8662
     469     -52.13131     10.73955        -41.39177   0.05818   469  %  0.8682
     470     -52.14094     10.74918        -41.39176   0.05819   470  %  0.8708
     471     -52.15291     10.76276        -41.39015   0.05980   471  %  0.8775
     472     -52.15573     10.77005        -41.38568   0.06427   472  %  0.8737
     473     -52.15621     10.77065        -41.38555   0.06440   473  %  0.8742
     474     -52.15644     10.77089        -41.38556   0.06439   474  %  0.8744
     475     -52.15675     10.77119        -41.38556   0.06439   475  %  0.8747
     476     -52.15714     10.77157        -41.38556   0.06439   476  %  0.8750
     477     -52.15763     10.77207        -41.38557   0.06438   477  %  0.8754
     478     -52.15828     10.77271        -41.38557   0.06438   478  %  0.8758
     479     -52.15915     10.77357        -41.38558   0.06437   479  %  0.8763
     480     -52.16035     10.77477        -41.38558   0.06437   480  %  0.8768
     481     -52.16203     10.77645        -41.38559   0.06436   481  %  0.8773
     482     -52.16439     10.77880        -41.38559   0.06436   482  %  0.8781
     483     -52.16770     10.78211        -41.38559   0.06436   483  %  0.8791
     484     -52.17232     10.78673        -41.38559   0.06436   484  %  0.8806
     485     -52.17874     10.79314        -41.38560   0.06435   485  %  0.8825
     486     -52.18755     10.80201        -41.38554   0.06441   486  %  0.8859
     487     -52.19318     10.81130        -41.38188   0.06807   487  %  0.8844
     488     -52.19640     10.81663        -41.37977   0.07018   488  %  0.8876
     489     -52.19656     10.81678        -41.37978   0.07017   489  %  0.8877
     490     -52.19678     10.81700        -41.37978   0.07017   490  %  0.8878
     491     -52.19709     10.81731        -41.37978   0.07017   491  %  0.8880
     492     -52.19750     10.81772        -41.37978   0.07017   492  %  0.8883
     493     -52.19808     10.81829        -41.37978   0.07017   493  %  0.8886
     494     -52.19887     10.81909        -41.37978   0.07017   494  %  0.8890
     495     -52.19999     10.82020        -41.37978   0.07016   495  %  0.8894
     496     -52.20156     10.82177        -41.37979   0.07016   496  %  0.8899
     497     -52.20377     10.82398        -41.37979   0.07016   497  %  0.8907
     498     -52.20686     10.82707        -41.37979   0.07016   498  %  0.8917
     499     -52.21117     10.83138        -41.37979   0.07016   499  %  0.8932
     500     -52.21717     10.83737        -41.37980   0.07015   500  %  0.8951


          FINAL GEOMETRY OBTAINED                                 CHARGE
 IRC=1 LARGE=50 AM1 CHARGE=-1
 Title
 
   C    0.000000  0    0.000000  0    0.000000  0   0  0  0      -0.1801  500AA*
  Cl    2.731928  1    0.000000  0    0.000000  0   1  0  0      -0.9630  500AB*
   H    1.107964  1   72.282515  1    0.000000  0   1  2  0       0.1259  500AC*
   H    1.107935  1   72.326181  1  119.993715  1   1  2  3       0.1258  500AD*
   H    1.107956  1   72.290701  1  239.980511  1   1  2  3       0.1259  500AE*
  Br    1.949306  1  179.980530  1  308.024689  1   1  2  3      -0.2345  500AF*


     POINT   POTENTIAL  +  ENERGY LOST   =   TOTAL      ERROR    REF%   MOVEMENT
     501     -52.22540     10.84564        -41.37975   0.07020   501  %  0.8985
     502     -52.23076     10.85567        -41.37510   0.07485   502  %  0.8969
     503     -52.23489     10.86306        -41.37182   0.07812   503  %  0.9008
     504     -52.23500     10.86317        -41.37183   0.07812   504  %  0.9009
     505     -52.23517     10.86334        -41.37183   0.07812   505  %  0.9010
     506     -52.23540     10.86357        -41.37183   0.07812   506  %  0.9012
     507     -52.23571     10.86388        -41.37183   0.07812   507  %  0.9014
     508     -52.23615     10.86432        -41.37183   0.07812   508  %  0.9016
     509     -52.23676     10.86493        -41.37183   0.07812   509  %  0.9019
     510     -52.23762     10.86579        -41.37183   0.07812   510  %  0.9023
     511     -52.23883     10.86700        -41.37183   0.07811   511  %  0.9027
     512     -52.24053     10.86869        -41.37184   0.07811   512  %  0.9034
     513     -52.24291     10.87107        -41.37184   0.07811   513  %  0.9042
     514     -52.24624     10.87440        -41.37184   0.07811   514  %  0.9054
     515     -52.25088     10.87904        -41.37184   0.07811   515  %  0.9071
     516     -52.25730     10.88545        -41.37185   0.07810   516  %  0.9096
     517     -52.26587     10.89432        -41.37155   0.07840   517  %  0.9117
     518     -52.26717     10.90035        -41.36681   0.08314   518  %  0.9177
     519     -52.26914     10.90315        -41.36600   0.08395   519  %  0.9163
     520     -52.26937     10.90335        -41.36601   0.08394   520  %  0.9161
     521     -52.26965     10.90364        -41.36602   0.08393   521  %  0.9159
     522     -52.27000     10.90398        -41.36602   0.08393   522  %  0.9157
     523     -52.27040     10.90437        -41.36603   0.08392   523  %  0.9155
     524     -52.27086     10.90482        -41.36604   0.08391   524  %  0.9153
     525     -52.27141     10.90536        -41.36605   0.08390   525  %  0.9152
     526     -52.27213     10.90607        -41.36606   0.08389   526  %  0.9152
     527     -52.27312     10.90706        -41.36606   0.08388   527  %  0.9155
     528     -52.27451     10.90845        -41.36606   0.08388   528  %  0.9160
     529     -52.27646     10.91040        -41.36606   0.08389   529  %  0.9168
     530     -52.27919     10.91313        -41.36606   0.08388   530  %  0.9178
     531     -52.28299     10.91692        -41.36607   0.08388   531  %  0.9193
     532     -52.28826     10.92219        -41.36607   0.08388   532  %  0.9214


 IRC CALCULATION COMPLETE 



 TOTAL CPU TIME:             0.22 SECONDS

 == MOPAC DONE ==
