

           AN UNOPTIMIZABLE GEOMETRIC PARAMETER HAS
           BEEN MARKED FOR OPTIMIZATION. THIS IS A NON-FATAL ERROR
 *******************************************************************************
 ** [MOPAC] Ver.6 by James J. P. Stewart                                      **
 *******************************************************************************
 ** PDDG modification by W. L. Jorgensen et al.(Yale Univ.)                   **
 ** Additional modification by N. Senda(Tencube) and W. Sasaki(pc-chem.info)  **
 *******************************************************************************

                                 AM1 CALCULATION RESULTS


 *******************************************************************************
 *          MOPAC:  VERSION  6.06               CALC'D. 04-Nov-20               
 *  GRAPH    - GENERATE FILE FOR GRAPHICS
 *   T=      - A TIME OF  3600.0 SECONDS REQUESTED
 *  DUMP=N   - RESTART FILE WRITTEN EVERY  3600.0 SECONDS
 *  EF       - USE EF ROUTINE FOR MINIMUM SEARCH
 *  AM1      - THE AM1 HAMILTONIAN TO BE USED
 ***********************************************************************080BY100
 EF AM1 GRAPH
 Title
 

    ATOM   CHEMICAL  BOND LENGTH    BOND ANGLE     TWIST ANGLE
   NUMBER  SYMBOL    (ANGSTROMS)     (DEGREES)      (DEGREES)
    (I)                  NA:I          NB:NA:I      NC:NB:NA:I     NA   NB   NC

      1      H       
      2      C         1.09492  *                                  1
      3      C         1.39031  *     119.95754  *                 2    1
      4      H         1.09451  *     119.95429  *   -0.00337  *   3    2    1
      5      C         1.39244  *     120.12912  *  179.99736  *   3    2    1
      6      H         1.09504  *     119.84187  *  179.99707  *   5    3    2
      7      C         1.38823  *     120.54691  *   -0.00249  *   5    3    2
      8      H         1.09564  *     120.66995  * -179.99837  *   7    5    3
      9      C         1.40213  *     118.93850  *    0.00410  *   7    5    3
     10      C         1.38992  *     119.60009  *  179.99972  *   2    1    3
     11      H         1.09583  *     120.02320  *    0.00665  *  10    2    1
     12      O         1.36854  *     116.09678  *  179.99973  *   9    7    5
     13      H         0.94908  *     107.86077  * -179.99600  *  12    9    7


          CARTESIAN COORDINATES 

    NO.       ATOM         X         Y         Z

     1         H        0.0000    0.0000    0.0000
     2         C        1.0949    0.0000    0.0000
     3         C        1.7892    1.2046    0.0000
     4         H        1.2405    2.1516   -0.0001
     5         C        3.1816    1.2087    0.0001
     6         H        3.7237    2.1602    0.0000
     7         C        3.8907    0.0153    0.0002
     8         H        4.9864    0.0162    0.0002
     9         C        3.1824   -1.1948    0.0001
    10         C        1.7815   -1.2085    0.0000
    11         H        1.2273   -2.1539   -0.0001
    12         O        3.9390   -2.3352    0.0002
    13         H        3.3471   -3.0771    0.0001
  H: (AM1): M.J.S. DEWAR ET AL, J. AM. CHEM. SOC. 107 3902-3909 (1985)          
  C: (AM1): M.J.S. DEWAR ET AL, J. AM. CHEM. SOC. 107 3902-3909 (1985)          
  O: (AM1): M.J.S. DEWAR ET AL, J. AM. CHEM. SOC. 107 3902-3909 (1985)          


          RHF CALCULATION, NO. OF DOUBLY OCCUPIED LEVELS = 18


            INTERATOMIC DISTANCES
0
                  H  1       C  2       C  3       H  4       C  5       H  6
 ------------------------------------------------------------------------------
     H    1   0.000000
     C    2   1.094916   0.000000
     C    3   2.156879   1.390312   0.000000
     H    4   2.483564   2.156506   1.094507   0.000000
     C    5   3.403480   2.411499   1.392438   2.158012   0.000000
     H    6   4.304897   3.402466   2.157655   2.483212   1.095040   0.000000
     C    7   3.890777   2.795873   2.414738   3.404081   1.388230   2.151409
     H    8   4.986416   3.891508   3.410912   4.311815   2.163174   2.488200
     C    9   3.399312   2.405241   2.774516   3.869022   2.403503   3.398347
     C   10   2.152705   1.389922   2.413102   3.403389   2.793487   3.888507
     H   11   2.479047   2.157984   3.405153   4.305527   3.889302   4.984310
     O   12   4.579149   3.679912   4.141427   5.235749   3.623939   4.500536
     H   13   4.546649   3.813292   4.556321   5.637153   4.289052   5.250842
0
                  C  7       H  8       C  9       C 10       H 11       O 12
 ------------------------------------------------------------------------------
     C    7   0.000000
     H    8   1.095643   0.000000
     C    9   1.402127   2.172734   0.000000
     C   10   2.438611   3.430974   1.401036   0.000000
     H   11   3.435011   4.340518   2.177707   1.095825   0.000000
     O   12   2.350966   2.574133   1.368541   2.433973   2.717707   0.000000
     H   13   3.139830   3.500845   1.889546   2.437826   2.312127   0.949079
0
                  H 13
 ------------------
     H   13   0.000000
 CYCLE:   1 TIME:   0.00 TIME LEFT:  3600.0 GRAD.:    33.013 HEAT:-21.87407    
 CYCLE:   2 TIME:   0.00 TIME LEFT:  3600.0 GRAD.:   152.968 HEAT:-21.60016    
 CYCLE:   3 TIME:   0.00 TIME LEFT:  3600.0 GRAD.:   200.016 HEAT:-19.46944    
 CYCLE:   4 TIME:   0.02 TIME LEFT:  3600.0 GRAD.:    40.460 HEAT:-22.04225    
 CYCLE:   5 TIME:   0.00 TIME LEFT:  3600.0 GRAD.:    44.893 HEAT:-22.03776    
 CYCLE:   6 TIME:   0.00 TIME LEFT:  3600.0 GRAD.:     3.355 HEAT:-22.23768    
 CYCLE:   7 TIME:   0.00 TIME LEFT:  3600.0 GRAD.:     2.266 HEAT:-22.24201    
 CYCLE:   8 TIME:   0.00 TIME LEFT:  3600.0 GRAD.:     1.314 HEAT:-22.24603    
 CYCLE:   9 TIME:   0.00 TIME LEFT:  3600.0 GRAD.:     0.883 HEAT:-22.24682    
 CYCLE:  10 TIME:   0.00 TIME LEFT:  3600.0 GRAD.:     0.672 HEAT:-22.24758    
 CYCLE:  11 TIME:   0.00 TIME LEFT:  3600.0 GRAD.:     0.423 HEAT:-22.24789    
 CYCLE:  12 TIME:   0.00 TIME LEFT:  3600.0 GRAD.:     0.185 HEAT:-22.24797    

 -------------------------------------------------------------------------------
 EF AM1 GRAPH
 Title
 


     GEOMETRY OPTIMISED USING EIGENVECTOR FOLLOWING (EF).     
     SCF FIELD WAS ACHIEVED                                   


                                 AM1    CALCULATION
                                                       VERSION  6.06
                                                       04-Nov-20               




          FINAL HEAT OF FORMATION =        -22.24797 KCAL


          TOTAL ENERGY            =      -1170.93821 EV
          ELECTRONIC ENERGY       =      -4456.06263 EV
          CORE-CORE REPULSION     =       3285.12441 EV

          IONIZATION POTENTIAL    =          9.11463
          NO. OF FILLED LEVELS    =         18
          MOLECULAR WEIGHT        =     94.113


          SCF CALCULATIONS  =               13
          COMPUTATION TIME =   0.016 SECONDS





    ATOM   CHEMICAL  BOND LENGTH    BOND ANGLE     TWIST ANGLE
   NUMBER  SYMBOL    (ANGSTROMS)     (DEGREES)      (DEGREES)
    (I)                  NA:I          NB:NA:I      NC:NB:NA:I     NA   NB   NC

      1      H       
      2      C         1.10018  *                                  1
      3      C         1.39395  *     120.11297  *                 2    1
      4      H         1.09924  *     120.00675  *   -0.00281  *   3    2    1
      5      C         1.39657  *     120.04696  *  179.99794  *   3    2    1
      6      H         1.10028  *     119.88654  *  179.99867  *   5    3    2
      7      C         1.39120  *     120.58931  *   -0.00119  *   5    3    2
      8      H         1.09860  *     121.49608  * -179.99827  *   7    5    3
      9      C         1.40519  *     118.90860  *    0.00278  *   7    5    3
     10      C         1.39369  *     119.48476  *  179.99788  *   2    1    3
     11      H         1.09854  *     120.56014  *    0.00437  *  10    2    1
     12      O         1.37676  *     116.44376  *  179.99889  *   9    7    5
     13      H         0.96794  *     107.88375  * -179.99588  *  12    9    7


            INTERATOMIC DISTANCES
0
                  H  1       C  2       C  3       H  4       C  5       H  6
 ------------------------------------------------------------------------------
     H    1   0.000000
     C    2   1.100185   0.000000
     C    3   2.166181   1.393950   0.000000
     H    4   2.495650   2.164257   1.099236   0.000000
     C    5   3.415437   2.417231   1.396567   2.165960   0.000000
     H    6   4.322428   3.413562   2.166183   2.493544   1.100277   0.000000
     C    7   3.902684   2.802501   2.421414   3.415047   1.391199   2.157470
     H    8   5.001135   3.900955   3.425678   4.332805   2.176997   2.507442
     C    9   3.407865   2.410199   2.781315   3.880550   2.408331   3.407540
     C   10   2.159203   1.393692   2.419047   3.414179   2.798536   3.898802
     H   11   2.493766   2.169342   3.417318   4.323939   3.897065   4.997336
     O   12   4.590154   3.689938   4.156777   5.255859   3.639464   4.520529
     H   13   4.553949   3.824737   4.577877   5.662555   4.315966   5.283920
0
                  C  7       H  8       C  9       C 10       H 11       O 12
 ------------------------------------------------------------------------------
     C    7   0.000000
     H    8   1.098598   0.000000
     C    9   1.405194   2.169402   0.000000
     C   10   2.442466   3.431741   1.401932   0.000000
     H   11   3.437269   4.335385   2.174269   1.098539   0.000000
     O   12   2.364967   2.575840   1.376757   2.437543   2.706978   0.000000
     H   13   3.168348   3.520542   1.910715   2.443503   2.292897   0.967941
0
                  H 13
 ------------------
     H   13   0.000000


                  EIGENVALUES

 -40.14299 -37.38169 -31.62002 -30.25606 -23.68319 -23.00382 -18.99901 -17.42476
 -16.54485 -15.04716 -15.03549 -14.40750 -14.27051 -12.64405 -12.50494 -11.94067
  -9.85059  -9.11463   0.39721   0.50782   2.83912   3.02573   3.80124   3.83520
   4.08135   4.30553   4.42325   4.72035   5.03660   5.22026   5.41867   5.61127
   5.83549   6.31886


              NET ATOMIC CHARGES AND DIPOLE CONTRIBUTIONS

         ATOM NO.   TYPE          CHARGE        ATOM  ELECTRON DENSITY
           1          H           0.1321          0.8679
           2          C          -0.0916          4.0916
           3          C          -0.1654          4.1654
           4          H           0.1333          0.8667
           5          C          -0.0970          4.0970
           6          H           0.1339          0.8661
           7          C          -0.1567          4.1567
           8          H           0.1496          0.8504
           9          C           0.0778          3.9222
          10          C          -0.2135          4.2135
          11          H           0.1326          0.8674
          12          O          -0.2526          6.2526
          13          H           0.2173          0.7827
 DIPOLE           X         Y         Z       TOTAL
 POINT-CHG.    -0.690     0.268     0.000     0.740
 HYBRID        -0.529    -0.453     0.000     0.696
 SUM           -1.219    -0.185     0.000     1.233


          CARTESIAN COORDINATES 

    NO.       ATOM               X         Y         Z

     1         H                  0.0000    0.0000    0.0000
     2         C                  1.1002    0.0000    0.0000
     3         C                  1.7995    1.2058    0.0000
     4         H                  1.2519    2.1589    0.0000
     5         C                  3.1961    1.2042    0.0000
     6         H                  3.7455    2.1575    0.0000
     7         C                  3.9027    0.0058    0.0001
     8         H                  5.0011   -0.0129    0.0002
     9         C                  3.1881   -1.2041    0.0001
    10         C                  1.7861   -1.2132    0.0000
    11         H                  1.2376   -2.1650    0.0000
    12         O                  3.9376   -2.3589    0.0001
    13         H                  3.3268   -3.1098    0.0000


          ATOMIC ORBITAL ELECTRON POPULATIONS

   0.86787   1.21554   0.98904   0.91448   0.97255   1.21711   0.93724   0.97249
   1.03860   0.86671   1.21687   0.93705   0.96968   0.97337   0.86607   1.21409
   0.99639   0.89463   1.05155   0.85038   1.20023   0.89474   0.86827   0.95894
   1.21822   0.91863   0.98402   1.09259   0.86739   1.86270   1.32610   1.15135
   1.91240   0.78270

           DATA FOR GRAPH WRITTEN TO DISK



 TOTAL CPU TIME:             0.02 SECONDS

 == MOPAC DONE ==
