 *******************************************************************************
 ** [MOPAC] Ver.6 by James J. P. Stewart                                      **
 *******************************************************************************
 ** PDDG modification by W. L. Jorgensen et al.(Yale Univ.)                   **
 ** Additional modification by N. Senda(Tencube) and W. Sasaki(pc-chem.info)  **
 *******************************************************************************

                                 AM1 CALCULATION RESULTS


 *******************************************************************************
 *          MOPAC:  VERSION  6.06               CALC'D. 04-Nov-20               
 *
 *
 *
 *                 CHARGE ON SYSTEM = -1
 *
 *
 *
 *   T=      - A TIME OF  3600.0 SECONDS REQUESTED
 *  DUMP=N   - RESTART FILE WRITTEN EVERY  3600.0 SECONDS
 *  EF       - USE EF ROUTINE FOR MINIMUM SEARCH
 *  AM1      - THE AM1 HAMILTONIAN TO BE USED
 ***********************************************************************080BY100
 AM1 EF CHARGE=-1
 Title
 

    ATOM   CHEMICAL  BOND LENGTH    BOND ANGLE     TWIST ANGLE
   NUMBER  SYMBOL    (ANGSTROMS)     (DEGREES)      (DEGREES)
    (I)                  NA:I          NB:NA:I      NC:NB:NA:I     NA   NB   NC

      1      C       
      2     Cl         1.79327  *                                  1
      3      H         1.10799  *     107.97153  *                 1    2
      4      H         1.10798  *     107.97080  *  119.99930  *   1    2    3
      5      H         1.10799  *     108.03825  * -120.00060  *   1    2    3
      6     Br         3.95873  *     165.54202  *   60.27283  *   1    2    3


          CARTESIAN COORDINATES 

    NO.       ATOM         X         Y         Z

     1         C        0.0000    0.0000    0.0000
     2        Cl        1.7933    0.0000    0.0000
     3         H       -0.3419    1.0539    0.0000
     4         H       -0.3418   -0.5270   -0.9127
     5         H       -0.3431   -0.5268    0.9124
     6        Br       -3.8334    0.4901   -0.8583
  H: (AM1): M.J.S. DEWAR ET AL, J. AM. CHEM. SOC. 107 3902-3909 (1985)          
  C: (AM1): M.J.S. DEWAR ET AL, J. AM. CHEM. SOC. 107 3902-3909 (1985)          
 Cl: (AM1): M.J.S. DEWAR AND E. G. ZOEBISCH, THEOCHEM, 180, 1 (1988).           
 Br: (AM1): M.J.S. DEWAR AND E. G. ZOEBISCH, THEOCHEM, 180, 1 (1988).           


          RHF CALCULATION, NO. OF DOUBLY OCCUPIED LEVELS = 11


            INTERATOMIC DISTANCES
0
                  C  1      Cl  2       H  3       H  4       H  5      Br  6
 ------------------------------------------------------------------------------
     C    1   0.000000
    Cl    2   1.793267   0.000000
     H    3   1.107989   2.381082   0.000000
     H    4   1.107983   2.381068   1.825453   0.000000
     H    5   1.107993   2.382009   1.825124   1.825119   0.000000
    Br    6   3.958729   5.712777   3.639385   3.637035   4.043680   0.000000
 CYCLE:   1 TIME:   0.00 TIME LEFT:  3600.0 GRAD.:    17.920 HEAT:-44.33210    
 CYCLE:   2 TIME:   0.00 TIME LEFT:  3600.0 GRAD.:    14.640 HEAT:-44.43047    
 CYCLE:   3 TIME:   0.00 TIME LEFT:  3600.0 GRAD.:     6.063 HEAT:-44.58940    
 CYCLE:   4 TIME:   0.00 TIME LEFT:  3600.0 GRAD.:     4.683 HEAT:-44.60594    
 CYCLE:   5 TIME:   0.00 TIME LEFT:  3600.0 GRAD.:     3.248 HEAT:-44.63854    
 CYCLE:   6 TIME:   0.00 TIME LEFT:  3600.0 GRAD.:     3.359 HEAT:-44.64387    
 CYCLE:   7 TIME:   0.00 TIME LEFT:  3600.0 GRAD.:     3.255 HEAT:-44.66477    
 CYCLE:   8 TIME:   0.00 TIME LEFT:  3600.0 GRAD.:     3.244 HEAT:-44.67488    
 CYCLE:   9 TIME:   0.00 TIME LEFT:  3600.0 GRAD.:     4.448 HEAT:-44.69524    
 CYCLE:  10 TIME:   0.00 TIME LEFT:  3600.0 GRAD.:     7.243 HEAT:-44.73388    
 CYCLE:  11 TIME:   0.00 TIME LEFT:  3600.0 GRAD.:    13.248 HEAT:-44.84299    
 CYCLE:  12 TIME:   0.00 TIME LEFT:  3600.0 GRAD.:    22.958 HEAT:-45.11048    
 CYCLE:  13 TIME:   0.00 TIME LEFT:  3600.0 GRAD.:    29.700 HEAT:-45.41419    
 CYCLE:  14 TIME:   0.00 TIME LEFT:  3600.0 GRAD.:    33.140 HEAT:-45.72137    
 CYCLE:  15 TIME:   0.00 TIME LEFT:  3600.0 GRAD.:    25.589 HEAT:-46.22868    
 CYCLE:  16 TIME:   0.00 TIME LEFT:  3600.0 GRAD.:     7.978 HEAT:-46.65080    
 CYCLE:  17 TIME:   0.00 TIME LEFT:  3600.0 GRAD.:     5.333 HEAT:-46.73831    
 CYCLE:  18 TIME:   0.00 TIME LEFT:  3600.0 GRAD.:     3.520 HEAT:-46.75609    
 CYCLE:  19 TIME:   0.00 TIME LEFT:  3600.0 GRAD.:     2.015 HEAT:-46.77362    
 CYCLE:  20 TIME:   0.00 TIME LEFT:  3600.0 GRAD.:     2.379 HEAT:-46.77961    
 CYCLE:  21 TIME:   0.00 TIME LEFT:  3600.0 GRAD.:     2.756 HEAT:-46.78922    
 CYCLE:  22 TIME:   0.00 TIME LEFT:  3600.0 GRAD.:     2.290 HEAT:-46.79575    
 CYCLE:  23 TIME:   0.00 TIME LEFT:  3600.0 GRAD.:     1.293 HEAT:-46.80145    
 CYCLE:  24 TIME:   0.00 TIME LEFT:  3600.0 GRAD.:     0.983 HEAT:-46.80408    
 CYCLE:  25 TIME:   0.00 TIME LEFT:  3600.0 GRAD.:     1.084 HEAT:-46.80581    
 CYCLE:  26 TIME:   0.00 TIME LEFT:  3600.0 GRAD.:     1.093 HEAT:-46.80749    
 CYCLE:  27 TIME:   0.00 TIME LEFT:  3600.0 GRAD.:     0.850 HEAT:-46.80917    
 CYCLE:  28 TIME:   0.00 TIME LEFT:  3600.0 GRAD.:     0.596 HEAT:-46.81023    
 CYCLE:  29 TIME:   0.00 TIME LEFT:  3600.0 GRAD.:     0.599 HEAT:-46.81087    
 CYCLE:  30 TIME:   0.02 TIME LEFT:  3600.0 GRAD.:     0.723 HEAT:-46.81160    
 CYCLE:  31 TIME:   0.00 TIME LEFT:  3600.0 GRAD.:     0.854 HEAT:-46.81274    
 CYCLE:  32 TIME:   0.00 TIME LEFT:  3600.0 GRAD.:     0.834 HEAT:-46.81413    
 CYCLE:  33 TIME:   0.00 TIME LEFT:  3600.0 GRAD.:     0.691 HEAT:-46.81528    
 CYCLE:  34 TIME:   0.00 TIME LEFT:  3600.0 GRAD.:     0.644 HEAT:-46.81609    
 CYCLE:  35 TIME:   0.00 TIME LEFT:  3600.0 GRAD.:     0.689 HEAT:-46.81686    
 CYCLE:  36 TIME:   0.00 TIME LEFT:  3600.0 GRAD.:     0.681 HEAT:-46.81776    
 CYCLE:  37 TIME:   0.00 TIME LEFT:  3600.0 GRAD.:     0.464 HEAT:-46.81844    
 CYCLE:  38 TIME:   0.00 TIME LEFT:  3600.0 GRAD.:     0.210 HEAT:-46.81868    

 -------------------------------------------------------------------------------
 AM1 EF CHARGE=-1
 Title
 


     GEOMETRY OPTIMISED USING EIGENVECTOR FOLLOWING (EF).     
     SCF FIELD WAS ACHIEVED                                   


                                 AM1    CALCULATION
                                                       VERSION  6.06
                                                       04-Nov-20               




          FINAL HEAT OF FORMATION =        -46.81868 KCAL


          TOTAL ENERGY            =       -898.15284 EV
          ELECTRONIC ENERGY       =      -1715.68705 EV
          CORE-CORE REPULSION     =        817.53421 EV

          IONIZATION POTENTIAL    =          2.58287
          NO. OF FILLED LEVELS    =         11
          MOLECULAR WEIGHT        =    130.392


          SCF CALCULATIONS  =               39
          COMPUTATION TIME =   0.016 SECONDS





    ATOM   CHEMICAL  BOND LENGTH    BOND ANGLE     TWIST ANGLE
   NUMBER  SYMBOL    (ANGSTROMS)     (DEGREES)      (DEGREES)
    (I)                  NA:I          NB:NA:I      NC:NB:NA:I     NA   NB   NC

      1      C       
      2     Cl         1.78095  *                                  1
      3      H         1.10981  *     107.53517  *                 1    2
      4      H         1.10959  *     107.58529  *  119.98744  *   1    2    3
      5      H         1.10975  *     107.65153  * -119.99270  *   1    2    3
      6     Br         3.09521  *     179.97868  *   60.30653  *   1    2    3


            INTERATOMIC DISTANCES
0
                  C  1      Cl  2       H  3       H  4       H  5      Br  6
 ------------------------------------------------------------------------------
     C    1   0.000000
    Cl    2   1.780951   0.000000
     H    3   1.109807   2.365263   0.000000
     H    4   1.109586   2.365806   1.832368   0.000000
     H    5   1.109753   2.366842   1.832219   1.832032   0.000000
    Br    6   3.095213   4.876164   2.956499   2.955512   2.954862   0.000000


                  EIGENVALUES

 -33.34565 -24.71571 -19.42822 -11.05967 -11.05788 -10.81945  -7.80805  -7.80762
  -2.62346  -2.62346  -2.58287   5.22569   8.13676   8.13784   8.60259


              NET ATOMIC CHARGES AND DIPOLE CONTRIBUTIONS

         ATOM NO.   TYPE          CHARGE        ATOM  ELECTRON DENSITY
           1          C          -0.1151          4.1151
           2         Cl          -0.2570          7.2570
           3          H           0.1164          0.8836
           4          H           0.1165          0.8835
           5          H           0.1166          0.8834
           6         Br          -0.9773          7.9773
 DIPOLE           X         Y         Z       TOTAL
 POINT-CHG.     4.946    -0.001     0.002     4.946
 HYBRID         0.004     0.000     0.000     0.004
 SUM            4.950    -0.001     0.002     4.950


          CARTESIAN COORDINATES 

    NO.       ATOM               X         Y         Z

     1         C                  1.4203   -0.0004    0.0006
     2        Cl                  3.2012   -0.0004    0.0006
     3         H                  1.0859    1.0579    0.0006
     4         H                  1.0851   -0.5290   -0.9155
     5         H                  1.0838   -0.5290    0.9165
     6        Br                 -1.6749    0.0002   -0.0004


          ATOMIC ORBITAL ELECTRON POPULATIONS

   1.26493   0.72312   1.06346   1.06359   1.98540   1.28215   1.99476   1.99474
   0.88363   0.88351   0.88341   1.99973   1.97864   1.99947   1.99946



 TOTAL CPU TIME:             0.02 SECONDS

 == MOPAC DONE ==
