 *******************************************************************************
 ** [MOPAC] Ver.6 by James J. P. Stewart                                      **
 *******************************************************************************
 ** PDDG modification by W. L. Jorgensen et al.(Yale Univ.)                   **
 ** Additional modification by N. Senda(Tencube) and W. Sasaki(pc-chem.info)  **
 *******************************************************************************

                                 AM1 CALCULATION RESULTS


 *******************************************************************************
 *          MOPAC:  VERSION  6.06               CALC'D. 04-Nov-20               
 *
 *
 *
 *                 CHARGE ON SYSTEM = -1
 *
 *
 *
 *   T=      - A TIME OF  3600.0 SECONDS REQUESTED
 *  DUMP=N   - RESTART FILE WRITTEN EVERY  3600.0 SECONDS
 *  TS       - USE EF ROUTINE FOR TS SEARCH
 *  AM1      - THE AM1 HAMILTONIAN TO BE USED
 ***********************************************************************080BY100
 AM1 TS CHARGE=-1
 Title
 

    ATOM   CHEMICAL  BOND LENGTH    BOND ANGLE     TWIST ANGLE
   NUMBER  SYMBOL    (ANGSTROMS)     (DEGREES)      (DEGREES)
    (I)                  NA:I          NB:NA:I      NC:NB:NA:I     NA   NB   NC

      1      C       
      2     Cl         2.04405  *                                  1
      3      H         1.09672  *      93.90057  *                 1    2
      4      H         1.09794  *      93.88411  *  120.13153  *   1    2    3
      5      H         1.09856  *      93.86688  * -120.18766  *   1    2    3
      6     Br         2.34967  *     179.71001  *  -55.20301  *   1    2    3


          CARTESIAN COORDINATES 

    NO.       ATOM         X         Y         Z

     1         C        0.0000    0.0000    0.0000
     2        Cl        2.0440    0.0000    0.0000
     3         H       -0.0746    1.0942    0.0000
     4         H       -0.0744   -0.5499   -0.9474
     5         H       -0.0741   -0.5511    0.9474
     6        Br       -2.3496    0.0068    0.0098
  H: (AM1): M.J.S. DEWAR ET AL, J. AM. CHEM. SOC. 107 3902-3909 (1985)          
  C: (AM1): M.J.S. DEWAR ET AL, J. AM. CHEM. SOC. 107 3902-3909 (1985)          
 Cl: (AM1): M.J.S. DEWAR AND E. G. ZOEBISCH, THEOCHEM, 180, 1 (1988).           
 Br: (AM1): M.J.S. DEWAR AND E. G. ZOEBISCH, THEOCHEM, 180, 1 (1988).           


          RHF CALCULATION, NO. OF DOUBLY OCCUPIED LEVELS = 11


            INTERATOMIC DISTANCES
0
                  C  1      Cl  2       H  3       H  4       H  5      Br  6
 ------------------------------------------------------------------------------
     C    1   0.000000
    Cl    2   2.044048   0.000000
     H    3   1.096717   2.384515   0.000000
     H    4   1.097940   2.384880   1.897500   0.000000
     H    5   1.098564   2.384921   1.898594   1.894819   0.000000
    Br    6   2.349667   4.393701   2.521564   2.530391   2.523610   0.000000

          HESSIAN CALCULATED NUMERICALLY

 CYCLE:   1 TIME:   0.00 TIME LEFT:  3600.0 GRAD.:     1.522 HEAT:-41.43420    
     WARNING! EIGENVALUE  2 TOO SMALL, REPLACED BY  0.100
 CYCLE:   2 TIME:   0.00 TIME LEFT:  3600.0 GRAD.:     0.427 HEAT:-41.43141    
     WARNING! EIGENVALUE  2 TOO SMALL, REPLACED BY  0.100
 CYCLE:   3 TIME:   0.00 TIME LEFT:  3600.0 GRAD.:     0.064 HEAT:-41.43038    

 -------------------------------------------------------------------------------
 AM1 TS CHARGE=-1
 Title
 


     GEOMETRY OPTIMISED USING EIGENVECTOR FOLLOWING (EF).     
     SCF FIELD WAS ACHIEVED                                   


                                 AM1    CALCULATION
                                                       VERSION  6.06
                                                       04-Nov-20               




          FINAL HEAT OF FORMATION =        -41.43038 KCAL


          TOTAL ENERGY            =       -897.91919 EV
          ELECTRONIC ENERGY       =      -1757.18490 EV
          CORE-CORE REPULSION     =        859.26571 EV

          IONIZATION POTENTIAL    =          3.58588
          NO. OF FILLED LEVELS    =         11
          MOLECULAR WEIGHT        =    130.392


          SCF CALCULATIONS  =               16
          COMPUTATION TIME =   0.000 SECONDS





    ATOM   CHEMICAL  BOND LENGTH    BOND ANGLE     TWIST ANGLE
   NUMBER  SYMBOL    (ANGSTROMS)     (DEGREES)      (DEGREES)
    (I)                  NA:I          NB:NA:I      NC:NB:NA:I     NA   NB   NC

      1      C       
      2     Cl         2.03259  *                                  1
      3      H         1.09838  *      94.28587  *                 1    2
      4      H         1.09838  *      94.29332  *  119.97585  *   1    2    3
      5      H         1.09836  *      94.29580  * -120.03196  *   1    2    3
      6     Br         2.35946  *     179.98230  *  -67.09458  *   1    2    3


            INTERATOMIC DISTANCES
0
                  C  1      Cl  2       H  3       H  4       H  5      Br  6
 ------------------------------------------------------------------------------
     C    1   0.000000
    Cl    2   2.032591   0.000000
     H    3   1.098376   2.381501   0.000000
     H    4   1.098383   2.381626   1.896889   0.000000
     H    5   1.098360   2.381654   1.897402   1.897019   0.000000
    Br    6   2.359455   4.392046   2.526952   2.527258   2.526702   0.000000


                  EIGENVALUES

 -29.90078 -24.64576 -21.26691 -10.30133 -10.29923  -8.44108  -6.28727  -6.28716
  -4.27403  -4.27400  -3.58588   5.67870   8.46743   8.83989   8.84143


              NET ATOMIC CHARGES AND DIPOLE CONTRIBUTIONS

         ATOM NO.   TYPE          CHARGE        ATOM  ELECTRON DENSITY
           1          C           0.0446          3.9554
           2         Cl          -0.5999          7.5999
           3          H           0.1064          0.8936
           4          H           0.1063          0.8937
           5          H           0.1064          0.8936
           6         Br          -0.7638          7.7638
 DIPOLE           X         Y         Z       TOTAL
 POINT-CHG.    -1.627     0.000     0.000     1.627
 HYBRID         0.083     0.000     0.000     0.083
 SUM           -1.544     0.000    -0.001     1.544


          CARTESIAN COORDINATES 

    NO.       ATOM               X         Y         Z

     1         C                  0.8951   -0.0002   -0.0004
     2        Cl                  2.9277   -0.0002   -0.0004
     3         H                  0.8130    1.0951   -0.0004
     4         H                  0.8129   -0.5474   -0.9492
     5         H                  0.8129   -0.5483    0.9478
     6        Br                 -1.4643    0.0001    0.0003


          ATOMIC ORBITAL ELECTRON POPULATIONS

   1.29583   0.62250   1.01853   1.01853   1.99514   1.60598   1.99941   1.99941
   0.89363   0.89371   0.89359   1.99478   1.76904   1.99997   1.99997



 TOTAL CPU TIME:             0.00 SECONDS

 == MOPAC DONE ==
