 *******************************************************************************
 ** [MOPAC] Ver.6 by James J. P. Stewart                                      **
 *******************************************************************************
 ** PDDG modification by W. L. Jorgensen et al.(Yale Univ.)                   **
 ** Additional modification by N. Senda(Tencube) and W. Sasaki(pc-chem.info)  **
 *******************************************************************************

                                 AM1 CALCULATION RESULTS


 *******************************************************************************
 *          MOPAC:  VERSION  6.06               CALC'D. 04-Nov-20               
 *
 *
 *
 *                 CHARGE ON SYSTEM = -1
 *
 *
 *
 *   T=      - A TIME OF  3600.0 SECONDS REQUESTED
 *  DUMP=N   - RESTART FILE WRITTEN EVERY  3600.0 SECONDS
 *  FORCE    - FORCE CALCULATION SPECIFIED
 *  AM1      - THE AM1 HAMILTONIAN TO BE USED
 ***********************************************************************080BY100
 AM1 FORCE CHARGE=-1
 Title
 

    ATOM   CHEMICAL  BOND LENGTH    BOND ANGLE     TWIST ANGLE
   NUMBER  SYMBOL    (ANGSTROMS)     (DEGREES)      (DEGREES)
    (I)                  NA:I          NB:NA:I      NC:NB:NA:I     NA   NB   NC

      1      C       
      2     Cl         2.03259  *                                  1
      3      H         1.09838  *      94.28587  *                 1    2
      4      H         1.09838  *      94.29332  *  119.97585  *   1    2    3
      5      H         1.09836  *      94.29580  * -120.03196  *   1    2    3
      6     Br         2.35946  *     179.98230  *  -67.09458  *   1    2    3


          CARTESIAN COORDINATES 

    NO.       ATOM         X         Y         Z

     1         C        0.0000    0.0000    0.0000
     2        Cl        2.0326    0.0000    0.0000
     3         H       -0.0821    1.0953    0.0000
     4         H       -0.0822   -0.5473   -0.9488
     5         H       -0.0823   -0.5482    0.9482
     6        Br       -2.3595    0.0003    0.0007
  H: (AM1): M.J.S. DEWAR ET AL, J. AM. CHEM. SOC. 107 3902-3909 (1985)          
  C: (AM1): M.J.S. DEWAR ET AL, J. AM. CHEM. SOC. 107 3902-3909 (1985)          
 Cl: (AM1): M.J.S. DEWAR AND E. G. ZOEBISCH, THEOCHEM, 180, 1 (1988).           
 Br: (AM1): M.J.S. DEWAR AND E. G. ZOEBISCH, THEOCHEM, 180, 1 (1988).           


          RHF CALCULATION, NO. OF DOUBLY OCCUPIED LEVELS = 11


            INTERATOMIC DISTANCES
0
                  C  1      Cl  2       H  3       H  4       H  5      Br  6
 ------------------------------------------------------------------------------
     C    1   0.000000
    Cl    2   2.032591   0.000000
     H    3   1.098376   2.381501   0.000000
     H    4   1.098383   2.381626   1.896889   0.000000
     H    5   1.098360   2.381654   1.897402   1.897019   0.000000
    Br    6   2.359455   4.392046   2.526952   2.527258   2.526702   0.000000


          HEAT OF FORMATION =  -41.430384 KCALS/MOLE


          INTERNAL COORDINATE DERIVATIVES

   NUMBER  ATOM  BOND           ANGLE          DIHEDRAL

     1     C
     2    Cl    -0.032438
     3     H    -0.020878    -0.024143
     4     H    -0.033338    -0.022628    -0.013662
     5     H    -0.024685    -0.006572    -0.035699
     6    Br    -0.029844    -0.017403    -0.000001


          GRADIENT NORM =   0.08368

          MOLECULAR WEIGHT =  130.39



           PRINCIPAL MOMENTS OF INERTIA IN CM(-1)

          A =    4.647265   B =    0.034498   C =    0.034498



           PRINCIPAL MOMENTS OF INERTIA IN UNITS OF 10**(-40)*GRAM-CM**2

          A =    6.023464   B =  811.428789   C =  811.430743


         ORIENTATION OF MOLECULE IN FORCE CALCULATION

    NO.       ATOM         X         Y         Z

     1         6        0.8951   -0.0002   -0.0004
     2        17        2.9277   -0.0002   -0.0004
     3         1        0.8130    1.0951   -0.0004
     4         1        0.8129   -0.5474   -0.9492
     5         1        0.8129   -0.5483    0.9478
     6        35       -1.4643    0.0001    0.0003


    FIRST DERIVATIVES WILL BE USED IN THE CALCULATION OF SECOND DERIVATIVES
 STEP:   1 TIME =     0.00 SECS, INTEGRAL =      0.00 TIME LEFT:   3600.00
 STEP:   2 TIME =     0.00 SECS, INTEGRAL =      0.00 TIME LEFT:   3600.00
 STEP:   3 TIME =     0.00 SECS, INTEGRAL =      0.00 TIME LEFT:   3600.00
 STEP:   4 TIME =     0.00 SECS, INTEGRAL =      0.00 TIME LEFT:   3600.00
 STEP:   5 TIME =     0.00 SECS, INTEGRAL =      0.00 TIME LEFT:   3600.00
 STEP:   6 TIME =     0.00 SECS, INTEGRAL =      0.00 TIME LEFT:   3600.00
 STEP:   7 TIME =     0.00 SECS, INTEGRAL =      0.00 TIME LEFT:   3600.00
 STEP:   8 TIME =     0.00 SECS, INTEGRAL =      0.00 TIME LEFT:   3600.00
 STEP:   9 TIME =     0.00 SECS, INTEGRAL =      0.00 TIME LEFT:   3600.00
 STEP:  10 TIME =     0.00 SECS, INTEGRAL =      0.00 TIME LEFT:   3600.00
 STEP:  11 TIME =     0.00 SECS, INTEGRAL =      0.00 TIME LEFT:   3600.00
 STEP:  12 TIME =     0.00 SECS, INTEGRAL =      0.00 TIME LEFT:   3600.00
 STEP:  13 TIME =     0.00 SECS, INTEGRAL =      0.00 TIME LEFT:   3600.00
 STEP:  14 TIME =     0.00 SECS, INTEGRAL =      0.00 TIME LEFT:   3600.00
 STEP:  15 TIME =     0.00 SECS, INTEGRAL =      0.00 TIME LEFT:   3600.00
 STEP:  16 TIME =     0.00 SECS, INTEGRAL =      0.00 TIME LEFT:   3600.00
 STEP:  17 TIME =     0.00 SECS, INTEGRAL =      0.00 TIME LEFT:   3600.00
 STEP:  18 TIME =     0.00 SECS, INTEGRAL =      0.00 TIME LEFT:   3600.00


           FORCE MATRIX IN MILLIDYNES/ANGSTROM
0
                  C  1      Cl  2       H  3       H  4       H  5      Br  6
 ------------------------------------------------------------------------------
     C    1   6.259727
    Cl    2   0.286974   0.630746
     H    3   2.518386   0.232969   2.811189
     H    4   2.518158   0.232877   0.226468   2.811116
     H    5   2.518470   0.232944   0.226208   0.226409   2.811235
    Br    6   0.303192   0.230623   0.151249   0.151140   0.151299   0.362869


          HEAT OF FORMATION =  -41.430384 KCALS/MOLE


           ZERO POINT ENERGY      22.001 KILOCALORIES PER MOLE


    THE LAST 6 VIBRATIONS ARE THE TRANSLATION AND ROTATION MODES
    THE FIRST THREE OF THESE BEING TRANSLATIONS IN X, Y, AND Z, RESPECTIVELY


           NORMAL COORDINATE ANALYSIS




    ROOT NO.    1           2           3           4           5           6

          -404.09149   198.29910   198.34900   218.63767   973.73977   973.87043
  
         1   0.49615     0.00000    -0.00015    -0.03114    -0.00007    -0.00001
         2   0.00000     0.26977     0.00840     0.00017     0.01110    -0.02617
         3  -0.00014     0.00840    -0.26977     0.00104     0.02518     0.01153
         4  -0.06530     0.00007    -0.00033    -0.26041     0.00003     0.00001
         5  -0.00001    -0.06105    -0.00190    -0.00002    -0.00465     0.01098
         6   0.00001    -0.00190     0.06105    -0.00019    -0.01056    -0.00484
         7  -0.05104     0.07327     0.00208    -0.10695    -0.30125     0.70897
         8  -0.02962     0.27569     0.00859     0.00104    -0.01327     0.03121
         9  -0.00014     0.00891    -0.30015     0.00114    -0.02743    -0.01263
        10  -0.05052    -0.03855     0.06214    -0.10720     0.74072    -0.08396
        11   0.01486     0.29319     0.01948    -0.00028    -0.01358     0.02874
        12   0.02553    -0.00150    -0.28199     0.00033    -0.02993    -0.01229
        13  -0.05126    -0.03462    -0.06473    -0.10676    -0.44071    -0.62575
        14   0.01492     0.29460    -0.00120    -0.00021    -0.01124     0.02988
        15  -0.02585     0.01951    -0.28135     0.00183    -0.02900    -0.01466
        16  -0.04368    -0.00003     0.00018     0.12427     0.00001     0.00001
        17   0.00000    -0.02436    -0.00076    -0.00002     0.00088    -0.00207
        18   0.00002    -0.00076     0.02436    -0.00011     0.00199     0.00091




    ROOT NO.    7           8           9          10          11          12

          1091.90422  1323.14788  1323.43533  3167.30506  3169.74804  3169.99131
  
         1  -0.00087    -0.00001     0.00000    -0.00716     0.00010    -0.00001
         2   0.00001    -0.06039    -0.06730     0.00053     0.05307     0.06950
         3   0.00002    -0.06819     0.05961     0.00091     0.06765    -0.05451
         4  -0.02598     0.00000     0.00000    -0.00090     0.00001     0.00000
         5   0.00000     0.00083     0.00092     0.00000     0.00006     0.00008
         6  -0.00001     0.00093    -0.00082     0.00000     0.00008    -0.00006
         7   0.50925    -0.03560    -0.03973     0.03493     0.03380     0.04489
         8   0.03452    -0.03781    -0.04202    -0.52250    -0.43717    -0.58201
         9  -0.00010     0.54207    -0.47428     0.00029     0.02632    -0.02126
        10   0.50971     0.05273    -0.01055     0.03396    -0.05549     0.00814
        11  -0.01730     0.09772     0.61253     0.25436    -0.35503     0.08219
        12  -0.02996    -0.12076    -0.34034     0.44095    -0.62500     0.07428
        13   0.50855    -0.01690     0.05032     0.03501     0.02026    -0.05292
        14  -0.01738     0.60386     0.16927     0.26175     0.15754    -0.33145
        15   0.02985     0.32822     0.15943    -0.45217    -0.21045     0.59898
        16  -0.00761     0.00000     0.00000     0.00016     0.00000     0.00000
        17   0.00000     0.00034     0.00038     0.00000     0.00000     0.00000
        18   0.00001     0.00038    -0.00033     0.00000     0.00000     0.00000




    ROOT NO.   13          14          15          16          17          18

             0.00031     0.00076    -0.00062   -10.03348    -2.29376    -1.75808
  
         1  -0.14367     0.00000     0.00000     0.00000     0.00004    -0.00001
         2   0.00000    -0.14367     0.00000     0.00012     0.04650     0.06161
         3   0.00000     0.00000     0.14367    -0.00005     0.06158    -0.04652
         4  -0.14367     0.00000     0.00000     0.00000     0.00004    -0.00001
         5   0.00000    -0.14367     0.00000    -0.00003     0.15208     0.20151
         6   0.00000     0.00000     0.14367     0.00001     0.20141    -0.15216
         7  -0.14367     0.00000     0.00000     0.00008    -0.05686    -0.07540
         8   0.00000    -0.14367     0.00000     0.00013     0.04223     0.05596
         9   0.00000     0.00000     0.14367     0.52059     0.05594    -0.04224
        10  -0.14367     0.00000     0.00000    -0.00001     0.09373    -0.01165
        11   0.00000    -0.14367     0.00000     0.45113     0.04223     0.05597
        12   0.00000     0.00000     0.14367    -0.26019     0.05592    -0.04226
        13  -0.14367     0.00000     0.00000    -0.00007    -0.03672     0.08700
        14   0.00000    -0.14367     0.00000    -0.45060     0.04222     0.05593
        15   0.00000     0.00000     0.14367    -0.26062     0.05592    -0.04225
        16  -0.14367     0.00000     0.00000     0.00000    -0.00002     0.00001
        17   0.00000    -0.14367     0.00000    -0.00001    -0.07606    -0.10079
        18   0.00000     0.00000     0.14367     0.00001    -0.10074     0.07610


           MASS-WEIGHTED COORDINATE ANALYSIS




    ROOT NO.    1           2           3           4           5           6

          -404.09149   198.29910   198.34900   218.63767   973.73977   973.87043
  
         1   0.95077     0.00001    -0.00045    -0.05622    -0.00026    -0.00005
         2   0.00000     0.81563     0.02541     0.00031     0.04153    -0.09421
         3  -0.00026     0.02539    -0.81562     0.00187     0.09422     0.04151
         4  -0.21499     0.00035    -0.00174    -0.80779     0.00020     0.00008
         5  -0.00003    -0.31710    -0.00988    -0.00006    -0.02993     0.06792
         6   0.00004    -0.00988     0.31710    -0.00059    -0.06792    -0.02993
         7  -0.02833     0.06417     0.00182    -0.05594    -0.32662     0.73928
         8  -0.01644     0.24146     0.00753     0.00054    -0.01439     0.03254
         9  -0.00008     0.00781    -0.26288     0.00059    -0.02974    -0.01317
        10  -0.02804    -0.03376     0.05443    -0.05607     0.80309    -0.08755
        11   0.00825     0.25679     0.01706    -0.00015    -0.01472     0.02997
        12   0.01417    -0.00132    -0.24697     0.00017    -0.03245    -0.01281
        13  -0.02846    -0.03032    -0.05669    -0.05584    -0.47782    -0.65250
        14   0.00828     0.25802    -0.00105    -0.00011    -0.01219     0.03115
        15  -0.01435     0.01709    -0.24642     0.00096    -0.03144    -0.01529
        16  -0.21589    -0.00025     0.00138     0.57872     0.00012     0.00005
        17   0.00001    -0.18994    -0.00592    -0.00011     0.00847    -0.01924
        18   0.00010    -0.00592     0.18994    -0.00052     0.01923     0.00848




    ROOT NO.    7           8           9          10          11          12

          1091.90422  1323.14788  1323.43533  3167.30506  3169.74804  3169.99131
  
         1  -0.00334    -0.00005    -0.00001    -0.02746     0.00037    -0.00002
         2   0.00004    -0.22036    -0.24873     0.00205     0.19636     0.25042
         3   0.00007    -0.24882     0.22030     0.00351     0.25034    -0.19642
         4  -0.17123    -0.00002     0.00000    -0.00590     0.00007    -0.00001
         5   0.00000     0.00519     0.00585     0.00000     0.00039     0.00050
         6  -0.00008     0.00586    -0.00518     0.00001     0.00050    -0.00039
         7   0.56594    -0.03763    -0.04254     0.03883     0.03623     0.04685
         8   0.03836    -0.03997    -0.04499    -0.58078    -0.46861    -0.60746
         9  -0.00011     0.57296    -0.50778     0.00032     0.02822    -0.02219
        10   0.56646     0.05573    -0.01129     0.03775    -0.05948     0.00850
        11  -0.01923     0.10329     0.65579     0.28273    -0.38056     0.08579
        12  -0.03330    -0.12764    -0.36438     0.49014    -0.66995     0.07753
        13   0.56516    -0.01786     0.05388     0.03892     0.02171    -0.05523
        14  -0.01932     0.63828     0.18123     0.29095     0.16887    -0.34594
        15   0.03317     0.34693     0.17069    -0.50261    -0.22559     0.62517
        16  -0.07531     0.00000     0.00000     0.00161    -0.00002     0.00000
        17   0.00001     0.00318     0.00359     0.00000     0.00001     0.00002
        18   0.00005     0.00359    -0.00317     0.00000     0.00002    -0.00001




    ROOT NO.   13          14          15          16          17          18

             0.00088     0.00088     0.00000   -10.03348    -2.29376    -1.75808
  
         1  -0.30350     0.00000     0.00000     0.00000     0.00007    -0.00002
         2   0.00000    -0.30350     0.00000     0.00048     0.08457     0.11200
         3   0.00000     0.00000     0.30350    -0.00020     0.11200    -0.08457
         4  -0.52144     0.00000     0.00000     0.00000     0.00012    -0.00003
         5   0.00000    -0.52144     0.00000    -0.00022     0.47520     0.62934
         6   0.00000     0.00000     0.52144     0.00008     0.62934    -0.47520
         7  -0.08792     0.00000     0.00000     0.00009    -0.02996    -0.03970
         8   0.00000    -0.08792     0.00000     0.00014     0.02225     0.02947
         9   0.00000     0.00000     0.08792     0.57729     0.02947    -0.02224
        10  -0.08792     0.00000     0.00000    -0.00001     0.04938    -0.00614
        11   0.00000    -0.08792     0.00000     0.50027     0.02225     0.02947
        12   0.00000     0.00000     0.08792    -0.28853     0.02946    -0.02225
        13  -0.08792     0.00000     0.00000    -0.00008    -0.01935     0.04581
        14   0.00000    -0.08792     0.00000    -0.49969     0.02224     0.02945
        15   0.00000     0.00000     0.08792    -0.28901     0.02946    -0.02225
        16  -0.78282     0.00000     0.00000     0.00000    -0.00011     0.00003
        17   0.00000    -0.78282     0.00000    -0.00012    -0.35681    -0.47255
        18   0.00000     0.00000     0.78282     0.00005    -0.47255     0.35681
1

          DESCRIPTION OF VIBRATIONS


 VIBRATION   1            ATOM PAIR      ENERGY CONTRIBUTION              RADIAL
 FREQ.     -404.09       C 1 -- Cl 2          -21.0% (-92.3%)             100.0%
 T-DIPOLE  11.5097       C 1 -- Br 6          -20.9%                      100.0%
 TRAVEL     0.1102       C 1 --  H 5          -19.4%                        0.3%
 RED. MASS  6.8669       C 1 --  H 3          -19.4%                        0.3%
                         C 1 --  H 4          -19.3%                        0.3%

 VIBRATION   2            ATOM PAIR      ENERGY CONTRIBUTION              RADIAL
 FREQ.      198.30       C 1 -- Cl 2           24.4% (462.7%)               0.0%
 T-DIPOLE   0.6014       C 1 -- Br 6           24.2%                        0.0%
 TRAVEL     0.0495       C 1 --  H 5           19.9%                       24.0%
 RED. MASS 69.4577       C 1 --  H 4           19.4%                       29.4%
                         C 1 --  H 3           12.1%                       99.8%

 VIBRATION   3            ATOM PAIR      ENERGY CONTRIBUTION              RADIAL
 FREQ.      198.35       C 1 -- Cl 2           24.4% (462.5%)               0.0%
 T-DIPOLE   0.6014       C 1 -- Br 6           24.2%                        0.0%
 TRAVEL     0.0495       C 1 --  H 3           22.1%                        0.1%
 RED. MASS 69.4197       C 1 --  H 4           14.9%                       73.9%
                         C 1 --  H 5           14.4%                       79.0%

 VIBRATION   4            ATOM PAIR      ENERGY CONTRIBUTION              RADIAL
 FREQ.      218.64       C 1 -- Cl 2           78.9% ( 93.1%)             100.0%
 T-DIPOLE   2.2706       C 1 --  H 4            5.4%                       90.8%
 TRAVEL     0.0781       C 1 --  H 3            5.4%                        2.7%
 RED. MASS 25.2466       C 1 --  H 5            5.4%                       32.5%

 VIBRATION   5            ATOM PAIR      ENERGY CONTRIBUTION              RADIAL
 FREQ.      973.74       C 1 --  H 4           62.6% ( 83.8%)               0.9%
 T-DIPOLE   0.0805       C 1 --  H 5           23.2%                        0.9%
 TRAVEL     0.2391       C 1 --  H 3           11.7%                        0.8%
 RED. MASS  0.6056       C 1 -- Cl 2            1.3%                        0.0%

 VIBRATION   6            ATOM PAIR      ENERGY CONTRIBUTION              RADIAL
 FREQ.      973.87       C 1 --  H 3           53.3% ( 77.3%)               0.9%
 T-DIPOLE   0.0805       C 1 --  H 5           41.9%                        0.9%
 TRAVEL     0.2391       C 1 --  H 4            2.3%                        0.3%
 RED. MASS  0.6056       C 1 -- Cl 2            1.3%                        0.0%

 VIBRATION   7            ATOM PAIR      ENERGY CONTRIBUTION              RADIAL
 FREQ.     1091.90       C 1 --  H 4           33.3% ( 52.3%)               0.0%
 T-DIPOLE   0.9819       C 1 --  H 3           33.3%                        0.0%
 TRAVEL     0.2087       C 1 --  H 5           33.2%                        0.0%
 RED. MASS  0.7090       C 1 -- Cl 2            0.2%                      100.0%

 VIBRATION   8            ATOM PAIR      ENERGY CONTRIBUTION              RADIAL
 FREQ.     1323.15       C 1 --  H 5           47.0% ( 68.9%)               0.7%
 T-DIPOLE   0.0332       C 1 --  H 3           31.0%                        4.7%
 TRAVEL     0.1583       C 1 -- Cl 2            7.8%                        0.0%
 RED. MASS  1.0163       C 1 -- Br 6            7.8%                        0.0%

 VIBRATION   9            ATOM PAIR      ENERGY CONTRIBUTION              RADIAL
 FREQ.     1323.44       C 1 --  H 4           49.9% ( 70.9%)               0.3%
 T-DIPOLE   0.0330       C 1 --  H 3           25.3%                        7.4%
 TRAVEL     0.1583       C 1 --  H 5            9.2%                       35.9%
 RED. MASS  1.0160       C 1 -- Cl 2            7.8%                        0.0%
1

 VIBRATION  10            ATOM PAIR      ENERGY CONTRIBUTION              RADIAL
 FREQ.     3167.31       C 1 --  H 3           34.0% ( 56.3%)              99.8%
 T-DIPOLE   0.0798       C 1 --  H 5           34.0%                       99.8%
 TRAVEL     0.1450       C 1 --  H 4           32.1%                       99.8%
 RED. MASS  0.5060

 VIBRATION  11            ATOM PAIR      ENERGY CONTRIBUTION              RADIAL
 FREQ.     3169.75       C 1 --  H 4           63.8% ( 82.8%)              99.8%
 T-DIPOLE   0.1937       C 1 --  H 3           24.4%                       89.9%
 TRAVEL     0.1159       C 1 --  H 5            9.4%                       69.8%
 RED. MASS  0.7922       C 1 -- Br 6            1.2%                        0.0%

 VIBRATION  12            ATOM PAIR      ENERGY CONTRIBUTION              RADIAL
 FREQ.     3169.99       C 1 --  H 5           55.1% ( 77.0%)              98.9%
 T-DIPOLE   0.1944       C 1 --  H 3           40.1%                       96.0%
 TRAVEL     0.1158       C 1 --  H 4            2.4%                       23.6%
 RED. MASS  0.7924       C 1 -- Br 6            1.2%                        0.0%



 TOTAL CPU TIME:             0.00 SECONDS

 == MOPAC DONE ==
